

================================================================
== Vivado HLS Report for 'blockControl173'
================================================================
* Date:           Sat May 15 00:01:25 2021

* Version:        2018.3 (Build 2405991 on Thu Dec 06 23:56:15 MST 2018)
* Project:        hls_gapjuntion_prj
* Solution:       solution1
* Product family: zynq
* Target device:  xc7z045ffg900-2


================================================================
== Performance Estimates
================================================================
+ Timing (ns): 
    * Summary: 
    +--------+-------+----------+------------+
    |  Clock | Target| Estimated| Uncertainty|
    +--------+-------+----------+------------+
    |ap_clk  |   5.00|     2.188|        0.62|
    +--------+-------+----------+------------+

+ Latency (clock cycles): 
    * Summary: 
    +-----+------+-----+------+---------+
    |   Latency  |  Interval  | Pipeline|
    | min |  max | min |  max |   Type  |
    +-----+------+-----+------+---------+
    |    4|  5002|    4|  5002|   none  |
    +-----+------+-----+------+---------+

    + Detail: 
        * Instance: 
        +------------------------+-------------+-----+------+-----+------+---------+
        |                        |             |   Latency  |  Interval  | Pipeline|
        |        Instance        |    Module   | min |  max | min |  max |   Type  |
        +------------------------+-------------+-----+------+-----+------+---------+
        |grp_getVoltages_fu_118  |getVoltages  |    3|  5001|    3|  5001|   none  |
        +------------------------+-------------+-----+------+-----+------+---------+

        * Loop: 
        N/A



================================================================
== Utilization Estimates
================================================================
* Summary: 
+-----------------+---------+-------+--------+--------+
|       Name      | BRAM_18K| DSP48E|   FF   |   LUT  |
+-----------------+---------+-------+--------+--------+
|DSP              |        -|      -|       -|       -|
|Expression       |        -|      -|       0|       2|
|FIFO             |        -|      -|       -|       -|
|Instance         |        -|      -|     121|      63|
|Memory           |        -|      -|       -|       -|
|Multiplexer      |        -|      -|       -|      36|
|Register         |        -|      -|       5|       -|
+-----------------+---------+-------+--------+--------+
|Total            |        0|      0|     126|     101|
+-----------------+---------+-------+--------+--------+
|Available        |     1090|    900|  437200|  218600|
+-----------------+---------+-------+--------+--------+
|Utilization (%)  |        0|      0|   ~0   |   ~0   |
+-----------------+---------+-------+--------+--------+

+ Detail: 
    * Instance: 
    +------------------------+-------------+---------+-------+-----+----+
    |        Instance        |    Module   | BRAM_18K| DSP48E|  FF | LUT|
    +------------------------+-------------+---------+-------+-----+----+
    |grp_getVoltages_fu_118  |getVoltages  |        0|      0|  121|  63|
    +------------------------+-------------+---------+-------+-----+----+
    |Total                   |             |        0|      0|  121|  63|
    +------------------------+-------------+---------+-------+-----+----+

    * DSP48: 
    N/A

    * Memory: 
    N/A

    * FIFO: 
    N/A

    * Expression: 
    +-----------------+----------+-------+---+----+------------+------------+
    |  Variable Name  | Operation| DSP48E| FF| LUT| Bitwidth P0| Bitwidth P1|
    +-----------------+----------+-------+---+----+------------+------------+
    |ap_block_state1  |    or    |      0|  0|   1|           1|           1|
    |ap_block_state2  |    or    |      0|  0|   1|           1|           1|
    +-----------------+----------+-------+---+----+------------+------------+
    |Total            |          |      0|  0|   2|           2|           2|
    +-----------------+----------+-------+---+----+------------+------------+

    * Multiplexer: 
    +--------------------------------------+----+-----------+-----+-----------+
    |                 Name                 | LUT| Input Size| Bits| Total Bits|
    +--------------------------------------+----+-----------+-----+-----------+
    |V_data_V_data_0_write                 |   3|          2|    1|          2|
    |V_data_V_data_1_write                 |   3|          2|    1|          2|
    |V_data_V_data_2_write                 |   3|          2|    1|          2|
    |V_data_V_data_3_write                 |   3|          2|    1|          2|
    |ap_NS_fsm                             |   3|          3|    1|          3|
    |ap_done                               |   3|          2|    1|          2|
    |input_V_data_TREADY                   |   3|          2|    1|          2|
    |real_start                            |   3|          2|    1|          2|
    |simConfig_BLOCK_NUMBERS_V_out_blk_n   |   3|          2|    1|          2|
    |simConfig_rowBegin_V_out_blk_n        |   3|          2|    1|          2|
    |simConfig_rowEnd_V_out_blk_n          |   3|          2|    1|          2|
    |simConfig_rowsToSimulate_V_out_blk_n  |   3|          2|    1|          2|
    +--------------------------------------+----+-----------+-----+-----------+
    |Total                                 |  36|         25|   12|         25|
    +--------------------------------------+----+-----------+-----+-----------+

    * Register: 
    +-------------------------------------+---+----+-----+-----------+
    |                 Name                | FF| LUT| Bits| Const Bits|
    +-------------------------------------+---+----+-----+-----------+
    |ap_CS_fsm                            |  2|   0|    2|          0|
    |ap_done_reg                          |  1|   0|    1|          0|
    |grp_getVoltages_fu_118_ap_start_reg  |  1|   0|    1|          0|
    |start_once_reg                       |  1|   0|    1|          0|
    +-------------------------------------+---+----+-----+-----------+
    |Total                                |  5|   0|    5|          0|
    +-------------------------------------+---+----+-----+-----------+



================================================================
== Interface
================================================================
* Summary: 
+---------------------------------------+-----+-----+------------+--------------------------------+--------------+
|               RTL Ports               | Dir | Bits|  Protocol  |          Source Object         |    C Type    |
+---------------------------------------+-----+-----+------------+--------------------------------+--------------+
|ap_clk                                 |  in |    1| ap_ctrl_hs |         blockControl173        | return value |
|ap_rst                                 |  in |    1| ap_ctrl_hs |         blockControl173        | return value |
|ap_start                               |  in |    1| ap_ctrl_hs |         blockControl173        | return value |
|start_full_n                           |  in |    1| ap_ctrl_hs |         blockControl173        | return value |
|ap_done                                | out |    1| ap_ctrl_hs |         blockControl173        | return value |
|ap_continue                            |  in |    1| ap_ctrl_hs |         blockControl173        | return value |
|ap_idle                                | out |    1| ap_ctrl_hs |         blockControl173        | return value |
|ap_ready                               | out |    1| ap_ctrl_hs |         blockControl173        | return value |
|start_out                              | out |    1| ap_ctrl_hs |         blockControl173        | return value |
|start_write                            | out |    1| ap_ctrl_hs |         blockControl173        | return value |
|input_V_data_TDATA                     |  in |   64|    axis    |          input_V_data          |    pointer   |
|input_V_data_TVALID                    |  in |    1|    axis    |          input_V_data          |    pointer   |
|input_V_data_TREADY                    | out |    1|    axis    |          input_V_data          |    pointer   |
|V_SIZE                                 |  in |   32|  ap_stable |             V_SIZE             |    scalar    |
|p_read                                 |  in |   27|  ap_stable |             p_read             |    scalar    |
|p_read1                                |  in |   27|  ap_stable |             p_read1            |    scalar    |
|p_read2                                |  in |   27|  ap_stable |             p_read2            |    scalar    |
|p_read3                                |  in |   27|  ap_stable |             p_read3            |    scalar    |
|simConfig_rowBegin_V_out_din           | out |   27|   ap_fifo  |    simConfig_rowBegin_V_out    |    pointer   |
|simConfig_rowBegin_V_out_full_n        |  in |    1|   ap_fifo  |    simConfig_rowBegin_V_out    |    pointer   |
|simConfig_rowBegin_V_out_write         | out |    1|   ap_fifo  |    simConfig_rowBegin_V_out    |    pointer   |
|simConfig_rowEnd_V_out_din             | out |   27|   ap_fifo  |     simConfig_rowEnd_V_out     |    pointer   |
|simConfig_rowEnd_V_out_full_n          |  in |    1|   ap_fifo  |     simConfig_rowEnd_V_out     |    pointer   |
|simConfig_rowEnd_V_out_write           | out |    1|   ap_fifo  |     simConfig_rowEnd_V_out     |    pointer   |
|simConfig_rowsToSimulate_V_out_din     | out |   27|   ap_fifo  | simConfig_rowsToSimulate_V_out |    pointer   |
|simConfig_rowsToSimulate_V_out_full_n  |  in |    1|   ap_fifo  | simConfig_rowsToSimulate_V_out |    pointer   |
|simConfig_rowsToSimulate_V_out_write   | out |    1|   ap_fifo  | simConfig_rowsToSimulate_V_out |    pointer   |
|simConfig_BLOCK_NUMBERS_V_out_din      | out |   27|   ap_fifo  |  simConfig_BLOCK_NUMBERS_V_out |    pointer   |
|simConfig_BLOCK_NUMBERS_V_out_full_n   |  in |    1|   ap_fifo  |  simConfig_BLOCK_NUMBERS_V_out |    pointer   |
|simConfig_BLOCK_NUMBERS_V_out_write    | out |    1|   ap_fifo  |  simConfig_BLOCK_NUMBERS_V_out |    pointer   |
|V_data_V_data_0_din                    | out |   32|   ap_fifo  |         V_data_V_data_0        |    pointer   |
|V_data_V_data_0_full_n                 |  in |    1|   ap_fifo  |         V_data_V_data_0        |    pointer   |
|V_data_V_data_0_write                  | out |    1|   ap_fifo  |         V_data_V_data_0        |    pointer   |
|V_data_V_data_1_din                    | out |   32|   ap_fifo  |         V_data_V_data_1        |    pointer   |
|V_data_V_data_1_full_n                 |  in |    1|   ap_fifo  |         V_data_V_data_1        |    pointer   |
|V_data_V_data_1_write                  | out |    1|   ap_fifo  |         V_data_V_data_1        |    pointer   |
|V_data_V_data_2_din                    | out |   32|   ap_fifo  |         V_data_V_data_2        |    pointer   |
|V_data_V_data_2_full_n                 |  in |    1|   ap_fifo  |         V_data_V_data_2        |    pointer   |
|V_data_V_data_2_write                  | out |    1|   ap_fifo  |         V_data_V_data_2        |    pointer   |
|V_data_V_data_3_din                    | out |   32|   ap_fifo  |         V_data_V_data_3        |    pointer   |
|V_data_V_data_3_full_n                 |  in |    1|   ap_fifo  |         V_data_V_data_3        |    pointer   |
|V_data_V_data_3_write                  | out |    1|   ap_fifo  |         V_data_V_data_3        |    pointer   |
+---------------------------------------+-----+-----+------------+--------------------------------+--------------+

============================================================
+ Verbose Summary: Synthesis Manager
============================================================
InlineROM: 1
ExposeGlobal: 0
============================================================
+ Verbose Summary: CDFG Model
============================================================
IsTopModel: 0
ResetActiveHigh: 1
IsCombinational: 2
IsDatapathOnly: 0
HasWiredReturn: 1
HasMFsm: 0
HasVarLatency: 1
IsPipeline: 0
IsRtlPipelined: 0
IsInstanceOverlapped: 0
IsDontTouch: 0
HasImplIP: 0
IsGatedGlobalClock: 0


============================================================
+ Verbose Summary: Schedule
============================================================
* Number of FSM states : 2
* Pipeline : 0
* Dataflow Pipeline: 0

* FSM state transitions: 
1 --> 
	2  / true
2 --> 

* FSM state operations: 

State 1 <SV = 0> <Delay = 2.18>
ST_1 : Operation 3 [1/1] (0.00ns)   --->   "%V_SIZE_read = call i32 @_ssdm_op_Read.ap_auto.i32(i32 %V_SIZE)"   --->   Operation 3 'read' 'V_SIZE_read' <Predicate = true> <Delay = 0.00>
ST_1 : Operation 4 [2/2] (2.18ns)   --->   "call fastcc void @getVoltages(i64* %input_V_data, i32 %V_SIZE_read)"   --->   Operation 4 'call' <Predicate = true> <Delay = 2.18> <CoreType = "Generic">   --->   Core 0 '' <Latency = 0> <II = 1> <Delay = 1.00> <Generic> <Opcode : >

State 2 <SV = 1> <Delay = 2.18>
ST_2 : Operation 5 [1/1] (0.00ns)   --->   "call void (...)* @_ssdm_op_SpecInterface(i64* %input_V_data, [5 x i8]* @p_str834, i32 0, i32 0, [5 x i8]* @p_str935, i32 0, i32 0, [1 x i8]* @p_str127, [1 x i8]* @p_str127, [1 x i8]* @p_str127, i32 0, i32 0, i32 0, i32 0, [1 x i8]* @p_str127, [1 x i8]* @p_str127) nounwind"   --->   Operation 5 'specinterface' <Predicate = true> <Delay = 0.00>
ST_2 : Operation 6 [1/1] (0.00ns)   --->   "call void (...)* @_ssdm_op_SpecInterface(i64* %input_V_data, [5 x i8]* @p_str834, i32 0, i32 0, [5 x i8]* @p_str935, i32 0, i32 0, [1 x i8]* @p_str127, [1 x i8]* @p_str127, [1 x i8]* @p_str127, i32 0, i32 0, i32 0, i32 0, [1 x i8]* @p_str127, [1 x i8]* @p_str127) nounwind"   --->   Operation 6 'specinterface' <Predicate = true> <Delay = 0.00>
ST_2 : Operation 7 [1/1] (0.00ns)   --->   "call void (...)* @_ssdm_op_SpecInterface(float* @V_data_V_data_0, [8 x i8]* @ap_fifo_str, i32 0, i32 0, [1 x i8]* @p_str, i32 0, i32 0, [1 x i8]* @p_str, [1 x i8]* @p_str, [1 x i8]* @p_str, i32 2, i32 2, i32 16, i32 16, [1 x i8]* @p_str, [1 x i8]* @p_str)"   --->   Operation 7 'specinterface' <Predicate = true> <Delay = 0.00>
ST_2 : Operation 8 [1/1] (0.00ns)   --->   "call void (...)* @_ssdm_op_SpecInterface(float* @V_data_V_data_0, [8 x i8]* @ap_fifo_str, i32 0, i32 0, [1 x i8]* @p_str, i32 0, i32 0, [1 x i8]* @p_str, [1 x i8]* @p_str, [1 x i8]* @p_str, i32 2, i32 2, i32 16, i32 16, [1 x i8]* @p_str, [1 x i8]* @p_str)"   --->   Operation 8 'specinterface' <Predicate = true> <Delay = 0.00>
ST_2 : Operation 9 [1/1] (0.00ns)   --->   "call void (...)* @_ssdm_op_SpecInterface(float* @V_data_V_data_1, [8 x i8]* @ap_fifo_str, i32 0, i32 0, [1 x i8]* @p_str, i32 0, i32 0, [1 x i8]* @p_str, [1 x i8]* @p_str, [1 x i8]* @p_str, i32 2, i32 2, i32 16, i32 16, [1 x i8]* @p_str, [1 x i8]* @p_str)"   --->   Operation 9 'specinterface' <Predicate = true> <Delay = 0.00>
ST_2 : Operation 10 [1/1] (0.00ns)   --->   "call void (...)* @_ssdm_op_SpecInterface(float* @V_data_V_data_1, [8 x i8]* @ap_fifo_str, i32 0, i32 0, [1 x i8]* @p_str, i32 0, i32 0, [1 x i8]* @p_str, [1 x i8]* @p_str, [1 x i8]* @p_str, i32 2, i32 2, i32 16, i32 16, [1 x i8]* @p_str, [1 x i8]* @p_str)"   --->   Operation 10 'specinterface' <Predicate = true> <Delay = 0.00>
ST_2 : Operation 11 [1/1] (0.00ns)   --->   "call void (...)* @_ssdm_op_SpecInterface(float* @V_data_V_data_2, [8 x i8]* @ap_fifo_str, i32 0, i32 0, [1 x i8]* @p_str, i32 0, i32 0, [1 x i8]* @p_str, [1 x i8]* @p_str, [1 x i8]* @p_str, i32 2, i32 2, i32 16, i32 16, [1 x i8]* @p_str, [1 x i8]* @p_str)"   --->   Operation 11 'specinterface' <Predicate = true> <Delay = 0.00>
ST_2 : Operation 12 [1/1] (0.00ns)   --->   "call void (...)* @_ssdm_op_SpecInterface(float* @V_data_V_data_2, [8 x i8]* @ap_fifo_str, i32 0, i32 0, [1 x i8]* @p_str, i32 0, i32 0, [1 x i8]* @p_str, [1 x i8]* @p_str, [1 x i8]* @p_str, i32 2, i32 2, i32 16, i32 16, [1 x i8]* @p_str, [1 x i8]* @p_str)"   --->   Operation 12 'specinterface' <Predicate = true> <Delay = 0.00>
ST_2 : Operation 13 [1/1] (0.00ns)   --->   "call void (...)* @_ssdm_op_SpecInterface(float* @V_data_V_data_3, [8 x i8]* @ap_fifo_str, i32 0, i32 0, [1 x i8]* @p_str, i32 0, i32 0, [1 x i8]* @p_str, [1 x i8]* @p_str, [1 x i8]* @p_str, i32 2, i32 2, i32 16, i32 16, [1 x i8]* @p_str, [1 x i8]* @p_str)"   --->   Operation 13 'specinterface' <Predicate = true> <Delay = 0.00>
ST_2 : Operation 14 [1/1] (0.00ns)   --->   "call void (...)* @_ssdm_op_SpecInterface(float* @V_data_V_data_3, [8 x i8]* @ap_fifo_str, i32 0, i32 0, [1 x i8]* @p_str, i32 0, i32 0, [1 x i8]* @p_str, [1 x i8]* @p_str, [1 x i8]* @p_str, i32 2, i32 2, i32 16, i32 16, [1 x i8]* @p_str, [1 x i8]* @p_str)"   --->   Operation 14 'specinterface' <Predicate = true> <Delay = 0.00>
ST_2 : Operation 15 [1/1] (0.00ns)   --->   "call void (...)* @_ssdm_op_SpecInterface(i27* %simConfig_rowBegin_V_out, [8 x i8]* @ap_fifo_str, i32 0, i32 0, [1 x i8]* @p_str, i32 0, i32 0, [1 x i8]* @p_str, [1 x i8]* @p_str, [1 x i8]* @p_str, i32 2, i32 2, i32 16, i32 16, [1 x i8]* @p_str, [11 x i8]* @ScalarProp_str)"   --->   Operation 15 'specinterface' <Predicate = true> <Delay = 0.00>
ST_2 : Operation 16 [1/1] (0.00ns)   --->   "%p_read_1 = call i27 @_ssdm_op_Read.ap_auto.i27(i27 %p_read3)"   --->   Operation 16 'read' 'p_read_1' <Predicate = true> <Delay = 0.00>
ST_2 : Operation 17 [1/1] (0.00ns)   --->   "%p_read_2 = call i27 @_ssdm_op_Read.ap_auto.i27(i27 %p_read2)"   --->   Operation 17 'read' 'p_read_2' <Predicate = true> <Delay = 0.00>
ST_2 : Operation 18 [1/1] (0.00ns)   --->   "%p_read_3 = call i27 @_ssdm_op_Read.ap_auto.i27(i27 %p_read1)"   --->   Operation 18 'read' 'p_read_3' <Predicate = true> <Delay = 0.00>
ST_2 : Operation 19 [1/1] (0.00ns)   --->   "%p_read_4 = call i27 @_ssdm_op_Read.ap_auto.i27(i27 %p_read)"   --->   Operation 19 'read' 'p_read_4' <Predicate = true> <Delay = 0.00>
ST_2 : Operation 20 [1/1] (2.18ns)   --->   "call void @_ssdm_op_Write.ap_fifo.i27P(i27* %simConfig_rowBegin_V_out, i27 %p_read_4)"   --->   Operation 20 'write' <Predicate = true> <Delay = 2.18> <Core = "FIFO_SRL">   --->   Core 36 'FIFO_SRL' <Latency = 0> <II = 1> <Delay = 3.40> <Storage> <Opcode : 'read' 'write' 'nbread' 'nbwrite'> <Ports = 0> <Width = 27> <Depth = 0> <FIFO>
ST_2 : Operation 21 [1/1] (0.00ns)   --->   "call void (...)* @_ssdm_op_SpecInterface(i27* %simConfig_rowEnd_V_out, [8 x i8]* @ap_fifo_str, i32 0, i32 0, [1 x i8]* @p_str, i32 0, i32 0, [1 x i8]* @p_str, [1 x i8]* @p_str, [1 x i8]* @p_str, i32 2, i32 2, i32 16, i32 16, [1 x i8]* @p_str, [11 x i8]* @ScalarProp_str)"   --->   Operation 21 'specinterface' <Predicate = true> <Delay = 0.00>
ST_2 : Operation 22 [1/1] (2.18ns)   --->   "call void @_ssdm_op_Write.ap_fifo.i27P(i27* %simConfig_rowEnd_V_out, i27 %p_read_3)"   --->   Operation 22 'write' <Predicate = true> <Delay = 2.18> <Core = "FIFO_SRL">   --->   Core 36 'FIFO_SRL' <Latency = 0> <II = 1> <Delay = 3.40> <Storage> <Opcode : 'read' 'write' 'nbread' 'nbwrite'> <Ports = 0> <Width = 27> <Depth = 0> <FIFO>
ST_2 : Operation 23 [1/1] (0.00ns)   --->   "call void (...)* @_ssdm_op_SpecInterface(i27* %simConfig_rowsToSimulate_V_out, [8 x i8]* @ap_fifo_str, i32 0, i32 0, [1 x i8]* @p_str, i32 0, i32 0, [1 x i8]* @p_str, [1 x i8]* @p_str, [1 x i8]* @p_str, i32 2, i32 2, i32 16, i32 16, [1 x i8]* @p_str, [11 x i8]* @ScalarProp_str)"   --->   Operation 23 'specinterface' <Predicate = true> <Delay = 0.00>
ST_2 : Operation 24 [1/1] (2.18ns)   --->   "call void @_ssdm_op_Write.ap_fifo.i27P(i27* %simConfig_rowsToSimulate_V_out, i27 %p_read_2)"   --->   Operation 24 'write' <Predicate = true> <Delay = 2.18> <Core = "FIFO_SRL">   --->   Core 36 'FIFO_SRL' <Latency = 0> <II = 1> <Delay = 3.40> <Storage> <Opcode : 'read' 'write' 'nbread' 'nbwrite'> <Ports = 0> <Width = 27> <Depth = 0> <FIFO>
ST_2 : Operation 25 [1/1] (0.00ns)   --->   "call void (...)* @_ssdm_op_SpecInterface(i27* %simConfig_BLOCK_NUMBERS_V_out, [8 x i8]* @ap_fifo_str, i32 0, i32 0, [1 x i8]* @p_str, i32 0, i32 0, [1 x i8]* @p_str, [1 x i8]* @p_str, [1 x i8]* @p_str, i32 2, i32 2, i32 16, i32 16, [1 x i8]* @p_str, [11 x i8]* @ScalarProp_str)"   --->   Operation 25 'specinterface' <Predicate = true> <Delay = 0.00>
ST_2 : Operation 26 [1/1] (2.18ns)   --->   "call void @_ssdm_op_Write.ap_fifo.i27P(i27* %simConfig_BLOCK_NUMBERS_V_out, i27 %p_read_1)"   --->   Operation 26 'write' <Predicate = true> <Delay = 2.18> <Core = "FIFO_SRL">   --->   Core 36 'FIFO_SRL' <Latency = 0> <II = 1> <Delay = 3.40> <Storage> <Opcode : 'read' 'write' 'nbread' 'nbwrite'> <Ports = 0> <Width = 27> <Depth = 0> <FIFO>
ST_2 : Operation 27 [1/1] (0.00ns)   --->   "call void (...)* @_ssdm_op_SpecInterface(i64* %input_V_data, [5 x i8]* @p_str834, i32 0, i32 0, [5 x i8]* @p_str935, i32 0, i32 0, [1 x i8]* @p_str127, [1 x i8]* @p_str127, [1 x i8]* @p_str127, i32 0, i32 0, i32 0, i32 0, [1 x i8]* @p_str127, [1 x i8]* @p_str127) nounwind"   --->   Operation 27 'specinterface' <Predicate = true> <Delay = 0.00>
ST_2 : Operation 28 [1/1] (0.00ns)   --->   "call void (...)* @_ssdm_op_SpecInterface(float* @V_data_V_data_0, [8 x i8]* @ap_fifo_str, i32 0, i32 0, [1 x i8]* @p_str, i32 0, i32 0, [1 x i8]* @p_str, [1 x i8]* @p_str, [1 x i8]* @p_str, i32 2, i32 2, i32 16, i32 16, [1 x i8]* @p_str, [1 x i8]* @p_str)"   --->   Operation 28 'specinterface' <Predicate = true> <Delay = 0.00>
ST_2 : Operation 29 [1/1] (0.00ns)   --->   "call void (...)* @_ssdm_op_SpecInterface(float* @V_data_V_data_1, [8 x i8]* @ap_fifo_str, i32 0, i32 0, [1 x i8]* @p_str, i32 0, i32 0, [1 x i8]* @p_str, [1 x i8]* @p_str, [1 x i8]* @p_str, i32 2, i32 2, i32 16, i32 16, [1 x i8]* @p_str, [1 x i8]* @p_str)"   --->   Operation 29 'specinterface' <Predicate = true> <Delay = 0.00>
ST_2 : Operation 30 [1/1] (0.00ns)   --->   "call void (...)* @_ssdm_op_SpecInterface(float* @V_data_V_data_2, [8 x i8]* @ap_fifo_str, i32 0, i32 0, [1 x i8]* @p_str, i32 0, i32 0, [1 x i8]* @p_str, [1 x i8]* @p_str, [1 x i8]* @p_str, i32 2, i32 2, i32 16, i32 16, [1 x i8]* @p_str, [1 x i8]* @p_str)"   --->   Operation 30 'specinterface' <Predicate = true> <Delay = 0.00>
ST_2 : Operation 31 [1/1] (0.00ns)   --->   "call void (...)* @_ssdm_op_SpecInterface(float* @V_data_V_data_3, [8 x i8]* @ap_fifo_str, i32 0, i32 0, [1 x i8]* @p_str, i32 0, i32 0, [1 x i8]* @p_str, [1 x i8]* @p_str, [1 x i8]* @p_str, i32 2, i32 2, i32 16, i32 16, [1 x i8]* @p_str, [1 x i8]* @p_str)"   --->   Operation 31 'specinterface' <Predicate = true> <Delay = 0.00>
ST_2 : Operation 32 [1/1] (0.00ns)   --->   "call void (...)* @_ssdm_op_SpecInterface(float* @V_data_V_data_0, [8 x i8]* @ap_fifo_str, i32 0, i32 0, [1 x i8]* @p_str, i32 0, i32 0, [1 x i8]* @p_str, [1 x i8]* @p_str, [1 x i8]* @p_str, i32 2, i32 2, i32 16, i32 16, [1 x i8]* @p_str, [1 x i8]* @p_str)"   --->   Operation 32 'specinterface' <Predicate = true> <Delay = 0.00>
ST_2 : Operation 33 [1/1] (0.00ns)   --->   "call void (...)* @_ssdm_op_SpecInterface(float* @V_data_V_data_1, [8 x i8]* @ap_fifo_str, i32 0, i32 0, [1 x i8]* @p_str, i32 0, i32 0, [1 x i8]* @p_str, [1 x i8]* @p_str, [1 x i8]* @p_str, i32 2, i32 2, i32 16, i32 16, [1 x i8]* @p_str, [1 x i8]* @p_str)"   --->   Operation 33 'specinterface' <Predicate = true> <Delay = 0.00>
ST_2 : Operation 34 [1/1] (0.00ns)   --->   "call void (...)* @_ssdm_op_SpecInterface(float* @V_data_V_data_2, [8 x i8]* @ap_fifo_str, i32 0, i32 0, [1 x i8]* @p_str, i32 0, i32 0, [1 x i8]* @p_str, [1 x i8]* @p_str, [1 x i8]* @p_str, i32 2, i32 2, i32 16, i32 16, [1 x i8]* @p_str, [1 x i8]* @p_str)"   --->   Operation 34 'specinterface' <Predicate = true> <Delay = 0.00>
ST_2 : Operation 35 [1/1] (0.00ns)   --->   "call void (...)* @_ssdm_op_SpecInterface(float* @V_data_V_data_3, [8 x i8]* @ap_fifo_str, i32 0, i32 0, [1 x i8]* @p_str, i32 0, i32 0, [1 x i8]* @p_str, [1 x i8]* @p_str, [1 x i8]* @p_str, i32 2, i32 2, i32 16, i32 16, [1 x i8]* @p_str, [1 x i8]* @p_str)"   --->   Operation 35 'specinterface' <Predicate = true> <Delay = 0.00>
ST_2 : Operation 36 [1/1] (0.00ns)   --->   "call void (...)* @_ssdm_op_SpecInterface(i64* %input_V_data, [5 x i8]* @p_str834, i32 0, i32 0, [5 x i8]* @p_str935, i32 0, i32 0, [1 x i8]* @p_str127, [1 x i8]* @p_str127, [1 x i8]* @p_str127, i32 0, i32 0, i32 0, i32 0, [1 x i8]* @p_str127, [1 x i8]* @p_str127) nounwind"   --->   Operation 36 'specinterface' <Predicate = true> <Delay = 0.00>
ST_2 : Operation 37 [1/2] (0.00ns)   --->   "call fastcc void @getVoltages(i64* %input_V_data, i32 %V_SIZE_read)"   --->   Operation 37 'call' <Predicate = true> <Delay = 0.00> <CoreType = "Generic">   --->   Core 0 '' <Latency = 0> <II = 1> <Delay = 1.00> <Generic> <Opcode : >
ST_2 : Operation 38 [1/1] (0.00ns)   --->   "ret void"   --->   Operation 38 'ret' <Predicate = true> <Delay = 0.00>


============================================================
+ Verbose Summary: Binding
============================================================
STG Binding: 
---------------- STG Properties BEGIN ----------------
- Is combinational: 0
- Is one-state seq: 0
- Is datapath-only: 0
- Is pipelined: 0
- Is top level: 0
Port [ Return ] is wired: 1; IO mode=ap_ctrl_hs:ce=0
Port [ input_V_data]:  wired=1; compound=1; hidden=0; nouse=0; global=0; static=0; extern=0; dir=0; type=0; pingpong=0; private_global=0; IO mode=axis:ce=0
Port [ V_SIZE]:  wired=1; compound=0; hidden=0; nouse=0; global=0; static=0; extern=0; dir=0; type=0; pingpong=0; private_global=0; IO mode=ap_stable:ce=0
Port [ p_read]:  wired=1; compound=0; hidden=0; nouse=0; global=0; static=0; extern=0; dir=0; type=0; pingpong=0; private_global=0; IO mode=ap_stable:ce=0
Port [ p_read1]:  wired=1; compound=0; hidden=0; nouse=0; global=0; static=0; extern=0; dir=0; type=0; pingpong=0; private_global=0; IO mode=ap_stable:ce=0
Port [ p_read2]:  wired=1; compound=0; hidden=0; nouse=0; global=0; static=0; extern=0; dir=0; type=0; pingpong=0; private_global=0; IO mode=ap_stable:ce=0
Port [ p_read3]:  wired=1; compound=0; hidden=0; nouse=0; global=0; static=0; extern=0; dir=0; type=0; pingpong=0; private_global=0; IO mode=ap_stable:ce=0
Port [ simConfig_rowBegin_V_out]:  wired=1; compound=1; hidden=0; nouse=0; global=0; static=0; extern=0; dir=1; type=3; pingpong=0; private_global=0; IO mode=ap_fifo:ce=0
Port [ simConfig_rowEnd_V_out]:  wired=1; compound=1; hidden=0; nouse=0; global=0; static=0; extern=0; dir=1; type=3; pingpong=0; private_global=0; IO mode=ap_fifo:ce=0
Port [ simConfig_rowsToSimulate_V_out]:  wired=1; compound=1; hidden=0; nouse=0; global=0; static=0; extern=0; dir=1; type=3; pingpong=0; private_global=0; IO mode=ap_fifo:ce=0
Port [ simConfig_BLOCK_NUMBERS_V_out]:  wired=1; compound=1; hidden=0; nouse=0; global=0; static=0; extern=0; dir=1; type=3; pingpong=0; private_global=0; IO mode=ap_fifo:ce=0
Port [ V_data_V_data_0]:  wired=1; compound=1; hidden=0; nouse=0; global=1; static=1; extern=0; dir=1; type=3; pingpong=0; private_global=0; linkage=7; visibility=0; IO mode=ap_fifo:ce=0
Port [ V_data_V_data_1]:  wired=1; compound=1; hidden=0; nouse=0; global=1; static=1; extern=0; dir=1; type=3; pingpong=0; private_global=0; linkage=7; visibility=0; IO mode=ap_fifo:ce=0
Port [ V_data_V_data_2]:  wired=1; compound=1; hidden=0; nouse=0; global=1; static=1; extern=0; dir=1; type=3; pingpong=0; private_global=0; linkage=7; visibility=0; IO mode=ap_fifo:ce=0
Port [ V_data_V_data_3]:  wired=1; compound=1; hidden=0; nouse=0; global=1; static=1; extern=0; dir=1; type=3; pingpong=0; private_global=0; linkage=7; visibility=0; IO mode=ap_fifo:ce=0
---------------- STG Properties END ------------------

---------------- Datapath Model BEGIN ----------------

<LifeTime>
<method=bitvector/>
V_SIZE_read (read         ) [ 001]
StgValue_5  (specinterface) [ 000]
StgValue_6  (specinterface) [ 000]
StgValue_7  (specinterface) [ 000]
StgValue_8  (specinterface) [ 000]
StgValue_9  (specinterface) [ 000]
StgValue_10 (specinterface) [ 000]
StgValue_11 (specinterface) [ 000]
StgValue_12 (specinterface) [ 000]
StgValue_13 (specinterface) [ 000]
StgValue_14 (specinterface) [ 000]
StgValue_15 (specinterface) [ 000]
p_read_1    (read         ) [ 000]
p_read_2    (read         ) [ 000]
p_read_3    (read         ) [ 000]
p_read_4    (read         ) [ 000]
StgValue_20 (write        ) [ 000]
StgValue_21 (specinterface) [ 000]
StgValue_22 (write        ) [ 000]
StgValue_23 (specinterface) [ 000]
StgValue_24 (write        ) [ 000]
StgValue_25 (specinterface) [ 000]
StgValue_26 (write        ) [ 000]
StgValue_27 (specinterface) [ 000]
StgValue_28 (specinterface) [ 000]
StgValue_29 (specinterface) [ 000]
StgValue_30 (specinterface) [ 000]
StgValue_31 (specinterface) [ 000]
StgValue_32 (specinterface) [ 000]
StgValue_33 (specinterface) [ 000]
StgValue_34 (specinterface) [ 000]
StgValue_35 (specinterface) [ 000]
StgValue_36 (specinterface) [ 000]
StgValue_37 (call         ) [ 000]
StgValue_38 (ret          ) [ 000]
</LifeTime>

<model>

<comp_list>
<comp id="0" class="1000" name="input_V_data">
<pin_list>
<pin id="1" dir="1" index="0" bw="1" slack="0"/>
</pin_list>
<bind>
<StgValue><ssdm name="input_V_data"/></StgValue>
</bind>
</comp>

<comp id="2" class="1000" name="V_SIZE">
<pin_list>
<pin id="3" dir="1" index="0" bw="1" slack="0"/>
</pin_list>
<bind>
<StgValue><ssdm name="V_SIZE"/></StgValue>
</bind>
</comp>

<comp id="4" class="1000" name="p_read">
<pin_list>
<pin id="5" dir="1" index="0" bw="1" slack="0"/>
</pin_list>
<bind>
<StgValue><ssdm name="p_read"/></StgValue>
</bind>
</comp>

<comp id="6" class="1000" name="p_read1">
<pin_list>
<pin id="7" dir="1" index="0" bw="1" slack="0"/>
</pin_list>
<bind>
<StgValue><ssdm name="p_read1"/></StgValue>
</bind>
</comp>

<comp id="8" class="1000" name="p_read2">
<pin_list>
<pin id="9" dir="1" index="0" bw="1" slack="0"/>
</pin_list>
<bind>
<StgValue><ssdm name="p_read2"/></StgValue>
</bind>
</comp>

<comp id="10" class="1000" name="p_read3">
<pin_list>
<pin id="11" dir="1" index="0" bw="1" slack="0"/>
</pin_list>
<bind>
<StgValue><ssdm name="p_read3"/></StgValue>
</bind>
</comp>

<comp id="12" class="1000" name="simConfig_rowBegin_V_out">
<pin_list>
<pin id="13" dir="1" index="0" bw="1" slack="0"/>
</pin_list>
<bind>
<StgValue><ssdm name="simConfig_rowBegin_V_out"/></StgValue>
</bind>
</comp>

<comp id="14" class="1000" name="simConfig_rowEnd_V_out">
<pin_list>
<pin id="15" dir="1" index="0" bw="1" slack="0"/>
</pin_list>
<bind>
<StgValue><ssdm name="simConfig_rowEnd_V_out"/></StgValue>
</bind>
</comp>

<comp id="16" class="1000" name="simConfig_rowsToSimulate_V_out">
<pin_list>
<pin id="17" dir="1" index="0" bw="1" slack="0"/>
</pin_list>
<bind>
<StgValue><ssdm name="simConfig_rowsToSimulate_V_out"/></StgValue>
</bind>
</comp>

<comp id="18" class="1000" name="simConfig_BLOCK_NUMBERS_V_out">
<pin_list>
<pin id="19" dir="1" index="0" bw="1" slack="0"/>
</pin_list>
<bind>
<StgValue><ssdm name="simConfig_BLOCK_NUMBERS_V_out"/></StgValue>
</bind>
</comp>

<comp id="20" class="1000" name="V_data_V_data_0">
<pin_list>
<pin id="21" dir="1" index="0" bw="1" slack="0"/>
</pin_list>
<bind>
<StgValue><ssdm name="V_data_V_data_0"/></StgValue>
</bind>
</comp>

<comp id="22" class="1000" name="V_data_V_data_1">
<pin_list>
<pin id="23" dir="1" index="0" bw="1" slack="0"/>
</pin_list>
<bind>
<StgValue><ssdm name="V_data_V_data_1"/></StgValue>
</bind>
</comp>

<comp id="24" class="1000" name="V_data_V_data_2">
<pin_list>
<pin id="25" dir="1" index="0" bw="1" slack="0"/>
</pin_list>
<bind>
<StgValue><ssdm name="V_data_V_data_2"/></StgValue>
</bind>
</comp>

<comp id="26" class="1000" name="V_data_V_data_3">
<pin_list>
<pin id="27" dir="1" index="0" bw="1" slack="0"/>
</pin_list>
<bind>
<StgValue><ssdm name="V_data_V_data_3"/></StgValue>
</bind>
</comp>

<comp id="28" class="1001" name="const_28">
<pin_list>
<pin id="29" dir="1" index="0" bw="1" slack="0"/>
</pin_list>
<bind>
<StgValue><ssdm name="_ssdm_op_Read.ap_auto.i32"/></StgValue>
</bind>
</comp>

<comp id="30" class="1001" name="const_30">
<pin_list>
<pin id="31" dir="1" index="0" bw="1" slack="0"/>
</pin_list>
<bind>
<StgValue><ssdm name="getVoltages"/></StgValue>
</bind>
</comp>

<comp id="32" class="1001" name="const_32">
<pin_list>
<pin id="33" dir="1" index="0" bw="1" slack="2147483647"/>
</pin_list>
<bind>
<StgValue><ssdm name="_ssdm_op_SpecInterface"/></StgValue>
</bind>
</comp>

<comp id="34" class="1001" name="const_34">
<pin_list>
<pin id="35" dir="1" index="0" bw="1" slack="2147483647"/>
</pin_list>
<bind>
<StgValue><ssdm name="p_str834"/></StgValue>
</bind>
</comp>

<comp id="36" class="1001" name="const_36">
<pin_list>
<pin id="37" dir="1" index="0" bw="1" slack="2147483647"/>
</pin_list>
<bind>
<StgValue><ssdm name=""/></StgValue>
</bind>
</comp>

<comp id="38" class="1001" name="const_38">
<pin_list>
<pin id="39" dir="1" index="0" bw="1" slack="2147483647"/>
</pin_list>
<bind>
<StgValue><ssdm name="p_str935"/></StgValue>
</bind>
</comp>

<comp id="40" class="1001" name="const_40">
<pin_list>
<pin id="41" dir="1" index="0" bw="1" slack="2147483647"/>
</pin_list>
<bind>
<StgValue><ssdm name="p_str127"/></StgValue>
</bind>
</comp>

<comp id="42" class="1001" name="const_42">
<pin_list>
<pin id="43" dir="1" index="0" bw="1" slack="2147483647"/>
</pin_list>
<bind>
<StgValue><ssdm name="ap_fifo_str"/></StgValue>
</bind>
</comp>

<comp id="44" class="1001" name="const_44">
<pin_list>
<pin id="45" dir="1" index="0" bw="1" slack="2147483647"/>
</pin_list>
<bind>
<StgValue><ssdm name="p_str"/></StgValue>
</bind>
</comp>

<comp id="46" class="1001" name="const_46">
<pin_list>
<pin id="47" dir="1" index="0" bw="1" slack="2147483647"/>
</pin_list>
<bind>
<StgValue><ssdm name=""/></StgValue>
</bind>
</comp>

<comp id="48" class="1001" name="const_48">
<pin_list>
<pin id="49" dir="1" index="0" bw="1" slack="2147483647"/>
</pin_list>
<bind>
<StgValue><ssdm name=""/></StgValue>
</bind>
</comp>

<comp id="50" class="1001" name="const_50">
<pin_list>
<pin id="51" dir="1" index="0" bw="1" slack="2147483647"/>
</pin_list>
<bind>
<StgValue><ssdm name="ScalarProp_str"/></StgValue>
</bind>
</comp>

<comp id="52" class="1001" name="const_52">
<pin_list>
<pin id="53" dir="1" index="0" bw="1" slack="0"/>
</pin_list>
<bind>
<StgValue><ssdm name="_ssdm_op_Read.ap_auto.i27"/></StgValue>
</bind>
</comp>

<comp id="54" class="1001" name="const_54">
<pin_list>
<pin id="55" dir="1" index="0" bw="1" slack="0"/>
</pin_list>
<bind>
<StgValue><ssdm name="_ssdm_op_Write.ap_fifo.i27P"/></StgValue>
</bind>
</comp>

<comp id="56" class="1004" name="V_SIZE_read_read_fu_56">
<pin_list>
<pin id="57" dir="0" index="0" bw="32" slack="0"/>
<pin id="58" dir="0" index="1" bw="32" slack="0"/>
<pin id="59" dir="1" index="2" bw="32" slack="0"/>
</pin_list>
<bind>
<opcode="read(1150) " fcode="read"/>
<opset="V_SIZE_read/1 "/>
</bind>
</comp>

<comp id="62" class="1004" name="p_read_1_read_fu_62">
<pin_list>
<pin id="63" dir="0" index="0" bw="27" slack="0"/>
<pin id="64" dir="0" index="1" bw="27" slack="0"/>
<pin id="65" dir="1" index="2" bw="27" slack="0"/>
</pin_list>
<bind>
<opcode="read(1150) " fcode="read"/>
<opset="p_read_1/2 "/>
</bind>
</comp>

<comp id="68" class="1004" name="p_read_2_read_fu_68">
<pin_list>
<pin id="69" dir="0" index="0" bw="27" slack="0"/>
<pin id="70" dir="0" index="1" bw="27" slack="0"/>
<pin id="71" dir="1" index="2" bw="27" slack="0"/>
</pin_list>
<bind>
<opcode="read(1150) " fcode="read"/>
<opset="p_read_2/2 "/>
</bind>
</comp>

<comp id="74" class="1004" name="p_read_3_read_fu_74">
<pin_list>
<pin id="75" dir="0" index="0" bw="27" slack="0"/>
<pin id="76" dir="0" index="1" bw="27" slack="0"/>
<pin id="77" dir="1" index="2" bw="27" slack="0"/>
</pin_list>
<bind>
<opcode="read(1150) " fcode="read"/>
<opset="p_read_3/2 "/>
</bind>
</comp>

<comp id="80" class="1004" name="p_read_4_read_fu_80">
<pin_list>
<pin id="81" dir="0" index="0" bw="27" slack="0"/>
<pin id="82" dir="0" index="1" bw="27" slack="0"/>
<pin id="83" dir="1" index="2" bw="27" slack="0"/>
</pin_list>
<bind>
<opcode="read(1150) " fcode="read"/>
<opset="p_read_4/2 "/>
</bind>
</comp>

<comp id="86" class="1004" name="StgValue_20_write_fu_86">
<pin_list>
<pin id="87" dir="0" index="0" bw="0" slack="0"/>
<pin id="88" dir="0" index="1" bw="27" slack="0"/>
<pin id="89" dir="0" index="2" bw="27" slack="0"/>
<pin id="90" dir="1" index="3" bw="0" slack="2147483647"/>
</pin_list>
<bind>
<opcode="write(1151) " fcode="write"/>
<opset="StgValue_20/2 "/>
</bind>
</comp>

<comp id="94" class="1004" name="StgValue_22_write_fu_94">
<pin_list>
<pin id="95" dir="0" index="0" bw="0" slack="0"/>
<pin id="96" dir="0" index="1" bw="27" slack="0"/>
<pin id="97" dir="0" index="2" bw="27" slack="0"/>
<pin id="98" dir="1" index="3" bw="0" slack="2147483647"/>
</pin_list>
<bind>
<opcode="write(1151) " fcode="write"/>
<opset="StgValue_22/2 "/>
</bind>
</comp>

<comp id="102" class="1004" name="StgValue_24_write_fu_102">
<pin_list>
<pin id="103" dir="0" index="0" bw="0" slack="0"/>
<pin id="104" dir="0" index="1" bw="27" slack="0"/>
<pin id="105" dir="0" index="2" bw="27" slack="0"/>
<pin id="106" dir="1" index="3" bw="0" slack="2147483647"/>
</pin_list>
<bind>
<opcode="write(1151) " fcode="write"/>
<opset="StgValue_24/2 "/>
</bind>
</comp>

<comp id="110" class="1004" name="StgValue_26_write_fu_110">
<pin_list>
<pin id="111" dir="0" index="0" bw="0" slack="0"/>
<pin id="112" dir="0" index="1" bw="27" slack="0"/>
<pin id="113" dir="0" index="2" bw="27" slack="0"/>
<pin id="114" dir="1" index="3" bw="0" slack="2147483647"/>
</pin_list>
<bind>
<opcode="write(1151) " fcode="write"/>
<opset="StgValue_26/2 "/>
</bind>
</comp>

<comp id="118" class="1004" name="grp_getVoltages_fu_118">
<pin_list>
<pin id="119" dir="0" index="0" bw="0" slack="0"/>
<pin id="120" dir="0" index="1" bw="64" slack="0"/>
<pin id="121" dir="0" index="2" bw="32" slack="0"/>
<pin id="122" dir="0" index="3" bw="32" slack="0"/>
<pin id="123" dir="0" index="4" bw="32" slack="0"/>
<pin id="124" dir="0" index="5" bw="32" slack="0"/>
<pin id="125" dir="0" index="6" bw="32" slack="0"/>
<pin id="126" dir="1" index="7" bw="0" slack="2147483647"/>
</pin_list>
<bind>
<opcode="call(48) " fcode="call"/>
<opset="StgValue_4/1 "/>
</bind>
</comp>

<comp id="134" class="1005" name="V_SIZE_read_reg_134">
<pin_list>
<pin id="135" dir="0" index="0" bw="32" slack="1"/>
<pin id="136" dir="1" index="1" bw="32" slack="1"/>
</pin_list>
<bind>
<opset="V_SIZE_read "/>
</bind>
</comp>

</comp_list>

<net_list>
<net id="60"><net_src comp="28" pin="0"/><net_sink comp="56" pin=0"/></net>

<net id="61"><net_src comp="2" pin="0"/><net_sink comp="56" pin=1"/></net>

<net id="66"><net_src comp="52" pin="0"/><net_sink comp="62" pin=0"/></net>

<net id="67"><net_src comp="10" pin="0"/><net_sink comp="62" pin=1"/></net>

<net id="72"><net_src comp="52" pin="0"/><net_sink comp="68" pin=0"/></net>

<net id="73"><net_src comp="8" pin="0"/><net_sink comp="68" pin=1"/></net>

<net id="78"><net_src comp="52" pin="0"/><net_sink comp="74" pin=0"/></net>

<net id="79"><net_src comp="6" pin="0"/><net_sink comp="74" pin=1"/></net>

<net id="84"><net_src comp="52" pin="0"/><net_sink comp="80" pin=0"/></net>

<net id="85"><net_src comp="4" pin="0"/><net_sink comp="80" pin=1"/></net>

<net id="91"><net_src comp="54" pin="0"/><net_sink comp="86" pin=0"/></net>

<net id="92"><net_src comp="12" pin="0"/><net_sink comp="86" pin=1"/></net>

<net id="93"><net_src comp="80" pin="2"/><net_sink comp="86" pin=2"/></net>

<net id="99"><net_src comp="54" pin="0"/><net_sink comp="94" pin=0"/></net>

<net id="100"><net_src comp="14" pin="0"/><net_sink comp="94" pin=1"/></net>

<net id="101"><net_src comp="74" pin="2"/><net_sink comp="94" pin=2"/></net>

<net id="107"><net_src comp="54" pin="0"/><net_sink comp="102" pin=0"/></net>

<net id="108"><net_src comp="16" pin="0"/><net_sink comp="102" pin=1"/></net>

<net id="109"><net_src comp="68" pin="2"/><net_sink comp="102" pin=2"/></net>

<net id="115"><net_src comp="54" pin="0"/><net_sink comp="110" pin=0"/></net>

<net id="116"><net_src comp="18" pin="0"/><net_sink comp="110" pin=1"/></net>

<net id="117"><net_src comp="62" pin="2"/><net_sink comp="110" pin=2"/></net>

<net id="127"><net_src comp="30" pin="0"/><net_sink comp="118" pin=0"/></net>

<net id="128"><net_src comp="0" pin="0"/><net_sink comp="118" pin=1"/></net>

<net id="129"><net_src comp="56" pin="2"/><net_sink comp="118" pin=2"/></net>

<net id="130"><net_src comp="20" pin="0"/><net_sink comp="118" pin=3"/></net>

<net id="131"><net_src comp="22" pin="0"/><net_sink comp="118" pin=4"/></net>

<net id="132"><net_src comp="24" pin="0"/><net_sink comp="118" pin=5"/></net>

<net id="133"><net_src comp="26" pin="0"/><net_sink comp="118" pin=6"/></net>

<net id="137"><net_src comp="56" pin="2"/><net_sink comp="134" pin=0"/></net>

<net id="138"><net_src comp="134" pin="1"/><net_sink comp="118" pin=2"/></net>

</net_list>

</model> 
---------------- Datapath Model END ------------------

* FSMD analyzer results:
  - Output states:
	Port: input_V_data | {}
	Port: simConfig_rowBegin_V_out | {2 }
	Port: simConfig_rowEnd_V_out | {2 }
	Port: simConfig_rowsToSimulate_V_out | {2 }
	Port: simConfig_BLOCK_NUMBERS_V_out | {2 }
	Port: V_data_V_data_0 | {1 2 }
	Port: V_data_V_data_1 | {1 2 }
	Port: V_data_V_data_2 | {1 2 }
	Port: V_data_V_data_3 | {1 2 }
 - Input state : 
	Port: blockControl173 : input_V_data | {1 2 }
	Port: blockControl173 : V_SIZE | {1 }
	Port: blockControl173 : p_read | {2 }
	Port: blockControl173 : p_read1 | {2 }
	Port: blockControl173 : p_read2 | {2 }
	Port: blockControl173 : p_read3 | {2 }
	Port: blockControl173 : V_data_V_data_0 | {}
	Port: blockControl173 : V_data_V_data_1 | {}
	Port: blockControl173 : V_data_V_data_2 | {}
	Port: blockControl173 : V_data_V_data_3 | {}
  - Chain level:
	State 1
	State 2


============================================================
+ Verbose Summary: Datapath Resource usage 
============================================================

* Functional unit list:
|----------|--------------------------|---------|---------|
| Operation|      Functional Unit     |    FF   |   LUT   |
|----------|--------------------------|---------|---------|
|   call   |  grp_getVoltages_fu_118  |   150   |    39   |
|----------|--------------------------|---------|---------|
|          |  V_SIZE_read_read_fu_56  |    0    |    0    |
|          |    p_read_1_read_fu_62   |    0    |    0    |
|   read   |    p_read_2_read_fu_68   |    0    |    0    |
|          |    p_read_3_read_fu_74   |    0    |    0    |
|          |    p_read_4_read_fu_80   |    0    |    0    |
|----------|--------------------------|---------|---------|
|          |  StgValue_20_write_fu_86 |    0    |    0    |
|   write  |  StgValue_22_write_fu_94 |    0    |    0    |
|          | StgValue_24_write_fu_102 |    0    |    0    |
|          | StgValue_26_write_fu_110 |    0    |    0    |
|----------|--------------------------|---------|---------|
|   Total  |                          |   150   |    39   |
|----------|--------------------------|---------|---------|

Memories:
N/A

* Register list:
+-------------------+--------+
|                   |   FF   |
+-------------------+--------+
|V_SIZE_read_reg_134|   32   |
+-------------------+--------+
|       Total       |   32   |
+-------------------+--------+

* Multiplexer (MUX) list: 
|------------------------|------|------|------|--------||---------||---------|
|          Comp          |  Pin | Size |  BW  | S x BW ||  Delay  ||   LUT   |
|------------------------|------|------|------|--------||---------||---------|
| grp_getVoltages_fu_118 |  p2  |   2  |  32  |   64   ||    3    |
|------------------------|------|------|------|--------||---------||---------|
|          Total         |      |      |      |   64   ||  0.466  ||    3    |
|------------------------|------|------|------|--------||---------||---------|



* Summary:
+-----------+--------+--------+--------+
|           |  Delay |   FF   |   LUT  |
+-----------+--------+--------+--------+
|  Function |    -   |   150  |   39   |
|   Memory  |    -   |    -   |    -   |
|Multiplexer|    0   |    -   |    3   |
|  Register |    -   |   32   |    -   |
+-----------+--------+--------+--------+
|   Total   |    0   |   182  |   42   |
+-----------+--------+--------+--------+
