

================================================================
== Vivado HLS Report for 'GapJunctionIP'
================================================================
* Date:           Sat May 15 00:01:25 2021

* Version:        2018.3 (Build 2405991 on Thu Dec 06 23:56:15 MST 2018)
* Project:        hls_gapjuntion_prj
* Solution:       solution1
* Product family: zynq
* Target device:  xc7z045ffg900-2


================================================================
== Performance Estimates
================================================================
+ Timing (ns): 
    * Summary: 
    +--------+-------+----------+------------+
    |  Clock | Target| Estimated| Uncertainty|
    +--------+-------+----------+------------+
    |ap_clk  |   5.00|     4.375|        0.62|
    +--------+-------+----------+------------+

+ Latency (clock cycles): 
    * Summary: 
    +-----+----------+-----+----------+---------+
    |     Latency    |    Interval    | Pipeline|
    | min |    max   | min |    max   |   Type  |
    +-----+----------+-----+----------+---------+
    |  208|  50265086|  208|  50265086|   none  |
    +-----+----------+-----+----------+---------+

    + Detail: 
        * Instance: 
        +--------------------+---------+-----+----------+-----+----------+----------+
        |                    |         |     Latency    |    Interval    | Pipeline |
        |      Instance      |  Module | min |    max   | min |    max   |   Type   |
        +--------------------+---------+-----+----------+-----+----------+----------+
        |grp_execute_fu_142  |execute  |  204|  50265082|  124|  50265002| dataflow |
        +--------------------+---------+-----+----------+-----+----------+----------+

        * Loop: 
        N/A

============================================================
+ Verbose Summary: Synthesis Manager
============================================================
InlineROM: 1
ExposeGlobal: 0
============================================================
+ Verbose Summary: CDFG Model
============================================================
IsTopModel: 1
ResetActiveHigh: 1
IsCombinational: 0
IsDatapathOnly: 0
HasWiredReturn: 2
HasMFsm: 0
HasVarLatency: 1
IsPipeline: 0
IsRtlPipelined: 0
IsInstanceOverlapped: 0
IsDontTouch: 0
HasImplIP: 0
IsGatedGlobalClock: 0


============================================================
+ Verbose Summary: Schedule
============================================================
* Number of FSM states : 5
* Pipeline : 0
* Dataflow Pipeline: 0

* FSM state transitions: 
1 --> 
	2  / true
2 --> 
	3  / true
3 --> 
	4  / true
4 --> 
	5  / true
5 --> 

* FSM state operations: 

State 1 <SV = 0> <Delay = 3.79>
ST_1 : Operation 6 [1/1] (0.00ns)   --->   "%LastRow_read = call i32 @_ssdm_op_Read.ap_stable.i32(i32 %LastRow)" [Stream.cpp:45]   --->   Operation 6 'read' 'LastRow_read' <Predicate = true> <Delay = 0.00>
ST_1 : Operation 7 [1/1] (0.00ns)   --->   "%FirstRow_read = call i32 @_ssdm_op_Read.ap_stable.i32(i32 %FirstRow)" [Stream.cpp:45]   --->   Operation 7 'read' 'FirstRow_read' <Predicate = true> <Delay = 0.00>
ST_1 : Operation 8 [1/1] (0.00ns)   --->   "%simConfig_rowBegin_V = trunc i32 %FirstRow_read to i27" [Stream.cpp:12->Stream.cpp:56]   --->   Operation 8 'trunc' 'simConfig_rowBegin_V' <Predicate = true> <Delay = 0.00>
ST_1 : Operation 9 [1/1] (0.00ns)   --->   "%simConfig_rowEnd_V = trunc i32 %LastRow_read to i27" [Stream.cpp:13->Stream.cpp:56]   --->   Operation 9 'trunc' 'simConfig_rowEnd_V' <Predicate = true> <Delay = 0.00>
ST_1 : Operation 10 [1/1] (1.89ns)   --->   "%tmp_s = sub nsw i32 %LastRow_read, %FirstRow_read" [Stream.cpp:14->Stream.cpp:56]   --->   Operation 10 'sub' 'tmp_s' <Predicate = true> <Delay = 1.89> <Core = "AddSub">   --->   Core 14 'AddSub' <Latency = 0> <II = 1> <Delay = 1.77> <FuncUnit> <Opcode : 'add' 'sub'> <InPorts = 2> <OutPorts = 1>
ST_1 : Operation 11 [1/1] (0.00ns)   --->   "%tmp_4 = call i1 @_ssdm_op_BitSelect.i1.i32.i32(i32 %tmp_s, i32 31)" [Stream.cpp:14->Stream.cpp:56]   --->   Operation 11 'bitselect' 'tmp_4' <Predicate = true> <Delay = 0.00>
ST_1 : Operation 12 [1/1] (1.89ns)   --->   "%p_neg6 = sub i32 0, %tmp_s" [Stream.cpp:14->Stream.cpp:56]   --->   Operation 12 'sub' 'p_neg6' <Predicate = true> <Delay = 1.89> <Core = "AddSub">   --->   Core 14 'AddSub' <Latency = 0> <II = 1> <Delay = 1.77> <FuncUnit> <Opcode : 'add' 'sub'> <InPorts = 2> <OutPorts = 1>
ST_1 : Operation 13 [1/1] (0.00ns)   --->   "%tmp = call i27 @_ssdm_op_PartSelect.i27.i32.i32.i32(i32 %p_neg6, i32 2, i32 28)" [Stream.cpp:14->Stream.cpp:56]   --->   Operation 13 'partselect' 'tmp' <Predicate = true> <Delay = 0.00>
ST_1 : Operation 14 [1/1] (0.00ns)   --->   "%tmp_6 = call i27 @_ssdm_op_PartSelect.i27.i32.i32.i32(i32 %tmp_s, i32 2, i32 28)" [Stream.cpp:14->Stream.cpp:56]   --->   Operation 14 'partselect' 'tmp_6' <Predicate = true> <Delay = 0.00>

State 2 <SV = 1> <Delay = 3.66>
ST_2 : Operation 15 [1/1] (0.00ns)   --->   "%size_read = call i32 @_ssdm_op_Read.ap_stable.i32(i32 %size)" [Stream.cpp:45]   --->   Operation 15 'read' 'size_read' <Predicate = true> <Delay = 0.00>
ST_2 : Operation 16 [1/1] (1.77ns)   --->   "%tmp_5 = sub i27 0, %tmp" [Stream.cpp:14->Stream.cpp:56]   --->   Operation 16 'sub' 'tmp_5' <Predicate = (tmp_4)> <Delay = 1.77> <Core = "AddSub">   --->   Core 14 'AddSub' <Latency = 0> <II = 1> <Delay = 1.77> <FuncUnit> <Opcode : 'add' 'sub'> <InPorts = 2> <OutPorts = 1>
ST_2 : Operation 17 [1/1] (0.84ns)   --->   "%simConfig_rowsToSimu = select i1 %tmp_4, i27 %tmp_5, i27 %tmp_6" [Stream.cpp:14->Stream.cpp:56]   --->   Operation 17 'select' 'simConfig_rowsToSimu' <Predicate = true> <Delay = 0.84> <Core = "Sel">   --->   Core 26 'Sel' <Latency = 0> <II = 1> <Delay = 0.84> <FuncUnit> <Opcode : 'select'> <InPorts = 3> <OutPorts = 1>
ST_2 : Operation 18 [1/1] (0.00ns)   --->   "%tmp_10 = call i1 @_ssdm_op_BitSelect.i1.i32.i32(i32 %size_read, i32 31)" [Stream.cpp:15->Stream.cpp:56]   --->   Operation 18 'bitselect' 'tmp_10' <Predicate = true> <Delay = 0.00>
ST_2 : Operation 19 [1/1] (1.89ns)   --->   "%p_neg = sub i32 0, %size_read" [Stream.cpp:15->Stream.cpp:56]   --->   Operation 19 'sub' 'p_neg' <Predicate = true> <Delay = 1.89> <Core = "AddSub">   --->   Core 14 'AddSub' <Latency = 0> <II = 1> <Delay = 1.77> <FuncUnit> <Opcode : 'add' 'sub'> <InPorts = 2> <OutPorts = 1>
ST_2 : Operation 20 [1/1] (0.00ns)   --->   "%tmp_7 = call i27 @_ssdm_op_PartSelect.i27.i32.i32.i32(i32 %p_neg, i32 2, i32 28)" [Stream.cpp:15->Stream.cpp:56]   --->   Operation 20 'partselect' 'tmp_7' <Predicate = true> <Delay = 0.00>
ST_2 : Operation 21 [1/1] (1.77ns)   --->   "%tmp_8 = sub i27 0, %tmp_7" [Stream.cpp:15->Stream.cpp:56]   --->   Operation 21 'sub' 'tmp_8' <Predicate = true> <Delay = 1.77> <Core = "AddSub">   --->   Core 14 'AddSub' <Latency = 0> <II = 1> <Delay = 1.77> <FuncUnit> <Opcode : 'add' 'sub'> <InPorts = 2> <OutPorts = 1>
ST_2 : Operation 22 [1/1] (0.00ns)   --->   "%tmp_9 = call i27 @_ssdm_op_PartSelect.i27.i32.i32.i32(i32 %size_read, i32 2, i32 28)" [Stream.cpp:15->Stream.cpp:56]   --->   Operation 22 'partselect' 'tmp_9' <Predicate = true> <Delay = 0.00>

State 3 <SV = 2> <Delay = 3.03>
ST_3 : Operation 23 [1/1] (0.84ns)   --->   "%simConfig_BLOCK_NUMB = select i1 %tmp_10, i27 %tmp_8, i27 %tmp_9" [Stream.cpp:15->Stream.cpp:56]   --->   Operation 23 'select' 'simConfig_BLOCK_NUMB' <Predicate = true> <Delay = 0.84> <Core = "Sel">   --->   Core 26 'Sel' <Latency = 0> <II = 1> <Delay = 0.84> <FuncUnit> <Opcode : 'select'> <InPorts = 3> <OutPorts = 1>
ST_3 : Operation 24 [2/2] (2.18ns)   --->   "call fastcc void @execute(i64* %input_V_data, float* %output_V_data, i1* %output_V_tlast_V, i27 %simConfig_rowBegin_V, i27 %simConfig_rowEnd_V, i27 %simConfig_rowsToSimu, i27 %simConfig_BLOCK_NUMB, i32 %size_read)" [Stream.cpp:12->Stream.cpp:56]   --->   Operation 24 'call' <Predicate = true> <Delay = 2.18> <CoreType = "Generic">   --->   Core 0 '' <Latency = 0> <II = 1> <Delay = 1.00> <Generic> <Opcode : >

State 4 <SV = 3> <Delay = 0.00>
ST_4 : Operation 25 [1/2] (0.00ns)   --->   "call fastcc void @execute(i64* %input_V_data, float* %output_V_data, i1* %output_V_tlast_V, i27 %simConfig_rowBegin_V, i27 %simConfig_rowEnd_V, i27 %simConfig_rowsToSimu, i27 %simConfig_BLOCK_NUMB, i32 %size_read)" [Stream.cpp:12->Stream.cpp:56]   --->   Operation 25 'call' <Predicate = true> <Delay = 0.00> <CoreType = "Generic">   --->   Core 0 '' <Latency = 0> <II = 1> <Delay = 1.00> <Generic> <Opcode : >
ST_4 : Operation 26 [2/2] (0.00ns)   --->   "ret void" [Stream.cpp:59]   --->   Operation 26 'ret' <Predicate = true> <Delay = 0.00>

State 5 <SV = 4> <Delay = 0.00>
ST_5 : Operation 27 [1/1] (0.00ns)   --->   "call void (...)* @_ssdm_op_SpecInterface(float* @F_V_data_0, [8 x i8]* @ap_fifo_str, i32 0, i32 0, [1 x i8]* @p_str, i32 0, i32 0, [1 x i8]* @p_str, [1 x i8]* @p_str, [1 x i8]* @p_str, i32 2, i32 2, i32 16, i32 16, [1 x i8]* @p_str, [1 x i8]* @p_str)"   --->   Operation 27 'specinterface' <Predicate = true> <Delay = 0.00>
ST_5 : Operation 28 [1/1] (0.00ns)   --->   "call void (...)* @_ssdm_op_SpecInterface(float* @F_V_data_1, [8 x i8]* @ap_fifo_str, i32 0, i32 0, [1 x i8]* @p_str, i32 0, i32 0, [1 x i8]* @p_str, [1 x i8]* @p_str, [1 x i8]* @p_str, i32 2, i32 2, i32 16, i32 16, [1 x i8]* @p_str, [1 x i8]* @p_str)"   --->   Operation 28 'specinterface' <Predicate = true> <Delay = 0.00>
ST_5 : Operation 29 [1/1] (0.00ns)   --->   "call void (...)* @_ssdm_op_SpecInterface(float* @F_V_data_2, [8 x i8]* @ap_fifo_str, i32 0, i32 0, [1 x i8]* @p_str, i32 0, i32 0, [1 x i8]* @p_str, [1 x i8]* @p_str, [1 x i8]* @p_str, i32 2, i32 2, i32 16, i32 16, [1 x i8]* @p_str, [1 x i8]* @p_str)"   --->   Operation 29 'specinterface' <Predicate = true> <Delay = 0.00>
ST_5 : Operation 30 [1/1] (0.00ns)   --->   "call void (...)* @_ssdm_op_SpecInterface(float* @F_V_data_3, [8 x i8]* @ap_fifo_str, i32 0, i32 0, [1 x i8]* @p_str, i32 0, i32 0, [1 x i8]* @p_str, [1 x i8]* @p_str, [1 x i8]* @p_str, i32 2, i32 2, i32 16, i32 16, [1 x i8]* @p_str, [1 x i8]* @p_str)"   --->   Operation 30 'specinterface' <Predicate = true> <Delay = 0.00>
ST_5 : Operation 31 [1/1] (0.00ns)   --->   "call void (...)* @_ssdm_op_SpecInterface(float* @F_acc_V_data_0, [8 x i8]* @ap_fifo_str, i32 0, i32 0, [1 x i8]* @p_str, i32 0, i32 0, [1 x i8]* @p_str, [1 x i8]* @p_str, [1 x i8]* @p_str, i32 2, i32 2, i32 16, i32 16, [1 x i8]* @p_str, [1 x i8]* @p_str)"   --->   Operation 31 'specinterface' <Predicate = true> <Delay = 0.00>
ST_5 : Operation 32 [1/1] (0.00ns)   --->   "call void (...)* @_ssdm_op_SpecInterface(float* @F_acc_V_data_1, [8 x i8]* @ap_fifo_str, i32 0, i32 0, [1 x i8]* @p_str, i32 0, i32 0, [1 x i8]* @p_str, [1 x i8]* @p_str, [1 x i8]* @p_str, i32 2, i32 2, i32 16, i32 16, [1 x i8]* @p_str, [1 x i8]* @p_str)"   --->   Operation 32 'specinterface' <Predicate = true> <Delay = 0.00>
ST_5 : Operation 33 [1/1] (0.00ns)   --->   "call void (...)* @_ssdm_op_SpecInterface(float* @F_acc_V_data_2, [8 x i8]* @ap_fifo_str, i32 0, i32 0, [1 x i8]* @p_str, i32 0, i32 0, [1 x i8]* @p_str, [1 x i8]* @p_str, [1 x i8]* @p_str, i32 2, i32 2, i32 16, i32 16, [1 x i8]* @p_str, [1 x i8]* @p_str)"   --->   Operation 33 'specinterface' <Predicate = true> <Delay = 0.00>
ST_5 : Operation 34 [1/1] (0.00ns)   --->   "call void (...)* @_ssdm_op_SpecInterface(float* @F_acc_V_data_3, [8 x i8]* @ap_fifo_str, i32 0, i32 0, [1 x i8]* @p_str, i32 0, i32 0, [1 x i8]* @p_str, [1 x i8]* @p_str, [1 x i8]* @p_str, i32 2, i32 2, i32 16, i32 16, [1 x i8]* @p_str, [1 x i8]* @p_str)"   --->   Operation 34 'specinterface' <Predicate = true> <Delay = 0.00>
ST_5 : Operation 35 [1/1] (0.00ns)   --->   "call void (...)* @_ssdm_op_SpecInterface(float* @V_V_data_0, [8 x i8]* @ap_fifo_str, i32 0, i32 0, [1 x i8]* @p_str, i32 0, i32 0, [1 x i8]* @p_str, [1 x i8]* @p_str, [1 x i8]* @p_str, i32 2, i32 2, i32 16, i32 16, [1 x i8]* @p_str, [1 x i8]* @p_str)"   --->   Operation 35 'specinterface' <Predicate = true> <Delay = 0.00>
ST_5 : Operation 36 [1/1] (0.00ns)   --->   "call void (...)* @_ssdm_op_SpecInterface(float* @V_V_data_1, [8 x i8]* @ap_fifo_str, i32 0, i32 0, [1 x i8]* @p_str, i32 0, i32 0, [1 x i8]* @p_str, [1 x i8]* @p_str, [1 x i8]* @p_str, i32 2, i32 2, i32 16, i32 16, [1 x i8]* @p_str, [1 x i8]* @p_str)"   --->   Operation 36 'specinterface' <Predicate = true> <Delay = 0.00>
ST_5 : Operation 37 [1/1] (0.00ns)   --->   "call void (...)* @_ssdm_op_SpecInterface(float* @V_V_data_2, [8 x i8]* @ap_fifo_str, i32 0, i32 0, [1 x i8]* @p_str, i32 0, i32 0, [1 x i8]* @p_str, [1 x i8]* @p_str, [1 x i8]* @p_str, i32 2, i32 2, i32 16, i32 16, [1 x i8]* @p_str, [1 x i8]* @p_str)"   --->   Operation 37 'specinterface' <Predicate = true> <Delay = 0.00>
ST_5 : Operation 38 [1/1] (0.00ns)   --->   "call void (...)* @_ssdm_op_SpecInterface(float* @V_V_data_3, [8 x i8]* @ap_fifo_str, i32 0, i32 0, [1 x i8]* @p_str, i32 0, i32 0, [1 x i8]* @p_str, [1 x i8]* @p_str, [1 x i8]* @p_str, i32 2, i32 2, i32 16, i32 16, [1 x i8]* @p_str, [1 x i8]* @p_str)"   --->   Operation 38 'specinterface' <Predicate = true> <Delay = 0.00>
ST_5 : Operation 39 [1/1] (0.00ns)   --->   "call void (...)* @_ssdm_op_SpecInterface(float* @V_acc_V_data_0, [8 x i8]* @ap_fifo_str, i32 0, i32 0, [1 x i8]* @p_str, i32 0, i32 0, [1 x i8]* @p_str, [1 x i8]* @p_str, [1 x i8]* @p_str, i32 2, i32 2, i32 16, i32 16, [1 x i8]* @p_str, [1 x i8]* @p_str)"   --->   Operation 39 'specinterface' <Predicate = true> <Delay = 0.00>
ST_5 : Operation 40 [1/1] (0.00ns)   --->   "call void (...)* @_ssdm_op_SpecInterface(float* @V_acc_V_data_1, [8 x i8]* @ap_fifo_str, i32 0, i32 0, [1 x i8]* @p_str, i32 0, i32 0, [1 x i8]* @p_str, [1 x i8]* @p_str, [1 x i8]* @p_str, i32 2, i32 2, i32 16, i32 16, [1 x i8]* @p_str, [1 x i8]* @p_str)"   --->   Operation 40 'specinterface' <Predicate = true> <Delay = 0.00>
ST_5 : Operation 41 [1/1] (0.00ns)   --->   "call void (...)* @_ssdm_op_SpecInterface(float* @V_acc_V_data_2, [8 x i8]* @ap_fifo_str, i32 0, i32 0, [1 x i8]* @p_str, i32 0, i32 0, [1 x i8]* @p_str, [1 x i8]* @p_str, [1 x i8]* @p_str, i32 2, i32 2, i32 16, i32 16, [1 x i8]* @p_str, [1 x i8]* @p_str)"   --->   Operation 41 'specinterface' <Predicate = true> <Delay = 0.00>
ST_5 : Operation 42 [1/1] (0.00ns)   --->   "call void (...)* @_ssdm_op_SpecInterface(float* @V_acc_V_data_3, [8 x i8]* @ap_fifo_str, i32 0, i32 0, [1 x i8]* @p_str, i32 0, i32 0, [1 x i8]* @p_str, [1 x i8]* @p_str, [1 x i8]* @p_str, i32 2, i32 2, i32 16, i32 16, [1 x i8]* @p_str, [1 x i8]* @p_str)"   --->   Operation 42 'specinterface' <Predicate = true> <Delay = 0.00>
ST_5 : Operation 43 [1/1] (0.00ns)   --->   "call void (...)* @_ssdm_op_SpecInterface(float* @V_data_V_data_0, [8 x i8]* @ap_fifo_str, i32 0, i32 0, [1 x i8]* @p_str, i32 0, i32 0, [1 x i8]* @p_str, [1 x i8]* @p_str, [1 x i8]* @p_str, i32 2, i32 2, i32 16, i32 16, [1 x i8]* @p_str, [1 x i8]* @p_str)"   --->   Operation 43 'specinterface' <Predicate = true> <Delay = 0.00>
ST_5 : Operation 44 [1/1] (0.00ns)   --->   "call void (...)* @_ssdm_op_SpecInterface(float* @V_data_V_data_1, [8 x i8]* @ap_fifo_str, i32 0, i32 0, [1 x i8]* @p_str, i32 0, i32 0, [1 x i8]* @p_str, [1 x i8]* @p_str, [1 x i8]* @p_str, i32 2, i32 2, i32 16, i32 16, [1 x i8]* @p_str, [1 x i8]* @p_str)"   --->   Operation 44 'specinterface' <Predicate = true> <Delay = 0.00>
ST_5 : Operation 45 [1/1] (0.00ns)   --->   "call void (...)* @_ssdm_op_SpecInterface(float* @V_data_V_data_2, [8 x i8]* @ap_fifo_str, i32 0, i32 0, [1 x i8]* @p_str, i32 0, i32 0, [1 x i8]* @p_str, [1 x i8]* @p_str, [1 x i8]* @p_str, i32 2, i32 2, i32 16, i32 16, [1 x i8]* @p_str, [1 x i8]* @p_str)"   --->   Operation 45 'specinterface' <Predicate = true> <Delay = 0.00>
ST_5 : Operation 46 [1/1] (0.00ns)   --->   "call void (...)* @_ssdm_op_SpecInterface(float* @V_data_V_data_3, [8 x i8]* @ap_fifo_str, i32 0, i32 0, [1 x i8]* @p_str, i32 0, i32 0, [1 x i8]* @p_str, [1 x i8]* @p_str, [1 x i8]* @p_str, i32 2, i32 2, i32 16, i32 16, [1 x i8]* @p_str, [1 x i8]* @p_str)"   --->   Operation 46 'specinterface' <Predicate = true> <Delay = 0.00>
ST_5 : Operation 47 [1/1] (0.00ns)   --->   "call void (...)* @_ssdm_op_SpecInterface(i27* @Vi_idx_V_data_V_0, [8 x i8]* @ap_fifo_str, i32 0, i32 0, [1 x i8]* @p_str, i32 0, i32 0, [1 x i8]* @p_str, [1 x i8]* @p_str, [1 x i8]* @p_str, i32 2, i32 2, i32 16, i32 16, [1 x i8]* @p_str, [1 x i8]* @p_str)"   --->   Operation 47 'specinterface' <Predicate = true> <Delay = 0.00>
ST_5 : Operation 48 [1/1] (0.00ns)   --->   "call void (...)* @_ssdm_op_SpecInterface(i27* @Vi_idx_V_data_V_1, [8 x i8]* @ap_fifo_str, i32 0, i32 0, [1 x i8]* @p_str, i32 0, i32 0, [1 x i8]* @p_str, [1 x i8]* @p_str, [1 x i8]* @p_str, i32 2, i32 2, i32 16, i32 16, [1 x i8]* @p_str, [1 x i8]* @p_str)"   --->   Operation 48 'specinterface' <Predicate = true> <Delay = 0.00>
ST_5 : Operation 49 [1/1] (0.00ns)   --->   "call void (...)* @_ssdm_op_SpecInterface(i27* @Vi_idx_V_data_V_2, [8 x i8]* @ap_fifo_str, i32 0, i32 0, [1 x i8]* @p_str, i32 0, i32 0, [1 x i8]* @p_str, [1 x i8]* @p_str, [1 x i8]* @p_str, i32 2, i32 2, i32 16, i32 16, [1 x i8]* @p_str, [1 x i8]* @p_str)"   --->   Operation 49 'specinterface' <Predicate = true> <Delay = 0.00>
ST_5 : Operation 50 [1/1] (0.00ns)   --->   "call void (...)* @_ssdm_op_SpecInterface(i27* @Vi_idx_V_data_V_3, [8 x i8]* @ap_fifo_str, i32 0, i32 0, [1 x i8]* @p_str, i32 0, i32 0, [1 x i8]* @p_str, [1 x i8]* @p_str, [1 x i8]* @p_str, i32 2, i32 2, i32 16, i32 16, [1 x i8]* @p_str, [1 x i8]* @p_str)"   --->   Operation 50 'specinterface' <Predicate = true> <Delay = 0.00>
ST_5 : Operation 51 [1/1] (0.00ns)   --->   "call void (...)* @_ssdm_op_SpecInterface(i27* @Vj_idx_V_data_V_0, [8 x i8]* @ap_fifo_str, i32 0, i32 0, [1 x i8]* @p_str, i32 0, i32 0, [1 x i8]* @p_str, [1 x i8]* @p_str, [1 x i8]* @p_str, i32 2, i32 2, i32 16, i32 16, [1 x i8]* @p_str, [1 x i8]* @p_str)"   --->   Operation 51 'specinterface' <Predicate = true> <Delay = 0.00>
ST_5 : Operation 52 [1/1] (0.00ns)   --->   "call void (...)* @_ssdm_op_SpecInterface(i27* @Vj_idx_V_data_V_1, [8 x i8]* @ap_fifo_str, i32 0, i32 0, [1 x i8]* @p_str, i32 0, i32 0, [1 x i8]* @p_str, [1 x i8]* @p_str, [1 x i8]* @p_str, i32 2, i32 2, i32 16, i32 16, [1 x i8]* @p_str, [1 x i8]* @p_str)"   --->   Operation 52 'specinterface' <Predicate = true> <Delay = 0.00>
ST_5 : Operation 53 [1/1] (0.00ns)   --->   "call void (...)* @_ssdm_op_SpecInterface(i27* @Vj_idx_V_data_V_2, [8 x i8]* @ap_fifo_str, i32 0, i32 0, [1 x i8]* @p_str, i32 0, i32 0, [1 x i8]* @p_str, [1 x i8]* @p_str, [1 x i8]* @p_str, i32 2, i32 2, i32 16, i32 16, [1 x i8]* @p_str, [1 x i8]* @p_str)"   --->   Operation 53 'specinterface' <Predicate = true> <Delay = 0.00>
ST_5 : Operation 54 [1/1] (0.00ns)   --->   "call void (...)* @_ssdm_op_SpecInterface(i27* @Vj_idx_V_data_V_3, [8 x i8]* @ap_fifo_str, i32 0, i32 0, [1 x i8]* @p_str, i32 0, i32 0, [1 x i8]* @p_str, [1 x i8]* @p_str, [1 x i8]* @p_str, i32 2, i32 2, i32 16, i32 16, [1 x i8]* @p_str, [1 x i8]* @p_str)"   --->   Operation 54 'specinterface' <Predicate = true> <Delay = 0.00>
ST_5 : Operation 55 [1/1] (0.00ns)   --->   "call void (...)* @_ssdm_op_SpecInterface(float* @fixedData_V_data, [8 x i8]* @ap_fifo_str, i32 0, i32 0, [1 x i8]* @p_str, i32 0, i32 0, [1 x i8]* @p_str, [1 x i8]* @p_str, [1 x i8]* @p_str, i32 2, i32 2, i32 16, i32 16, [1 x i8]* @p_str, [1 x i8]* @p_str)"   --->   Operation 55 'specinterface' <Predicate = true> <Delay = 0.00>
ST_5 : Operation 56 [1/1] (0.00ns)   --->   "call void (...)* @_ssdm_op_SpecInterface(i1* @fixedData_V_tlast_V, [8 x i8]* @ap_fifo_str, i32 0, i32 0, [1 x i8]* @p_str, i32 0, i32 0, [1 x i8]* @p_str, [1 x i8]* @p_str, [1 x i8]* @p_str, i32 2, i32 2, i32 16, i32 16, [1 x i8]* @p_str, [1 x i8]* @p_str)"   --->   Operation 56 'specinterface' <Predicate = true> <Delay = 0.00>
ST_5 : Operation 57 [1/1] (0.00ns)   --->   "call void (...)* @_ssdm_op_SpecInterface(float* @processedData_V_data, [8 x i8]* @ap_fifo_str, i32 0, i32 0, [1 x i8]* @p_str, i32 0, i32 0, [1 x i8]* @p_str, [1 x i8]* @p_str, [1 x i8]* @p_str, i32 2, i32 2, i32 16, i32 16, [1 x i8]* @p_str, [1 x i8]* @p_str)"   --->   Operation 57 'specinterface' <Predicate = true> <Delay = 0.00>
ST_5 : Operation 58 [1/1] (0.00ns)   --->   "call void (...)* @_ssdm_op_SpecInterface(float* @processedData_V_data_1, [8 x i8]* @ap_fifo_str, i32 0, i32 0, [1 x i8]* @p_str, i32 0, i32 0, [1 x i8]* @p_str, [1 x i8]* @p_str, [1 x i8]* @p_str, i32 2, i32 2, i32 16, i32 16, [1 x i8]* @p_str, [1 x i8]* @p_str)"   --->   Operation 58 'specinterface' <Predicate = true> <Delay = 0.00>
ST_5 : Operation 59 [1/1] (0.00ns)   --->   "call void (...)* @_ssdm_op_SpecInterface(float* @processedData_V_data_2, [8 x i8]* @ap_fifo_str, i32 0, i32 0, [1 x i8]* @p_str, i32 0, i32 0, [1 x i8]* @p_str, [1 x i8]* @p_str, [1 x i8]* @p_str, i32 2, i32 2, i32 16, i32 16, [1 x i8]* @p_str, [1 x i8]* @p_str)"   --->   Operation 59 'specinterface' <Predicate = true> <Delay = 0.00>
ST_5 : Operation 60 [1/1] (0.00ns)   --->   "call void (...)* @_ssdm_op_SpecInterface(float* @processedData_V_data_3, [8 x i8]* @ap_fifo_str, i32 0, i32 0, [1 x i8]* @p_str, i32 0, i32 0, [1 x i8]* @p_str, [1 x i8]* @p_str, [1 x i8]* @p_str, i32 2, i32 2, i32 16, i32 16, [1 x i8]* @p_str, [1 x i8]* @p_str)"   --->   Operation 60 'specinterface' <Predicate = true> <Delay = 0.00>
ST_5 : Operation 61 [1/1] (0.00ns)   --->   "call void (...)* @_ssdm_op_SpecBitsMap(i64* %input_V_data), !map !192"   --->   Operation 61 'specbitsmap' <Predicate = true> <Delay = 0.00>
ST_5 : Operation 62 [1/1] (0.00ns)   --->   "call void (...)* @_ssdm_op_SpecBitsMap(float* %output_V_data), !map !203"   --->   Operation 62 'specbitsmap' <Predicate = true> <Delay = 0.00>
ST_5 : Operation 63 [1/1] (0.00ns)   --->   "call void (...)* @_ssdm_op_SpecBitsMap(i1* %output_V_tlast_V), !map !209"   --->   Operation 63 'specbitsmap' <Predicate = true> <Delay = 0.00>
ST_5 : Operation 64 [1/1] (0.00ns)   --->   "call void (...)* @_ssdm_op_SpecBitsMap(i32 %size), !map !213"   --->   Operation 64 'specbitsmap' <Predicate = true> <Delay = 0.00>
ST_5 : Operation 65 [1/1] (0.00ns)   --->   "call void (...)* @_ssdm_op_SpecBitsMap(i32 %FirstRow), !map !219"   --->   Operation 65 'specbitsmap' <Predicate = true> <Delay = 0.00>
ST_5 : Operation 66 [1/1] (0.00ns)   --->   "call void (...)* @_ssdm_op_SpecBitsMap(i32 %LastRow), !map !223"   --->   Operation 66 'specbitsmap' <Predicate = true> <Delay = 0.00>
ST_5 : Operation 67 [1/1] (0.00ns)   --->   "call void (...)* @_ssdm_op_SpecTopModule([14 x i8]* @GapJunctionIP_str) nounwind"   --->   Operation 67 'spectopmodule' <Predicate = true> <Delay = 0.00>
ST_5 : Operation 68 [1/1] (0.00ns)   --->   "call void (...)* @_ssdm_op_SpecInterface(i64* %input_V_data, [5 x i8]* @p_str834, i32 1, i32 1, [5 x i8]* @p_str935, i32 0, i32 0, [1 x i8]* @p_str127, [1 x i8]* @p_str127, [1 x i8]* @p_str127, i32 0, i32 0, i32 0, i32 0, [1 x i8]* @p_str127, [1 x i8]* @p_str127) nounwind"   --->   Operation 68 'specinterface' <Predicate = true> <Delay = 0.00>
ST_5 : Operation 69 [1/1] (0.00ns)   --->   "call void (...)* @_ssdm_op_SpecInterface(float* %output_V_data, i1* %output_V_tlast_V, [5 x i8]* @p_str834, i32 1, i32 1, [5 x i8]* @p_str935, i32 0, i32 0, [1 x i8]* @p_str127, [1 x i8]* @p_str127, [1 x i8]* @p_str127, i32 0, i32 0, i32 0, i32 0, [1 x i8]* @p_str127, [1 x i8]* @p_str127) nounwind" [Stream.cpp:49]   --->   Operation 69 'specinterface' <Predicate = true> <Delay = 0.00>
ST_5 : Operation 70 [1/1] (0.00ns)   --->   "call void (...)* @_ssdm_op_SpecInterface(i32 %size, [10 x i8]* @p_str1036, i32 0, i32 1, [1 x i8]* @p_str127, i32 0, i32 0, [1 x i8]* @p_str127, [1 x i8]* @p_str127, [1 x i8]* @p_str127, i32 0, i32 0, i32 0, i32 0, [1 x i8]* @p_str127, [1 x i8]* @p_str127) nounwind" [Stream.cpp:50]   --->   Operation 70 'specinterface' <Predicate = true> <Delay = 0.00>
ST_5 : Operation 71 [1/1] (0.00ns)   --->   "call void (...)* @_ssdm_op_SpecInterface(i32 %FirstRow, [10 x i8]* @p_str1036, i32 0, i32 1, [1 x i8]* @p_str127, i32 0, i32 0, [1 x i8]* @p_str127, [1 x i8]* @p_str127, [1 x i8]* @p_str127, i32 0, i32 0, i32 0, i32 0, [1 x i8]* @p_str127, [1 x i8]* @p_str127) nounwind" [Stream.cpp:51]   --->   Operation 71 'specinterface' <Predicate = true> <Delay = 0.00>
ST_5 : Operation 72 [1/1] (0.00ns)   --->   "call void (...)* @_ssdm_op_SpecInterface(i32 %LastRow, [10 x i8]* @p_str1036, i32 0, i32 1, [1 x i8]* @p_str127, i32 0, i32 0, [1 x i8]* @p_str127, [1 x i8]* @p_str127, [1 x i8]* @p_str127, i32 0, i32 0, i32 0, i32 0, [1 x i8]* @p_str127, [1 x i8]* @p_str127) nounwind" [Stream.cpp:52]   --->   Operation 72 'specinterface' <Predicate = true> <Delay = 0.00>
ST_5 : Operation 73 [1/1] (0.00ns)   --->   "call void (...)* @_ssdm_op_SpecInterface(i32 0, [14 x i8]* @p_str1137, i32 1, i32 1, [1 x i8]* @p_str127, i32 0, i32 0, [1 x i8]* @p_str127, [1 x i8]* @p_str127, [1 x i8]* @p_str127, i32 0, i32 0, i32 0, i32 0, [1 x i8]* @p_str127, [1 x i8]* @p_str127) nounwind" [Stream.cpp:53]   --->   Operation 73 'specinterface' <Predicate = true> <Delay = 0.00>
ST_5 : Operation 74 [1/2] (0.00ns)   --->   "ret void" [Stream.cpp:59]   --->   Operation 74 'ret' <Predicate = true> <Delay = 0.00>


============================================================
+ Verbose Summary: Binding
============================================================
STG Binding: 
---------------- STG Properties BEGIN ----------------
- Is combinational: 0
- Is one-state seq: 0
- Is datapath-only: 0
- Is pipelined: 0
- Is top level: 1
Port [ Return ] is wired: 0; IO mode=ap_ctrl_chain:ce=0
Port [ input_V_data]:  wired=1; compound=1; hidden=0; nouse=0; global=0; static=0; extern=0; dir=0; type=0; pingpong=0; private_global=0; IO mode=axis:ce=0
Port [ output_V_data]:  wired=1; compound=1; hidden=0; nouse=0; global=0; static=0; extern=0; dir=1; type=0; pingpong=0; private_global=0; IO mode=axis:ce=0
Port [ output_V_tlast_V]:  wired=1; compound=1; hidden=0; nouse=0; global=0; static=0; extern=0; dir=1; type=0; pingpong=0; private_global=0; IO mode=axis:ce=0
Port [ size]:  wired=1; compound=0; hidden=0; nouse=0; global=0; static=0; extern=0; dir=0; type=0; pingpong=0; private_global=0; IO mode=ap_stable:ce=0
Port [ FirstRow]:  wired=1; compound=0; hidden=0; nouse=0; global=0; static=0; extern=0; dir=0; type=0; pingpong=0; private_global=0; IO mode=ap_stable:ce=0
Port [ LastRow]:  wired=1; compound=0; hidden=0; nouse=0; global=0; static=0; extern=0; dir=0; type=0; pingpong=0; private_global=0; IO mode=ap_stable:ce=0
Port [ V_data_V_data_0]:  wired=0; compound=1; hidden=1; nouse=1; global=1; static=1; extern=0; dir=2; type=3; pingpong=0; private_global=1; linkage=7; visibility=0; IO mode=ap_fifo:ce=0
Port [ V_data_V_data_1]:  wired=0; compound=1; hidden=1; nouse=1; global=1; static=1; extern=0; dir=2; type=3; pingpong=0; private_global=1; linkage=7; visibility=0; IO mode=ap_fifo:ce=0
Port [ V_data_V_data_2]:  wired=0; compound=1; hidden=1; nouse=1; global=1; static=1; extern=0; dir=2; type=3; pingpong=0; private_global=1; linkage=7; visibility=0; IO mode=ap_fifo:ce=0
Port [ V_data_V_data_3]:  wired=0; compound=1; hidden=1; nouse=1; global=1; static=1; extern=0; dir=2; type=3; pingpong=0; private_global=1; linkage=7; visibility=0; IO mode=ap_fifo:ce=0
Port [ Vi_idx_V_data_V_0]:  wired=0; compound=1; hidden=1; nouse=1; global=1; static=1; extern=0; dir=2; type=3; pingpong=0; private_global=1; linkage=7; visibility=0; IO mode=ap_fifo:ce=0
Port [ Vi_idx_V_data_V_1]:  wired=0; compound=1; hidden=1; nouse=1; global=1; static=1; extern=0; dir=2; type=3; pingpong=0; private_global=1; linkage=7; visibility=0; IO mode=ap_fifo:ce=0
Port [ Vi_idx_V_data_V_2]:  wired=0; compound=1; hidden=1; nouse=1; global=1; static=1; extern=0; dir=2; type=3; pingpong=0; private_global=1; linkage=7; visibility=0; IO mode=ap_fifo:ce=0
Port [ Vi_idx_V_data_V_3]:  wired=0; compound=1; hidden=1; nouse=1; global=1; static=1; extern=0; dir=2; type=3; pingpong=0; private_global=1; linkage=7; visibility=0; IO mode=ap_fifo:ce=0
Port [ Vj_idx_V_data_V_0]:  wired=0; compound=1; hidden=1; nouse=1; global=1; static=1; extern=0; dir=2; type=3; pingpong=0; private_global=1; linkage=7; visibility=0; IO mode=ap_fifo:ce=0
Port [ Vj_idx_V_data_V_1]:  wired=0; compound=1; hidden=1; nouse=1; global=1; static=1; extern=0; dir=2; type=3; pingpong=0; private_global=1; linkage=7; visibility=0; IO mode=ap_fifo:ce=0
Port [ Vj_idx_V_data_V_2]:  wired=0; compound=1; hidden=1; nouse=1; global=1; static=1; extern=0; dir=2; type=3; pingpong=0; private_global=1; linkage=7; visibility=0; IO mode=ap_fifo:ce=0
Port [ Vj_idx_V_data_V_3]:  wired=0; compound=1; hidden=1; nouse=1; global=1; static=1; extern=0; dir=2; type=3; pingpong=0; private_global=1; linkage=7; visibility=0; IO mode=ap_fifo:ce=0
Port [ fixedData_V_data]:  wired=0; compound=1; hidden=1; nouse=1; global=1; static=1; extern=0; dir=2; type=3; pingpong=0; private_global=1; linkage=7; visibility=0; IO mode=ap_fifo:ce=0
Port [ fixedData_V_tlast_V]:  wired=0; compound=1; hidden=1; nouse=1; global=1; static=1; extern=0; dir=2; type=3; pingpong=0; private_global=1; linkage=7; visibility=0; IO mode=ap_fifo:ce=0
Port [ processedData_V_data]:  wired=0; compound=1; hidden=1; nouse=1; global=1; static=1; extern=0; dir=2; type=3; pingpong=0; private_global=1; linkage=7; visibility=0; IO mode=ap_fifo:ce=0
Port [ processedData_V_data_1]:  wired=0; compound=1; hidden=1; nouse=1; global=1; static=1; extern=0; dir=2; type=3; pingpong=0; private_global=1; linkage=7; visibility=0; IO mode=ap_fifo:ce=0
Port [ processedData_V_data_2]:  wired=0; compound=1; hidden=1; nouse=1; global=1; static=1; extern=0; dir=2; type=3; pingpong=0; private_global=1; linkage=7; visibility=0; IO mode=ap_fifo:ce=0
Port [ processedData_V_data_3]:  wired=0; compound=1; hidden=1; nouse=1; global=1; static=1; extern=0; dir=2; type=3; pingpong=0; private_global=1; linkage=7; visibility=0; IO mode=ap_fifo:ce=0
Port [ V_V_data_0]:  wired=0; compound=1; hidden=1; nouse=1; global=1; static=1; extern=0; dir=2; type=3; pingpong=0; private_global=1; linkage=7; visibility=0; IO mode=ap_fifo:ce=0
Port [ V_V_data_1]:  wired=0; compound=1; hidden=1; nouse=1; global=1; static=1; extern=0; dir=2; type=3; pingpong=0; private_global=1; linkage=7; visibility=0; IO mode=ap_fifo:ce=0
Port [ V_V_data_2]:  wired=0; compound=1; hidden=1; nouse=1; global=1; static=1; extern=0; dir=2; type=3; pingpong=0; private_global=1; linkage=7; visibility=0; IO mode=ap_fifo:ce=0
Port [ V_V_data_3]:  wired=0; compound=1; hidden=1; nouse=1; global=1; static=1; extern=0; dir=2; type=3; pingpong=0; private_global=1; linkage=7; visibility=0; IO mode=ap_fifo:ce=0
Port [ F_V_data_0]:  wired=0; compound=1; hidden=1; nouse=1; global=1; static=1; extern=0; dir=2; type=3; pingpong=0; private_global=1; linkage=7; visibility=0; IO mode=ap_fifo:ce=0
Port [ F_V_data_1]:  wired=0; compound=1; hidden=1; nouse=1; global=1; static=1; extern=0; dir=2; type=3; pingpong=0; private_global=1; linkage=7; visibility=0; IO mode=ap_fifo:ce=0
Port [ F_V_data_2]:  wired=0; compound=1; hidden=1; nouse=1; global=1; static=1; extern=0; dir=2; type=3; pingpong=0; private_global=1; linkage=7; visibility=0; IO mode=ap_fifo:ce=0
Port [ F_V_data_3]:  wired=0; compound=1; hidden=1; nouse=1; global=1; static=1; extern=0; dir=2; type=3; pingpong=0; private_global=1; linkage=7; visibility=0; IO mode=ap_fifo:ce=0
Port [ F_acc_V_data_0]:  wired=0; compound=1; hidden=1; nouse=1; global=1; static=1; extern=0; dir=2; type=3; pingpong=0; private_global=1; linkage=7; visibility=0; IO mode=ap_fifo:ce=0
Port [ F_acc_V_data_1]:  wired=0; compound=1; hidden=1; nouse=1; global=1; static=1; extern=0; dir=2; type=3; pingpong=0; private_global=1; linkage=7; visibility=0; IO mode=ap_fifo:ce=0
Port [ F_acc_V_data_2]:  wired=0; compound=1; hidden=1; nouse=1; global=1; static=1; extern=0; dir=2; type=3; pingpong=0; private_global=1; linkage=7; visibility=0; IO mode=ap_fifo:ce=0
Port [ F_acc_V_data_3]:  wired=0; compound=1; hidden=1; nouse=1; global=1; static=1; extern=0; dir=2; type=3; pingpong=0; private_global=1; linkage=7; visibility=0; IO mode=ap_fifo:ce=0
Port [ V_acc_V_data_0]:  wired=0; compound=1; hidden=1; nouse=1; global=1; static=1; extern=0; dir=2; type=3; pingpong=0; private_global=1; linkage=7; visibility=0; IO mode=ap_fifo:ce=0
Port [ V_acc_V_data_1]:  wired=0; compound=1; hidden=1; nouse=1; global=1; static=1; extern=0; dir=2; type=3; pingpong=0; private_global=1; linkage=7; visibility=0; IO mode=ap_fifo:ce=0
Port [ V_acc_V_data_2]:  wired=0; compound=1; hidden=1; nouse=1; global=1; static=1; extern=0; dir=2; type=3; pingpong=0; private_global=1; linkage=7; visibility=0; IO mode=ap_fifo:ce=0
Port [ V_acc_V_data_3]:  wired=0; compound=1; hidden=1; nouse=1; global=1; static=1; extern=0; dir=2; type=3; pingpong=0; private_global=1; linkage=7; visibility=0; IO mode=ap_fifo:ce=0
---------------- STG Properties END ------------------

---------------- Datapath Model BEGIN ----------------

<LifeTime>
<method=bitvector/>
LastRow_read         (read         ) [ 000000]
FirstRow_read        (read         ) [ 000000]
simConfig_rowBegin_V (trunc        ) [ 001110]
simConfig_rowEnd_V   (trunc        ) [ 001110]
tmp_s                (sub          ) [ 000000]
tmp_4                (bitselect    ) [ 001000]
p_neg6               (sub          ) [ 000000]
tmp                  (partselect   ) [ 001000]
tmp_6                (partselect   ) [ 001000]
size_read            (read         ) [ 000110]
tmp_5                (sub          ) [ 000000]
simConfig_rowsToSimu (select       ) [ 000110]
tmp_10               (bitselect    ) [ 000100]
p_neg                (sub          ) [ 000000]
tmp_7                (partselect   ) [ 000000]
tmp_8                (sub          ) [ 000100]
tmp_9                (partselect   ) [ 000100]
simConfig_BLOCK_NUMB (select       ) [ 000010]
StgValue_25          (call         ) [ 000000]
StgValue_27          (specinterface) [ 000000]
StgValue_28          (specinterface) [ 000000]
StgValue_29          (specinterface) [ 000000]
StgValue_30          (specinterface) [ 000000]
StgValue_31          (specinterface) [ 000000]
StgValue_32          (specinterface) [ 000000]
StgValue_33          (specinterface) [ 000000]
StgValue_34          (specinterface) [ 000000]
StgValue_35          (specinterface) [ 000000]
StgValue_36          (specinterface) [ 000000]
StgValue_37          (specinterface) [ 000000]
StgValue_38          (specinterface) [ 000000]
StgValue_39          (specinterface) [ 000000]
StgValue_40          (specinterface) [ 000000]
StgValue_41          (specinterface) [ 000000]
StgValue_42          (specinterface) [ 000000]
StgValue_43          (specinterface) [ 000000]
StgValue_44          (specinterface) [ 000000]
StgValue_45          (specinterface) [ 000000]
StgValue_46          (specinterface) [ 000000]
StgValue_47          (specinterface) [ 000000]
StgValue_48          (specinterface) [ 000000]
StgValue_49          (specinterface) [ 000000]
StgValue_50          (specinterface) [ 000000]
StgValue_51          (specinterface) [ 000000]
StgValue_52          (specinterface) [ 000000]
StgValue_53          (specinterface) [ 000000]
StgValue_54          (specinterface) [ 000000]
StgValue_55          (specinterface) [ 000000]
StgValue_56          (specinterface) [ 000000]
StgValue_57          (specinterface) [ 000000]
StgValue_58          (specinterface) [ 000000]
StgValue_59          (specinterface) [ 000000]
StgValue_60          (specinterface) [ 000000]
StgValue_61          (specbitsmap  ) [ 000000]
StgValue_62          (specbitsmap  ) [ 000000]
StgValue_63          (specbitsmap  ) [ 000000]
StgValue_64          (specbitsmap  ) [ 000000]
StgValue_65          (specbitsmap  ) [ 000000]
StgValue_66          (specbitsmap  ) [ 000000]
StgValue_67          (spectopmodule) [ 000000]
StgValue_68          (specinterface) [ 000000]
StgValue_69          (specinterface) [ 000000]
StgValue_70          (specinterface) [ 000000]
StgValue_71          (specinterface) [ 000000]
StgValue_72          (specinterface) [ 000000]
StgValue_73          (specinterface) [ 000000]
StgValue_74          (ret          ) [ 000000]
</LifeTime>

<model>

<comp_list>
<comp id="0" class="1000" name="input_V_data">
<pin_list>
<pin id="1" dir="1" index="0" bw="1" slack="0"/>
</pin_list>
<bind>
<StgValue><ssdm name="input_V_data"/></StgValue>
</bind>
</comp>

<comp id="2" class="1000" name="output_V_data">
<pin_list>
<pin id="3" dir="1" index="0" bw="1" slack="0"/>
</pin_list>
<bind>
<StgValue><ssdm name="output_V_data"/></StgValue>
</bind>
</comp>

<comp id="4" class="1000" name="output_V_tlast_V">
<pin_list>
<pin id="5" dir="1" index="0" bw="1" slack="0"/>
</pin_list>
<bind>
<StgValue><ssdm name="output_V_tlast_V"/></StgValue>
</bind>
</comp>

<comp id="6" class="1000" name="size">
<pin_list>
<pin id="7" dir="1" index="0" bw="1" slack="0"/>
</pin_list>
<bind>
<StgValue><ssdm name="size"/></StgValue>
</bind>
</comp>

<comp id="8" class="1000" name="FirstRow">
<pin_list>
<pin id="9" dir="1" index="0" bw="1" slack="0"/>
</pin_list>
<bind>
<StgValue><ssdm name="FirstRow"/></StgValue>
</bind>
</comp>

<comp id="10" class="1000" name="LastRow">
<pin_list>
<pin id="11" dir="1" index="0" bw="1" slack="0"/>
</pin_list>
<bind>
<StgValue><ssdm name="LastRow"/></StgValue>
</bind>
</comp>

<comp id="12" class="1000" name="V_data_V_data_0">
<pin_list>
<pin id="13" dir="1" index="0" bw="1" slack="0"/>
</pin_list>
<bind>
<StgValue><ssdm name="V_data_V_data_0"/></StgValue>
</bind>
</comp>

<comp id="14" class="1000" name="V_data_V_data_1">
<pin_list>
<pin id="15" dir="1" index="0" bw="1" slack="0"/>
</pin_list>
<bind>
<StgValue><ssdm name="V_data_V_data_1"/></StgValue>
</bind>
</comp>

<comp id="16" class="1000" name="V_data_V_data_2">
<pin_list>
<pin id="17" dir="1" index="0" bw="1" slack="0"/>
</pin_list>
<bind>
<StgValue><ssdm name="V_data_V_data_2"/></StgValue>
</bind>
</comp>

<comp id="18" class="1000" name="V_data_V_data_3">
<pin_list>
<pin id="19" dir="1" index="0" bw="1" slack="0"/>
</pin_list>
<bind>
<StgValue><ssdm name="V_data_V_data_3"/></StgValue>
</bind>
</comp>

<comp id="20" class="1000" name="Vi_idx_V_data_V_0">
<pin_list>
<pin id="21" dir="1" index="0" bw="1" slack="0"/>
</pin_list>
<bind>
<StgValue><ssdm name="Vi_idx_V_data_V_0"/></StgValue>
</bind>
</comp>

<comp id="22" class="1000" name="Vi_idx_V_data_V_1">
<pin_list>
<pin id="23" dir="1" index="0" bw="1" slack="0"/>
</pin_list>
<bind>
<StgValue><ssdm name="Vi_idx_V_data_V_1"/></StgValue>
</bind>
</comp>

<comp id="24" class="1000" name="Vi_idx_V_data_V_2">
<pin_list>
<pin id="25" dir="1" index="0" bw="1" slack="0"/>
</pin_list>
<bind>
<StgValue><ssdm name="Vi_idx_V_data_V_2"/></StgValue>
</bind>
</comp>

<comp id="26" class="1000" name="Vi_idx_V_data_V_3">
<pin_list>
<pin id="27" dir="1" index="0" bw="1" slack="0"/>
</pin_list>
<bind>
<StgValue><ssdm name="Vi_idx_V_data_V_3"/></StgValue>
</bind>
</comp>

<comp id="28" class="1000" name="Vj_idx_V_data_V_0">
<pin_list>
<pin id="29" dir="1" index="0" bw="1" slack="0"/>
</pin_list>
<bind>
<StgValue><ssdm name="Vj_idx_V_data_V_0"/></StgValue>
</bind>
</comp>

<comp id="30" class="1000" name="Vj_idx_V_data_V_1">
<pin_list>
<pin id="31" dir="1" index="0" bw="1" slack="0"/>
</pin_list>
<bind>
<StgValue><ssdm name="Vj_idx_V_data_V_1"/></StgValue>
</bind>
</comp>

<comp id="32" class="1000" name="Vj_idx_V_data_V_2">
<pin_list>
<pin id="33" dir="1" index="0" bw="1" slack="0"/>
</pin_list>
<bind>
<StgValue><ssdm name="Vj_idx_V_data_V_2"/></StgValue>
</bind>
</comp>

<comp id="34" class="1000" name="Vj_idx_V_data_V_3">
<pin_list>
<pin id="35" dir="1" index="0" bw="1" slack="0"/>
</pin_list>
<bind>
<StgValue><ssdm name="Vj_idx_V_data_V_3"/></StgValue>
</bind>
</comp>

<comp id="36" class="1000" name="fixedData_V_data">
<pin_list>
<pin id="37" dir="1" index="0" bw="1" slack="0"/>
</pin_list>
<bind>
<StgValue><ssdm name="fixedData_V_data"/></StgValue>
</bind>
</comp>

<comp id="38" class="1000" name="fixedData_V_tlast_V">
<pin_list>
<pin id="39" dir="1" index="0" bw="1" slack="0"/>
</pin_list>
<bind>
<StgValue><ssdm name="fixedData_V_tlast_V"/></StgValue>
</bind>
</comp>

<comp id="40" class="1000" name="processedData_V_data">
<pin_list>
<pin id="41" dir="1" index="0" bw="1" slack="0"/>
</pin_list>
<bind>
<StgValue><ssdm name="processedData_V_data"/></StgValue>
</bind>
</comp>

<comp id="42" class="1000" name="processedData_V_data_1">
<pin_list>
<pin id="43" dir="1" index="0" bw="1" slack="0"/>
</pin_list>
<bind>
<StgValue><ssdm name="processedData_V_data_1"/></StgValue>
</bind>
</comp>

<comp id="44" class="1000" name="processedData_V_data_2">
<pin_list>
<pin id="45" dir="1" index="0" bw="1" slack="0"/>
</pin_list>
<bind>
<StgValue><ssdm name="processedData_V_data_2"/></StgValue>
</bind>
</comp>

<comp id="46" class="1000" name="processedData_V_data_3">
<pin_list>
<pin id="47" dir="1" index="0" bw="1" slack="0"/>
</pin_list>
<bind>
<StgValue><ssdm name="processedData_V_data_3"/></StgValue>
</bind>
</comp>

<comp id="48" class="1000" name="V_V_data_0">
<pin_list>
<pin id="49" dir="1" index="0" bw="1" slack="0"/>
</pin_list>
<bind>
<StgValue><ssdm name="V_V_data_0"/></StgValue>
</bind>
</comp>

<comp id="50" class="1000" name="V_V_data_1">
<pin_list>
<pin id="51" dir="1" index="0" bw="1" slack="0"/>
</pin_list>
<bind>
<StgValue><ssdm name="V_V_data_1"/></StgValue>
</bind>
</comp>

<comp id="52" class="1000" name="V_V_data_2">
<pin_list>
<pin id="53" dir="1" index="0" bw="1" slack="0"/>
</pin_list>
<bind>
<StgValue><ssdm name="V_V_data_2"/></StgValue>
</bind>
</comp>

<comp id="54" class="1000" name="V_V_data_3">
<pin_list>
<pin id="55" dir="1" index="0" bw="1" slack="0"/>
</pin_list>
<bind>
<StgValue><ssdm name="V_V_data_3"/></StgValue>
</bind>
</comp>

<comp id="56" class="1000" name="F_V_data_0">
<pin_list>
<pin id="57" dir="1" index="0" bw="1" slack="0"/>
</pin_list>
<bind>
<StgValue><ssdm name="F_V_data_0"/></StgValue>
</bind>
</comp>

<comp id="58" class="1000" name="F_V_data_1">
<pin_list>
<pin id="59" dir="1" index="0" bw="1" slack="0"/>
</pin_list>
<bind>
<StgValue><ssdm name="F_V_data_1"/></StgValue>
</bind>
</comp>

<comp id="60" class="1000" name="F_V_data_2">
<pin_list>
<pin id="61" dir="1" index="0" bw="1" slack="0"/>
</pin_list>
<bind>
<StgValue><ssdm name="F_V_data_2"/></StgValue>
</bind>
</comp>

<comp id="62" class="1000" name="F_V_data_3">
<pin_list>
<pin id="63" dir="1" index="0" bw="1" slack="0"/>
</pin_list>
<bind>
<StgValue><ssdm name="F_V_data_3"/></StgValue>
</bind>
</comp>

<comp id="64" class="1000" name="F_acc_V_data_0">
<pin_list>
<pin id="65" dir="1" index="0" bw="1" slack="0"/>
</pin_list>
<bind>
<StgValue><ssdm name="F_acc_V_data_0"/></StgValue>
</bind>
</comp>

<comp id="66" class="1000" name="F_acc_V_data_1">
<pin_list>
<pin id="67" dir="1" index="0" bw="1" slack="0"/>
</pin_list>
<bind>
<StgValue><ssdm name="F_acc_V_data_1"/></StgValue>
</bind>
</comp>

<comp id="68" class="1000" name="F_acc_V_data_2">
<pin_list>
<pin id="69" dir="1" index="0" bw="1" slack="0"/>
</pin_list>
<bind>
<StgValue><ssdm name="F_acc_V_data_2"/></StgValue>
</bind>
</comp>

<comp id="70" class="1000" name="F_acc_V_data_3">
<pin_list>
<pin id="71" dir="1" index="0" bw="1" slack="0"/>
</pin_list>
<bind>
<StgValue><ssdm name="F_acc_V_data_3"/></StgValue>
</bind>
</comp>

<comp id="72" class="1000" name="V_acc_V_data_0">
<pin_list>
<pin id="73" dir="1" index="0" bw="1" slack="0"/>
</pin_list>
<bind>
<StgValue><ssdm name="V_acc_V_data_0"/></StgValue>
</bind>
</comp>

<comp id="74" class="1000" name="V_acc_V_data_1">
<pin_list>
<pin id="75" dir="1" index="0" bw="1" slack="0"/>
</pin_list>
<bind>
<StgValue><ssdm name="V_acc_V_data_1"/></StgValue>
</bind>
</comp>

<comp id="76" class="1000" name="V_acc_V_data_2">
<pin_list>
<pin id="77" dir="1" index="0" bw="1" slack="0"/>
</pin_list>
<bind>
<StgValue><ssdm name="V_acc_V_data_2"/></StgValue>
</bind>
</comp>

<comp id="78" class="1000" name="V_acc_V_data_3">
<pin_list>
<pin id="79" dir="1" index="0" bw="1" slack="0"/>
</pin_list>
<bind>
<StgValue><ssdm name="V_acc_V_data_3"/></StgValue>
</bind>
</comp>

<comp id="80" class="1001" name="const_80">
<pin_list>
<pin id="81" dir="1" index="0" bw="1" slack="0"/>
</pin_list>
<bind>
<StgValue><ssdm name="_ssdm_op_Read.ap_stable.i32"/></StgValue>
</bind>
</comp>

<comp id="82" class="1001" name="const_82">
<pin_list>
<pin id="83" dir="1" index="0" bw="1" slack="0"/>
</pin_list>
<bind>
<StgValue><ssdm name="_ssdm_op_BitSelect.i1.i32.i32"/></StgValue>
</bind>
</comp>

<comp id="84" class="1001" name="const_84">
<pin_list>
<pin id="85" dir="1" index="0" bw="1" slack="0"/>
</pin_list>
<bind>
<StgValue><ssdm name=""/></StgValue>
</bind>
</comp>

<comp id="86" class="1001" name="const_86">
<pin_list>
<pin id="87" dir="1" index="0" bw="1" slack="0"/>
</pin_list>
<bind>
<StgValue><ssdm name=""/></StgValue>
</bind>
</comp>

<comp id="88" class="1001" name="const_88">
<pin_list>
<pin id="89" dir="1" index="0" bw="1" slack="0"/>
</pin_list>
<bind>
<StgValue><ssdm name="_ssdm_op_PartSelect.i27.i32.i32.i32"/></StgValue>
</bind>
</comp>

<comp id="90" class="1001" name="const_90">
<pin_list>
<pin id="91" dir="1" index="0" bw="1" slack="0"/>
</pin_list>
<bind>
<StgValue><ssdm name=""/></StgValue>
</bind>
</comp>

<comp id="92" class="1001" name="const_92">
<pin_list>
<pin id="93" dir="1" index="0" bw="1" slack="0"/>
</pin_list>
<bind>
<StgValue><ssdm name=""/></StgValue>
</bind>
</comp>

<comp id="94" class="1001" name="const_94">
<pin_list>
<pin id="95" dir="1" index="0" bw="1" slack="0"/>
</pin_list>
<bind>
<StgValue><ssdm name=""/></StgValue>
</bind>
</comp>

<comp id="96" class="1001" name="const_96">
<pin_list>
<pin id="97" dir="1" index="0" bw="1" slack="0"/>
</pin_list>
<bind>
<StgValue><ssdm name="execute"/></StgValue>
</bind>
</comp>

<comp id="98" class="1001" name="const_98">
<pin_list>
<pin id="99" dir="1" index="0" bw="1" slack="2147483647"/>
</pin_list>
<bind>
<StgValue><ssdm name="_ssdm_op_SpecInterface"/></StgValue>
</bind>
</comp>

<comp id="100" class="1001" name="const_100">
<pin_list>
<pin id="101" dir="1" index="0" bw="1" slack="2147483647"/>
</pin_list>
<bind>
<StgValue><ssdm name="ap_fifo_str"/></StgValue>
</bind>
</comp>

<comp id="102" class="1001" name="const_102">
<pin_list>
<pin id="103" dir="1" index="0" bw="1" slack="2147483647"/>
</pin_list>
<bind>
<StgValue><ssdm name="p_str"/></StgValue>
</bind>
</comp>

<comp id="104" class="1001" name="const_104">
<pin_list>
<pin id="105" dir="1" index="0" bw="1" slack="2147483647"/>
</pin_list>
<bind>
<StgValue><ssdm name=""/></StgValue>
</bind>
</comp>

<comp id="106" class="1001" name="const_106">
<pin_list>
<pin id="107" dir="1" index="0" bw="1" slack="2147483647"/>
</pin_list>
<bind>
<StgValue><ssdm name="_ssdm_op_SpecBitsMap"/></StgValue>
</bind>
</comp>

<comp id="108" class="1001" name="const_108">
<pin_list>
<pin id="109" dir="1" index="0" bw="1" slack="2147483647"/>
</pin_list>
<bind>
<StgValue><ssdm name="_ssdm_op_SpecTopModule"/></StgValue>
</bind>
</comp>

<comp id="110" class="1001" name="const_110">
<pin_list>
<pin id="111" dir="1" index="0" bw="1" slack="2147483647"/>
</pin_list>
<bind>
<StgValue><ssdm name="GapJunctionIP_str"/></StgValue>
</bind>
</comp>

<comp id="112" class="1001" name="const_112">
<pin_list>
<pin id="113" dir="1" index="0" bw="1" slack="2147483647"/>
</pin_list>
<bind>
<StgValue><ssdm name="p_str834"/></StgValue>
</bind>
</comp>

<comp id="114" class="1001" name="const_114">
<pin_list>
<pin id="115" dir="1" index="0" bw="1" slack="2147483647"/>
</pin_list>
<bind>
<StgValue><ssdm name=""/></StgValue>
</bind>
</comp>

<comp id="116" class="1001" name="const_116">
<pin_list>
<pin id="117" dir="1" index="0" bw="1" slack="2147483647"/>
</pin_list>
<bind>
<StgValue><ssdm name="p_str935"/></StgValue>
</bind>
</comp>

<comp id="118" class="1001" name="const_118">
<pin_list>
<pin id="119" dir="1" index="0" bw="1" slack="2147483647"/>
</pin_list>
<bind>
<StgValue><ssdm name="p_str127"/></StgValue>
</bind>
</comp>

<comp id="120" class="1001" name="const_120">
<pin_list>
<pin id="121" dir="1" index="0" bw="1" slack="2147483647"/>
</pin_list>
<bind>
<StgValue><ssdm name="p_str1036"/></StgValue>
</bind>
</comp>

<comp id="122" class="1001" name="const_122">
<pin_list>
<pin id="123" dir="1" index="0" bw="1" slack="2147483647"/>
</pin_list>
<bind>
<StgValue><ssdm name="p_str1137"/></StgValue>
</bind>
</comp>

<comp id="124" class="1004" name="LastRow_read_read_fu_124">
<pin_list>
<pin id="125" dir="0" index="0" bw="32" slack="0"/>
<pin id="126" dir="0" index="1" bw="32" slack="0"/>
<pin id="127" dir="1" index="2" bw="32" slack="0"/>
</pin_list>
<bind>
<opcode="read(1150) " fcode="read"/>
<opset="LastRow_read/1 "/>
</bind>
</comp>

<comp id="130" class="1004" name="FirstRow_read_read_fu_130">
<pin_list>
<pin id="131" dir="0" index="0" bw="32" slack="0"/>
<pin id="132" dir="0" index="1" bw="32" slack="0"/>
<pin id="133" dir="1" index="2" bw="32" slack="0"/>
</pin_list>
<bind>
<opcode="read(1150) " fcode="read"/>
<opset="FirstRow_read/1 "/>
</bind>
</comp>

<comp id="136" class="1004" name="size_read_read_fu_136">
<pin_list>
<pin id="137" dir="0" index="0" bw="32" slack="0"/>
<pin id="138" dir="0" index="1" bw="32" slack="0"/>
<pin id="139" dir="1" index="2" bw="32" slack="0"/>
</pin_list>
<bind>
<opcode="read(1150) " fcode="read"/>
<opset="size_read/2 "/>
</bind>
</comp>

<comp id="142" class="1004" name="grp_execute_fu_142">
<pin_list>
<pin id="143" dir="0" index="0" bw="0" slack="0"/>
<pin id="144" dir="0" index="1" bw="64" slack="0"/>
<pin id="145" dir="0" index="2" bw="32" slack="0"/>
<pin id="146" dir="0" index="3" bw="1" slack="0"/>
<pin id="147" dir="0" index="4" bw="27" slack="2"/>
<pin id="148" dir="0" index="5" bw="27" slack="2"/>
<pin id="149" dir="0" index="6" bw="27" slack="1"/>
<pin id="150" dir="0" index="7" bw="27" slack="0"/>
<pin id="151" dir="0" index="8" bw="32" slack="1"/>
<pin id="152" dir="0" index="9" bw="32" slack="0"/>
<pin id="153" dir="0" index="10" bw="32" slack="0"/>
<pin id="154" dir="0" index="11" bw="32" slack="0"/>
<pin id="155" dir="0" index="12" bw="32" slack="0"/>
<pin id="156" dir="0" index="13" bw="27" slack="0"/>
<pin id="157" dir="0" index="14" bw="27" slack="0"/>
<pin id="158" dir="0" index="15" bw="27" slack="0"/>
<pin id="159" dir="0" index="16" bw="27" slack="0"/>
<pin id="160" dir="0" index="17" bw="27" slack="0"/>
<pin id="161" dir="0" index="18" bw="27" slack="0"/>
<pin id="162" dir="0" index="19" bw="27" slack="0"/>
<pin id="163" dir="0" index="20" bw="27" slack="0"/>
<pin id="164" dir="0" index="21" bw="32" slack="0"/>
<pin id="165" dir="0" index="22" bw="1" slack="0"/>
<pin id="166" dir="0" index="23" bw="32" slack="0"/>
<pin id="167" dir="0" index="24" bw="32" slack="0"/>
<pin id="168" dir="0" index="25" bw="32" slack="0"/>
<pin id="169" dir="0" index="26" bw="32" slack="0"/>
<pin id="170" dir="0" index="27" bw="32" slack="0"/>
<pin id="171" dir="0" index="28" bw="32" slack="0"/>
<pin id="172" dir="0" index="29" bw="32" slack="0"/>
<pin id="173" dir="0" index="30" bw="32" slack="0"/>
<pin id="174" dir="0" index="31" bw="32" slack="0"/>
<pin id="175" dir="0" index="32" bw="32" slack="0"/>
<pin id="176" dir="0" index="33" bw="32" slack="0"/>
<pin id="177" dir="0" index="34" bw="32" slack="0"/>
<pin id="178" dir="0" index="35" bw="32" slack="0"/>
<pin id="179" dir="0" index="36" bw="32" slack="0"/>
<pin id="180" dir="0" index="37" bw="32" slack="0"/>
<pin id="181" dir="0" index="38" bw="32" slack="0"/>
<pin id="182" dir="0" index="39" bw="32" slack="0"/>
<pin id="183" dir="0" index="40" bw="32" slack="0"/>
<pin id="184" dir="0" index="41" bw="32" slack="0"/>
<pin id="185" dir="0" index="42" bw="32" slack="0"/>
<pin id="186" dir="1" index="43" bw="0" slack="2147483647"/>
</pin_list>
<bind>
<opcode="call(48) " fcode="call"/>
<opset="StgValue_24/3 "/>
</bind>
</comp>

<comp id="225" class="1004" name="simConfig_rowBegin_V_fu_225">
<pin_list>
<pin id="226" dir="0" index="0" bw="32" slack="0"/>
<pin id="227" dir="1" index="1" bw="27" slack="2"/>
</pin_list>
<bind>
<opcode="trunc(33) " fcode="trunc"/>
<opset="simConfig_rowBegin_V/1 "/>
</bind>
</comp>

<comp id="229" class="1004" name="simConfig_rowEnd_V_fu_229">
<pin_list>
<pin id="230" dir="0" index="0" bw="32" slack="0"/>
<pin id="231" dir="1" index="1" bw="27" slack="2"/>
</pin_list>
<bind>
<opcode="trunc(33) " fcode="trunc"/>
<opset="simConfig_rowEnd_V/1 "/>
</bind>
</comp>

<comp id="233" class="1004" name="tmp_s_fu_233">
<pin_list>
<pin id="234" dir="0" index="0" bw="32" slack="0"/>
<pin id="235" dir="0" index="1" bw="32" slack="0"/>
<pin id="236" dir="1" index="2" bw="32" slack="0"/>
</pin_list>
<bind>
<opcode="sub(10) " fcode="sub"/>
<opset="tmp_s/1 "/>
</bind>
</comp>

<comp id="239" class="1004" name="tmp_4_fu_239">
<pin_list>
<pin id="240" dir="0" index="0" bw="1" slack="0"/>
<pin id="241" dir="0" index="1" bw="32" slack="0"/>
<pin id="242" dir="0" index="2" bw="6" slack="0"/>
<pin id="243" dir="1" index="3" bw="1" slack="1"/>
</pin_list>
<bind>
<opcode="bitselect(1000) " fcode="bitselect"/>
<opset="tmp_4/1 "/>
</bind>
</comp>

<comp id="247" class="1004" name="p_neg6_fu_247">
<pin_list>
<pin id="248" dir="0" index="0" bw="1" slack="0"/>
<pin id="249" dir="0" index="1" bw="32" slack="0"/>
<pin id="250" dir="1" index="2" bw="32" slack="0"/>
</pin_list>
<bind>
<opcode="sub(10) " fcode="sub"/>
<opset="p_neg6/1 "/>
</bind>
</comp>

<comp id="253" class="1004" name="tmp_fu_253">
<pin_list>
<pin id="254" dir="0" index="0" bw="27" slack="0"/>
<pin id="255" dir="0" index="1" bw="32" slack="0"/>
<pin id="256" dir="0" index="2" bw="3" slack="0"/>
<pin id="257" dir="0" index="3" bw="6" slack="0"/>
<pin id="258" dir="1" index="4" bw="27" slack="1"/>
</pin_list>
<bind>
<opcode="partselect(1002) " fcode="partselect"/>
<opset="tmp/1 "/>
</bind>
</comp>

<comp id="263" class="1004" name="tmp_6_fu_263">
<pin_list>
<pin id="264" dir="0" index="0" bw="27" slack="0"/>
<pin id="265" dir="0" index="1" bw="32" slack="0"/>
<pin id="266" dir="0" index="2" bw="3" slack="0"/>
<pin id="267" dir="0" index="3" bw="6" slack="0"/>
<pin id="268" dir="1" index="4" bw="27" slack="1"/>
</pin_list>
<bind>
<opcode="partselect(1002) " fcode="partselect"/>
<opset="tmp_6/1 "/>
</bind>
</comp>

<comp id="273" class="1004" name="tmp_5_fu_273">
<pin_list>
<pin id="274" dir="0" index="0" bw="1" slack="0"/>
<pin id="275" dir="0" index="1" bw="27" slack="1"/>
<pin id="276" dir="1" index="2" bw="27" slack="0"/>
</pin_list>
<bind>
<opcode="sub(10) " fcode="sub"/>
<opset="tmp_5/2 "/>
</bind>
</comp>

<comp id="278" class="1004" name="simConfig_rowsToSimu_fu_278">
<pin_list>
<pin id="279" dir="0" index="0" bw="1" slack="1"/>
<pin id="280" dir="0" index="1" bw="27" slack="0"/>
<pin id="281" dir="0" index="2" bw="27" slack="1"/>
<pin id="282" dir="1" index="3" bw="27" slack="1"/>
</pin_list>
<bind>
<opcode="select(49) " fcode="select"/>
<opset="simConfig_rowsToSimu/2 "/>
</bind>
</comp>

<comp id="284" class="1004" name="tmp_10_fu_284">
<pin_list>
<pin id="285" dir="0" index="0" bw="1" slack="0"/>
<pin id="286" dir="0" index="1" bw="32" slack="0"/>
<pin id="287" dir="0" index="2" bw="6" slack="0"/>
<pin id="288" dir="1" index="3" bw="1" slack="1"/>
</pin_list>
<bind>
<opcode="bitselect(1000) " fcode="bitselect"/>
<opset="tmp_10/2 "/>
</bind>
</comp>

<comp id="292" class="1004" name="p_neg_fu_292">
<pin_list>
<pin id="293" dir="0" index="0" bw="1" slack="0"/>
<pin id="294" dir="0" index="1" bw="32" slack="0"/>
<pin id="295" dir="1" index="2" bw="32" slack="0"/>
</pin_list>
<bind>
<opcode="sub(10) " fcode="sub"/>
<opset="p_neg/2 "/>
</bind>
</comp>

<comp id="298" class="1004" name="tmp_7_fu_298">
<pin_list>
<pin id="299" dir="0" index="0" bw="27" slack="0"/>
<pin id="300" dir="0" index="1" bw="32" slack="0"/>
<pin id="301" dir="0" index="2" bw="3" slack="0"/>
<pin id="302" dir="0" index="3" bw="6" slack="0"/>
<pin id="303" dir="1" index="4" bw="27" slack="0"/>
</pin_list>
<bind>
<opcode="partselect(1002) " fcode="partselect"/>
<opset="tmp_7/2 "/>
</bind>
</comp>

<comp id="308" class="1004" name="tmp_8_fu_308">
<pin_list>
<pin id="309" dir="0" index="0" bw="1" slack="0"/>
<pin id="310" dir="0" index="1" bw="27" slack="0"/>
<pin id="311" dir="1" index="2" bw="27" slack="1"/>
</pin_list>
<bind>
<opcode="sub(10) " fcode="sub"/>
<opset="tmp_8/2 "/>
</bind>
</comp>

<comp id="314" class="1004" name="tmp_9_fu_314">
<pin_list>
<pin id="315" dir="0" index="0" bw="27" slack="0"/>
<pin id="316" dir="0" index="1" bw="32" slack="0"/>
<pin id="317" dir="0" index="2" bw="3" slack="0"/>
<pin id="318" dir="0" index="3" bw="6" slack="0"/>
<pin id="319" dir="1" index="4" bw="27" slack="1"/>
</pin_list>
<bind>
<opcode="partselect(1002) " fcode="partselect"/>
<opset="tmp_9/2 "/>
</bind>
</comp>

<comp id="324" class="1004" name="simConfig_BLOCK_NUMB_fu_324">
<pin_list>
<pin id="325" dir="0" index="0" bw="1" slack="1"/>
<pin id="326" dir="0" index="1" bw="27" slack="1"/>
<pin id="327" dir="0" index="2" bw="27" slack="1"/>
<pin id="328" dir="1" index="3" bw="27" slack="0"/>
</pin_list>
<bind>
<opcode="select(49) " fcode="select"/>
<opset="simConfig_BLOCK_NUMB/3 "/>
</bind>
</comp>

<comp id="330" class="1005" name="simConfig_rowBegin_V_reg_330">
<pin_list>
<pin id="331" dir="0" index="0" bw="27" slack="2"/>
<pin id="332" dir="1" index="1" bw="27" slack="2"/>
</pin_list>
<bind>
<opset="simConfig_rowBegin_V "/>
</bind>
</comp>

<comp id="335" class="1005" name="simConfig_rowEnd_V_reg_335">
<pin_list>
<pin id="336" dir="0" index="0" bw="27" slack="2"/>
<pin id="337" dir="1" index="1" bw="27" slack="2"/>
</pin_list>
<bind>
<opset="simConfig_rowEnd_V "/>
</bind>
</comp>

<comp id="340" class="1005" name="tmp_4_reg_340">
<pin_list>
<pin id="341" dir="0" index="0" bw="1" slack="1"/>
<pin id="342" dir="1" index="1" bw="1" slack="1"/>
</pin_list>
<bind>
<opset="tmp_4 "/>
</bind>
</comp>

<comp id="345" class="1005" name="tmp_reg_345">
<pin_list>
<pin id="346" dir="0" index="0" bw="27" slack="1"/>
<pin id="347" dir="1" index="1" bw="27" slack="1"/>
</pin_list>
<bind>
<opset="tmp "/>
</bind>
</comp>

<comp id="350" class="1005" name="tmp_6_reg_350">
<pin_list>
<pin id="351" dir="0" index="0" bw="27" slack="1"/>
<pin id="352" dir="1" index="1" bw="27" slack="1"/>
</pin_list>
<bind>
<opset="tmp_6 "/>
</bind>
</comp>

<comp id="355" class="1005" name="size_read_reg_355">
<pin_list>
<pin id="356" dir="0" index="0" bw="32" slack="1"/>
<pin id="357" dir="1" index="1" bw="32" slack="1"/>
</pin_list>
<bind>
<opset="size_read "/>
</bind>
</comp>

<comp id="360" class="1005" name="simConfig_rowsToSimu_reg_360">
<pin_list>
<pin id="361" dir="0" index="0" bw="27" slack="1"/>
<pin id="362" dir="1" index="1" bw="27" slack="1"/>
</pin_list>
<bind>
<opset="simConfig_rowsToSimu "/>
</bind>
</comp>

<comp id="365" class="1005" name="tmp_10_reg_365">
<pin_list>
<pin id="366" dir="0" index="0" bw="1" slack="1"/>
<pin id="367" dir="1" index="1" bw="1" slack="1"/>
</pin_list>
<bind>
<opset="tmp_10 "/>
</bind>
</comp>

<comp id="370" class="1005" name="tmp_8_reg_370">
<pin_list>
<pin id="371" dir="0" index="0" bw="27" slack="1"/>
<pin id="372" dir="1" index="1" bw="27" slack="1"/>
</pin_list>
<bind>
<opset="tmp_8 "/>
</bind>
</comp>

<comp id="375" class="1005" name="tmp_9_reg_375">
<pin_list>
<pin id="376" dir="0" index="0" bw="27" slack="1"/>
<pin id="377" dir="1" index="1" bw="27" slack="1"/>
</pin_list>
<bind>
<opset="tmp_9 "/>
</bind>
</comp>

<comp id="380" class="1005" name="simConfig_BLOCK_NUMB_reg_380">
<pin_list>
<pin id="381" dir="0" index="0" bw="27" slack="1"/>
<pin id="382" dir="1" index="1" bw="27" slack="1"/>
</pin_list>
<bind>
<opset="simConfig_BLOCK_NUMB "/>
</bind>
</comp>

</comp_list>

<net_list>
<net id="128"><net_src comp="80" pin="0"/><net_sink comp="124" pin=0"/></net>

<net id="129"><net_src comp="10" pin="0"/><net_sink comp="124" pin=1"/></net>

<net id="134"><net_src comp="80" pin="0"/><net_sink comp="130" pin=0"/></net>

<net id="135"><net_src comp="8" pin="0"/><net_sink comp="130" pin=1"/></net>

<net id="140"><net_src comp="80" pin="0"/><net_sink comp="136" pin=0"/></net>

<net id="141"><net_src comp="6" pin="0"/><net_sink comp="136" pin=1"/></net>

<net id="187"><net_src comp="96" pin="0"/><net_sink comp="142" pin=0"/></net>

<net id="188"><net_src comp="0" pin="0"/><net_sink comp="142" pin=1"/></net>

<net id="189"><net_src comp="2" pin="0"/><net_sink comp="142" pin=2"/></net>

<net id="190"><net_src comp="4" pin="0"/><net_sink comp="142" pin=3"/></net>

<net id="191"><net_src comp="12" pin="0"/><net_sink comp="142" pin=9"/></net>

<net id="192"><net_src comp="14" pin="0"/><net_sink comp="142" pin=10"/></net>

<net id="193"><net_src comp="16" pin="0"/><net_sink comp="142" pin=11"/></net>

<net id="194"><net_src comp="18" pin="0"/><net_sink comp="142" pin=12"/></net>

<net id="195"><net_src comp="20" pin="0"/><net_sink comp="142" pin=13"/></net>

<net id="196"><net_src comp="22" pin="0"/><net_sink comp="142" pin=14"/></net>

<net id="197"><net_src comp="24" pin="0"/><net_sink comp="142" pin=15"/></net>

<net id="198"><net_src comp="26" pin="0"/><net_sink comp="142" pin=16"/></net>

<net id="199"><net_src comp="28" pin="0"/><net_sink comp="142" pin=17"/></net>

<net id="200"><net_src comp="30" pin="0"/><net_sink comp="142" pin=18"/></net>

<net id="201"><net_src comp="32" pin="0"/><net_sink comp="142" pin=19"/></net>

<net id="202"><net_src comp="34" pin="0"/><net_sink comp="142" pin=20"/></net>

<net id="203"><net_src comp="36" pin="0"/><net_sink comp="142" pin=21"/></net>

<net id="204"><net_src comp="38" pin="0"/><net_sink comp="142" pin=22"/></net>

<net id="205"><net_src comp="40" pin="0"/><net_sink comp="142" pin=23"/></net>

<net id="206"><net_src comp="42" pin="0"/><net_sink comp="142" pin=24"/></net>

<net id="207"><net_src comp="44" pin="0"/><net_sink comp="142" pin=25"/></net>

<net id="208"><net_src comp="46" pin="0"/><net_sink comp="142" pin=26"/></net>

<net id="209"><net_src comp="48" pin="0"/><net_sink comp="142" pin=27"/></net>

<net id="210"><net_src comp="50" pin="0"/><net_sink comp="142" pin=28"/></net>

<net id="211"><net_src comp="52" pin="0"/><net_sink comp="142" pin=29"/></net>

<net id="212"><net_src comp="54" pin="0"/><net_sink comp="142" pin=30"/></net>

<net id="213"><net_src comp="56" pin="0"/><net_sink comp="142" pin=31"/></net>

<net id="214"><net_src comp="58" pin="0"/><net_sink comp="142" pin=32"/></net>

<net id="215"><net_src comp="60" pin="0"/><net_sink comp="142" pin=33"/></net>

<net id="216"><net_src comp="62" pin="0"/><net_sink comp="142" pin=34"/></net>

<net id="217"><net_src comp="64" pin="0"/><net_sink comp="142" pin=35"/></net>

<net id="218"><net_src comp="66" pin="0"/><net_sink comp="142" pin=36"/></net>

<net id="219"><net_src comp="68" pin="0"/><net_sink comp="142" pin=37"/></net>

<net id="220"><net_src comp="70" pin="0"/><net_sink comp="142" pin=38"/></net>

<net id="221"><net_src comp="72" pin="0"/><net_sink comp="142" pin=39"/></net>

<net id="222"><net_src comp="74" pin="0"/><net_sink comp="142" pin=40"/></net>

<net id="223"><net_src comp="76" pin="0"/><net_sink comp="142" pin=41"/></net>

<net id="224"><net_src comp="78" pin="0"/><net_sink comp="142" pin=42"/></net>

<net id="228"><net_src comp="130" pin="2"/><net_sink comp="225" pin=0"/></net>

<net id="232"><net_src comp="124" pin="2"/><net_sink comp="229" pin=0"/></net>

<net id="237"><net_src comp="124" pin="2"/><net_sink comp="233" pin=0"/></net>

<net id="238"><net_src comp="130" pin="2"/><net_sink comp="233" pin=1"/></net>

<net id="244"><net_src comp="82" pin="0"/><net_sink comp="239" pin=0"/></net>

<net id="245"><net_src comp="233" pin="2"/><net_sink comp="239" pin=1"/></net>

<net id="246"><net_src comp="84" pin="0"/><net_sink comp="239" pin=2"/></net>

<net id="251"><net_src comp="86" pin="0"/><net_sink comp="247" pin=0"/></net>

<net id="252"><net_src comp="233" pin="2"/><net_sink comp="247" pin=1"/></net>

<net id="259"><net_src comp="88" pin="0"/><net_sink comp="253" pin=0"/></net>

<net id="260"><net_src comp="247" pin="2"/><net_sink comp="253" pin=1"/></net>

<net id="261"><net_src comp="90" pin="0"/><net_sink comp="253" pin=2"/></net>

<net id="262"><net_src comp="92" pin="0"/><net_sink comp="253" pin=3"/></net>

<net id="269"><net_src comp="88" pin="0"/><net_sink comp="263" pin=0"/></net>

<net id="270"><net_src comp="233" pin="2"/><net_sink comp="263" pin=1"/></net>

<net id="271"><net_src comp="90" pin="0"/><net_sink comp="263" pin=2"/></net>

<net id="272"><net_src comp="92" pin="0"/><net_sink comp="263" pin=3"/></net>

<net id="277"><net_src comp="94" pin="0"/><net_sink comp="273" pin=0"/></net>

<net id="283"><net_src comp="273" pin="2"/><net_sink comp="278" pin=1"/></net>

<net id="289"><net_src comp="82" pin="0"/><net_sink comp="284" pin=0"/></net>

<net id="290"><net_src comp="136" pin="2"/><net_sink comp="284" pin=1"/></net>

<net id="291"><net_src comp="84" pin="0"/><net_sink comp="284" pin=2"/></net>

<net id="296"><net_src comp="86" pin="0"/><net_sink comp="292" pin=0"/></net>

<net id="297"><net_src comp="136" pin="2"/><net_sink comp="292" pin=1"/></net>

<net id="304"><net_src comp="88" pin="0"/><net_sink comp="298" pin=0"/></net>

<net id="305"><net_src comp="292" pin="2"/><net_sink comp="298" pin=1"/></net>

<net id="306"><net_src comp="90" pin="0"/><net_sink comp="298" pin=2"/></net>

<net id="307"><net_src comp="92" pin="0"/><net_sink comp="298" pin=3"/></net>

<net id="312"><net_src comp="94" pin="0"/><net_sink comp="308" pin=0"/></net>

<net id="313"><net_src comp="298" pin="4"/><net_sink comp="308" pin=1"/></net>

<net id="320"><net_src comp="88" pin="0"/><net_sink comp="314" pin=0"/></net>

<net id="321"><net_src comp="136" pin="2"/><net_sink comp="314" pin=1"/></net>

<net id="322"><net_src comp="90" pin="0"/><net_sink comp="314" pin=2"/></net>

<net id="323"><net_src comp="92" pin="0"/><net_sink comp="314" pin=3"/></net>

<net id="329"><net_src comp="324" pin="3"/><net_sink comp="142" pin=7"/></net>

<net id="333"><net_src comp="225" pin="1"/><net_sink comp="330" pin=0"/></net>

<net id="334"><net_src comp="330" pin="1"/><net_sink comp="142" pin=4"/></net>

<net id="338"><net_src comp="229" pin="1"/><net_sink comp="335" pin=0"/></net>

<net id="339"><net_src comp="335" pin="1"/><net_sink comp="142" pin=5"/></net>

<net id="343"><net_src comp="239" pin="3"/><net_sink comp="340" pin=0"/></net>

<net id="344"><net_src comp="340" pin="1"/><net_sink comp="278" pin=0"/></net>

<net id="348"><net_src comp="253" pin="4"/><net_sink comp="345" pin=0"/></net>

<net id="349"><net_src comp="345" pin="1"/><net_sink comp="273" pin=1"/></net>

<net id="353"><net_src comp="263" pin="4"/><net_sink comp="350" pin=0"/></net>

<net id="354"><net_src comp="350" pin="1"/><net_sink comp="278" pin=2"/></net>

<net id="358"><net_src comp="136" pin="2"/><net_sink comp="355" pin=0"/></net>

<net id="359"><net_src comp="355" pin="1"/><net_sink comp="142" pin=8"/></net>

<net id="363"><net_src comp="278" pin="3"/><net_sink comp="360" pin=0"/></net>

<net id="364"><net_src comp="360" pin="1"/><net_sink comp="142" pin=6"/></net>

<net id="368"><net_src comp="284" pin="3"/><net_sink comp="365" pin=0"/></net>

<net id="369"><net_src comp="365" pin="1"/><net_sink comp="324" pin=0"/></net>

<net id="373"><net_src comp="308" pin="2"/><net_sink comp="370" pin=0"/></net>

<net id="374"><net_src comp="370" pin="1"/><net_sink comp="324" pin=1"/></net>

<net id="378"><net_src comp="314" pin="4"/><net_sink comp="375" pin=0"/></net>

<net id="379"><net_src comp="375" pin="1"/><net_sink comp="324" pin=2"/></net>

<net id="383"><net_src comp="324" pin="3"/><net_sink comp="380" pin=0"/></net>

<net id="384"><net_src comp="380" pin="1"/><net_sink comp="142" pin=7"/></net>

</net_list>

</model> 
---------------- Datapath Model END ------------------

* FSMD analyzer results:
  - Output states:
	Port: output_V_data | {3 4 }
	Port: output_V_tlast_V | {3 4 }
	Port: V_data_V_data_0 | {3 4 }
	Port: V_data_V_data_1 | {3 4 }
	Port: V_data_V_data_2 | {3 4 }
	Port: V_data_V_data_3 | {3 4 }
	Port: Vi_idx_V_data_V_0 | {3 4 }
	Port: Vi_idx_V_data_V_1 | {3 4 }
	Port: Vi_idx_V_data_V_2 | {3 4 }
	Port: Vi_idx_V_data_V_3 | {3 4 }
	Port: Vj_idx_V_data_V_0 | {3 4 }
	Port: Vj_idx_V_data_V_1 | {3 4 }
	Port: Vj_idx_V_data_V_2 | {3 4 }
	Port: Vj_idx_V_data_V_3 | {3 4 }
	Port: fixedData_V_data | {3 4 }
	Port: fixedData_V_tlast_V | {3 4 }
	Port: processedData_V_data | {3 4 }
	Port: processedData_V_data_1 | {3 4 }
	Port: processedData_V_data_2 | {3 4 }
	Port: processedData_V_data_3 | {3 4 }
	Port: V_V_data_0 | {3 4 }
	Port: V_V_data_1 | {3 4 }
	Port: V_V_data_2 | {3 4 }
	Port: V_V_data_3 | {3 4 }
	Port: F_V_data_0 | {3 4 }
	Port: F_V_data_1 | {3 4 }
	Port: F_V_data_2 | {3 4 }
	Port: F_V_data_3 | {3 4 }
	Port: F_acc_V_data_0 | {3 4 }
	Port: F_acc_V_data_1 | {3 4 }
	Port: F_acc_V_data_2 | {3 4 }
	Port: F_acc_V_data_3 | {3 4 }
	Port: V_acc_V_data_0 | {3 4 }
	Port: V_acc_V_data_1 | {3 4 }
	Port: V_acc_V_data_2 | {3 4 }
	Port: V_acc_V_data_3 | {3 4 }
 - Input state : 
	Port: GapJunctionIP : input_V_data | {3 4 }
	Port: GapJunctionIP : size | {2 }
	Port: GapJunctionIP : FirstRow | {1 }
	Port: GapJunctionIP : LastRow | {1 }
	Port: GapJunctionIP : V_data_V_data_0 | {3 4 }
	Port: GapJunctionIP : V_data_V_data_1 | {3 4 }
	Port: GapJunctionIP : V_data_V_data_2 | {3 4 }
	Port: GapJunctionIP : V_data_V_data_3 | {3 4 }
	Port: GapJunctionIP : Vi_idx_V_data_V_0 | {3 4 }
	Port: GapJunctionIP : Vi_idx_V_data_V_1 | {3 4 }
	Port: GapJunctionIP : Vi_idx_V_data_V_2 | {3 4 }
	Port: GapJunctionIP : Vi_idx_V_data_V_3 | {3 4 }
	Port: GapJunctionIP : Vj_idx_V_data_V_0 | {3 4 }
	Port: GapJunctionIP : Vj_idx_V_data_V_1 | {3 4 }
	Port: GapJunctionIP : Vj_idx_V_data_V_2 | {3 4 }
	Port: GapJunctionIP : Vj_idx_V_data_V_3 | {3 4 }
	Port: GapJunctionIP : fixedData_V_data | {3 4 }
	Port: GapJunctionIP : fixedData_V_tlast_V | {3 4 }
	Port: GapJunctionIP : processedData_V_data | {3 4 }
	Port: GapJunctionIP : processedData_V_data_1 | {3 4 }
	Port: GapJunctionIP : processedData_V_data_2 | {3 4 }
	Port: GapJunctionIP : processedData_V_data_3 | {3 4 }
	Port: GapJunctionIP : V_V_data_0 | {3 4 }
	Port: GapJunctionIP : V_V_data_1 | {3 4 }
	Port: GapJunctionIP : V_V_data_2 | {3 4 }
	Port: GapJunctionIP : V_V_data_3 | {3 4 }
	Port: GapJunctionIP : F_V_data_0 | {3 4 }
	Port: GapJunctionIP : F_V_data_1 | {3 4 }
	Port: GapJunctionIP : F_V_data_2 | {3 4 }
	Port: GapJunctionIP : F_V_data_3 | {3 4 }
	Port: GapJunctionIP : F_acc_V_data_0 | {3 4 }
	Port: GapJunctionIP : F_acc_V_data_1 | {3 4 }
	Port: GapJunctionIP : F_acc_V_data_2 | {3 4 }
	Port: GapJunctionIP : F_acc_V_data_3 | {3 4 }
	Port: GapJunctionIP : V_acc_V_data_0 | {3 4 }
	Port: GapJunctionIP : V_acc_V_data_1 | {3 4 }
	Port: GapJunctionIP : V_acc_V_data_2 | {3 4 }
	Port: GapJunctionIP : V_acc_V_data_3 | {3 4 }
  - Chain level:
	State 1
		tmp_4 : 1
		p_neg6 : 1
		tmp : 2
		tmp_6 : 1
	State 2
		simConfig_rowsToSimu : 1
		tmp_7 : 1
		tmp_8 : 2
	State 3
		StgValue_24 : 1
	State 4
	State 5


============================================================
+ Verbose Summary: Datapath Resource usage 
============================================================

* Functional unit list:
|----------|-----------------------------|---------|---------|---------|---------|---------|
| Operation|       Functional Unit       |   BRAM  |  DSP48E |  Delay  |    FF   |   LUT   |
|----------|-----------------------------|---------|---------|---------|---------|---------|
|   call   |      grp_execute_fu_142     |    36   |    76   |  38.053 |  12277  |  10283  |
|----------|-----------------------------|---------|---------|---------|---------|---------|
|          |         tmp_s_fu_233        |    0    |    0    |    0    |    0    |    32   |
|          |        p_neg6_fu_247        |    0    |    0    |    0    |    0    |    32   |
|    sub   |         tmp_5_fu_273        |    0    |    0    |    0    |    0    |    27   |
|          |         p_neg_fu_292        |    0    |    0    |    0    |    0    |    32   |
|          |         tmp_8_fu_308        |    0    |    0    |    0    |    0    |    27   |
|----------|-----------------------------|---------|---------|---------|---------|---------|
|  select  | simConfig_rowsToSimu_fu_278 |    0    |    0    |    0    |    0    |    27   |
|          | simConfig_BLOCK_NUMB_fu_324 |    0    |    0    |    0    |    0    |    27   |
|----------|-----------------------------|---------|---------|---------|---------|---------|
|          |   LastRow_read_read_fu_124  |    0    |    0    |    0    |    0    |    0    |
|   read   |  FirstRow_read_read_fu_130  |    0    |    0    |    0    |    0    |    0    |
|          |    size_read_read_fu_136    |    0    |    0    |    0    |    0    |    0    |
|----------|-----------------------------|---------|---------|---------|---------|---------|
|   trunc  | simConfig_rowBegin_V_fu_225 |    0    |    0    |    0    |    0    |    0    |
|          |  simConfig_rowEnd_V_fu_229  |    0    |    0    |    0    |    0    |    0    |
|----------|-----------------------------|---------|---------|---------|---------|---------|
| bitselect|         tmp_4_fu_239        |    0    |    0    |    0    |    0    |    0    |
|          |        tmp_10_fu_284        |    0    |    0    |    0    |    0    |    0    |
|----------|-----------------------------|---------|---------|---------|---------|---------|
|          |          tmp_fu_253         |    0    |    0    |    0    |    0    |    0    |
|partselect|         tmp_6_fu_263        |    0    |    0    |    0    |    0    |    0    |
|          |         tmp_7_fu_298        |    0    |    0    |    0    |    0    |    0    |
|          |         tmp_9_fu_314        |    0    |    0    |    0    |    0    |    0    |
|----------|-----------------------------|---------|---------|---------|---------|---------|
|   Total  |                             |    36   |    76   |  38.053 |  12277  |  10487  |
|----------|-----------------------------|---------|---------|---------|---------|---------|

Memories:
N/A

* Register list:
+----------------------------+--------+
|                            |   FF   |
+----------------------------+--------+
|simConfig_BLOCK_NUMB_reg_380|   27   |
|simConfig_rowBegin_V_reg_330|   27   |
| simConfig_rowEnd_V_reg_335 |   27   |
|simConfig_rowsToSimu_reg_360|   27   |
|      size_read_reg_355     |   32   |
|       tmp_10_reg_365       |    1   |
|        tmp_4_reg_340       |    1   |
|        tmp_6_reg_350       |   27   |
|        tmp_8_reg_370       |   27   |
|        tmp_9_reg_375       |   27   |
|         tmp_reg_345        |   27   |
+----------------------------+--------+
|            Total           |   250  |
+----------------------------+--------+

* Multiplexer (MUX) list: 
|--------------------|------|------|------|--------||---------||---------|
|        Comp        |  Pin | Size |  BW  | S x BW ||  Delay  ||   LUT   |
|--------------------|------|------|------|--------||---------||---------|
| grp_execute_fu_142 |  p7  |   2  |  27  |   54   ||    3    |
|--------------------|------|------|------|--------||---------||---------|
|        Total       |      |      |      |   54   ||  0.466  ||    3    |
|--------------------|------|------|------|--------||---------||---------|



* Summary:
+-----------+--------+--------+--------+--------+--------+
|           |  BRAM  | DSP48E |  Delay |   FF   |   LUT  |
+-----------+--------+--------+--------+--------+--------+
|  Function |   36   |   76   |   38   |  12277 |  10487 |
|   Memory  |    -   |    -   |    -   |    -   |    -   |
|Multiplexer|    -   |    -   |    0   |    -   |    3   |
|  Register |    -   |    -   |    -   |   250  |    -   |
+-----------+--------+--------+--------+--------+--------+
|   Total   |   36   |   76   |   38   |  12527 |  10490 |
+-----------+--------+--------+--------+--------+--------+
