

================================================================
== Vivado HLS Report for 'getTotalCurrent'
================================================================
* Date:           Sat May 15 00:01:24 2021

* Version:        2018.3 (Build 2405991 on Thu Dec 06 23:56:15 MST 2018)
* Project:        hls_gapjuntion_prj
* Solution:       solution1
* Product family: zynq
* Target device:  xc7z045ffg900-2


================================================================
== Performance Estimates
================================================================
+ Timing (ns): 
    * Summary: 
    +--------+-------+----------+------------+
    |  Clock | Target| Estimated| Uncertainty|
    +--------+-------+----------+------------+
    |ap_clk  |   5.00|     4.350|        0.62|
    +--------+-------+----------+------------+

+ Latency (clock cycles): 
    * Summary: 
    +-----+-----+-----+-----+---------+
    |  Latency  |  Interval | Pipeline|
    | min | max | min | max |   Type  |
    +-----+-----+-----+-----+---------+
    |   23|   23|   23|   23|   none  |
    +-----+-----+-----+-----+---------+

    + Detail: 
        * Instance: 
        N/A

        * Loop: 
        N/A

============================================================
+ Verbose Summary: Synthesis Manager
============================================================
InlineROM: 1
ExposeGlobal: 0
============================================================
+ Verbose Summary: CDFG Model
============================================================
IsTopModel: 0
ResetActiveHigh: 1
IsCombinational: 0
IsDatapathOnly: 0
HasWiredReturn: 1
HasMFsm: 0
HasVarLatency: 1
IsPipeline: 0
IsRtlPipelined: 0
IsInstanceOverlapped: 0
IsDontTouch: 0
HasImplIP: 0
IsGatedGlobalClock: 0


============================================================
+ Verbose Summary: Schedule
============================================================
* Number of FSM states : 24
* Pipeline : 0
* Dataflow Pipeline: 0

* FSM state transitions: 
1 --> 
	2  / true
2 --> 
	3  / true
3 --> 
	4  / true
4 --> 
	5  / true
5 --> 
	6  / true
6 --> 
	7  / true
7 --> 
	8  / true
8 --> 
	9  / true
9 --> 
	10  / true
10 --> 
	11  / true
11 --> 
	12  / true
12 --> 
	13  / true
13 --> 
	14  / true
14 --> 
	15  / true
15 --> 
	16  / true
16 --> 
	17  / true
17 --> 
	18  / true
18 --> 
	19  / true
19 --> 
	20  / true
20 --> 
	21  / true
21 --> 
	22  / true
22 --> 
	23  / true
23 --> 
	24  / true
24 --> 

* FSM state operations: 

State 1 <SV = 0> <Delay = 1.75>
ST_1 : Operation 25 [1/1] (0.00ns)   --->   "%row_V_read = call i3 @_ssdm_op_Read.ap_auto.i3(i3 %row_V)"   --->   Operation 25 'read' 'row_V_read' <Predicate = true> <Delay = 0.00>
ST_1 : Operation 26 [1/1] (0.00ns)   --->   "%tmp = zext i3 %row_V_read to i64" [modules/I_calc/I_calc.cpp:43]   --->   Operation 26 'zext' 'tmp' <Predicate = true> <Delay = 0.00>
ST_1 : Operation 27 [1/1] (0.00ns)   --->   "%F_temp_data_addr = getelementptr [4 x float]* %F_temp_data, i64 0, i64 %tmp" [modules/I_calc/I_calc.cpp:43]   --->   Operation 27 'getelementptr' 'F_temp_data_addr' <Predicate = true> <Delay = 0.00>
ST_1 : Operation 28 [2/2] (1.75ns)   --->   "%F_temp_data_load = load float* %F_temp_data_addr, align 4" [modules/I_calc/I_calc.cpp:43]   --->   Operation 28 'load' 'F_temp_data_load' <Predicate = true> <Delay = 1.75> <Core = "RAM">   --->   Core 37 'RAM' <Latency = 1> <II = 1> <Delay = 1.75> <Storage> <Opcode : 'load' 'store'> <Ports = 2> <Width = 32> <Depth = 4> <RAM>
ST_1 : Operation 29 [1/1] (0.00ns)   --->   "%V_temp_data_addr = getelementptr [4 x float]* %V_temp_data, i64 0, i64 %tmp" [modules/I_calc/I_calc.cpp:43]   --->   Operation 29 'getelementptr' 'V_temp_data_addr' <Predicate = true> <Delay = 0.00>
ST_1 : Operation 30 [2/2] (1.75ns)   --->   "%V_temp_data_load = load float* %V_temp_data_addr, align 4" [modules/I_calc/I_calc.cpp:43]   --->   Operation 30 'load' 'V_temp_data_load' <Predicate = true> <Delay = 1.75> <Core = "RAM">   --->   Core 37 'RAM' <Latency = 1> <II = 1> <Delay = 1.75> <Storage> <Opcode : 'load' 'store'> <Ports = 2> <Width = 32> <Depth = 4> <RAM>
ST_1 : Operation 31 [1/1] (0.98ns)   --->   "%tmp_i = icmp eq i3 %row_V_read, 3" [modules/I_calc/I_calc.cpp:34->modules/I_calc/I_calc.cpp:44]   --->   Operation 31 'icmp' 'tmp_i' <Predicate = true> <Delay = 0.98> <Core = "Cmp">   --->   Core 25 'Cmp' <Latency = 0> <II = 1> <Delay = 1.94> <FuncUnit> <Opcode : 'icmp'> <InPorts = 2> <OutPorts = 1>

State 2 <SV = 1> <Delay = 1.75>
ST_2 : Operation 32 [1/2] (1.75ns)   --->   "%F_temp_data_load = load float* %F_temp_data_addr, align 4" [modules/I_calc/I_calc.cpp:43]   --->   Operation 32 'load' 'F_temp_data_load' <Predicate = true> <Delay = 1.75> <Core = "RAM">   --->   Core 37 'RAM' <Latency = 1> <II = 1> <Delay = 1.75> <Storage> <Opcode : 'load' 'store'> <Ports = 2> <Width = 32> <Depth = 4> <RAM>
ST_2 : Operation 33 [1/2] (1.75ns)   --->   "%V_temp_data_load = load float* %V_temp_data_addr, align 4" [modules/I_calc/I_calc.cpp:43]   --->   Operation 33 'load' 'V_temp_data_load' <Predicate = true> <Delay = 1.75> <Core = "RAM">   --->   Core 37 'RAM' <Latency = 1> <II = 1> <Delay = 1.75> <Storage> <Opcode : 'load' 'store'> <Ports = 2> <Width = 32> <Depth = 4> <RAM>

State 3 <SV = 2> <Delay = 3.94>
ST_3 : Operation 34 [1/1] (3.94ns)   --->   "%tmp_s = fpext float %F_temp_data_load to double" [modules/I_calc/I_calc.cpp:43]   --->   Operation 34 'fpext' 'tmp_s' <Predicate = true> <Delay = 3.94> <Core = "Float2Double">   --->   Core 113 'Float2Double' <Latency = 0> <II = 1> <Delay = 3.94> <FuncUnit> <Opcode : 'fpext'> <InPorts = 1> <OutPorts = 1>
ST_3 : Operation 35 [1/1] (3.94ns)   --->   "%tmp_2 = fpext float %V_temp_data_load to double" [modules/I_calc/I_calc.cpp:43]   --->   Operation 35 'fpext' 'tmp_2' <Predicate = true> <Delay = 3.94> <Core = "Float2Double">   --->   Core 113 'Float2Double' <Latency = 0> <II = 1> <Delay = 3.94> <FuncUnit> <Opcode : 'fpext'> <InPorts = 1> <OutPorts = 1>

State 4 <SV = 3> <Delay = 3.64>
ST_4 : Operation 36 [10/10] (3.64ns)   --->   "%tmp_1 = fmul double %tmp_s, 8.000000e-01" [modules/I_calc/I_calc.cpp:43]   --->   Operation 36 'dmul' 'tmp_1' <Predicate = true> <Delay = 3.64> <Core = "DMul">   --->   Core 115 'DMul' <Latency = 9> <II = 1> <Delay = 3.64> <FuncUnit> <Opcode : 'dmul'> <InPorts = 2> <OutPorts = 1>
ST_4 : Operation 37 [10/10] (3.64ns)   --->   "%tmp_3 = fmul double %tmp_2, 2.000000e-01" [modules/I_calc/I_calc.cpp:43]   --->   Operation 37 'dmul' 'tmp_3' <Predicate = true> <Delay = 3.64> <Core = "DMul">   --->   Core 115 'DMul' <Latency = 9> <II = 1> <Delay = 3.64> <FuncUnit> <Opcode : 'dmul'> <InPorts = 2> <OutPorts = 1>

State 5 <SV = 4> <Delay = 3.64>
ST_5 : Operation 38 [9/10] (3.64ns)   --->   "%tmp_1 = fmul double %tmp_s, 8.000000e-01" [modules/I_calc/I_calc.cpp:43]   --->   Operation 38 'dmul' 'tmp_1' <Predicate = true> <Delay = 3.64> <Core = "DMul">   --->   Core 115 'DMul' <Latency = 9> <II = 1> <Delay = 3.64> <FuncUnit> <Opcode : 'dmul'> <InPorts = 2> <OutPorts = 1>
ST_5 : Operation 39 [9/10] (3.64ns)   --->   "%tmp_3 = fmul double %tmp_2, 2.000000e-01" [modules/I_calc/I_calc.cpp:43]   --->   Operation 39 'dmul' 'tmp_3' <Predicate = true> <Delay = 3.64> <Core = "DMul">   --->   Core 115 'DMul' <Latency = 9> <II = 1> <Delay = 3.64> <FuncUnit> <Opcode : 'dmul'> <InPorts = 2> <OutPorts = 1>

State 6 <SV = 5> <Delay = 3.64>
ST_6 : Operation 40 [8/10] (3.64ns)   --->   "%tmp_1 = fmul double %tmp_s, 8.000000e-01" [modules/I_calc/I_calc.cpp:43]   --->   Operation 40 'dmul' 'tmp_1' <Predicate = true> <Delay = 3.64> <Core = "DMul">   --->   Core 115 'DMul' <Latency = 9> <II = 1> <Delay = 3.64> <FuncUnit> <Opcode : 'dmul'> <InPorts = 2> <OutPorts = 1>
ST_6 : Operation 41 [8/10] (3.64ns)   --->   "%tmp_3 = fmul double %tmp_2, 2.000000e-01" [modules/I_calc/I_calc.cpp:43]   --->   Operation 41 'dmul' 'tmp_3' <Predicate = true> <Delay = 3.64> <Core = "DMul">   --->   Core 115 'DMul' <Latency = 9> <II = 1> <Delay = 3.64> <FuncUnit> <Opcode : 'dmul'> <InPorts = 2> <OutPorts = 1>

State 7 <SV = 6> <Delay = 3.64>
ST_7 : Operation 42 [7/10] (3.64ns)   --->   "%tmp_1 = fmul double %tmp_s, 8.000000e-01" [modules/I_calc/I_calc.cpp:43]   --->   Operation 42 'dmul' 'tmp_1' <Predicate = true> <Delay = 3.64> <Core = "DMul">   --->   Core 115 'DMul' <Latency = 9> <II = 1> <Delay = 3.64> <FuncUnit> <Opcode : 'dmul'> <InPorts = 2> <OutPorts = 1>
ST_7 : Operation 43 [7/10] (3.64ns)   --->   "%tmp_3 = fmul double %tmp_2, 2.000000e-01" [modules/I_calc/I_calc.cpp:43]   --->   Operation 43 'dmul' 'tmp_3' <Predicate = true> <Delay = 3.64> <Core = "DMul">   --->   Core 115 'DMul' <Latency = 9> <II = 1> <Delay = 3.64> <FuncUnit> <Opcode : 'dmul'> <InPorts = 2> <OutPorts = 1>

State 8 <SV = 7> <Delay = 3.64>
ST_8 : Operation 44 [6/10] (3.64ns)   --->   "%tmp_1 = fmul double %tmp_s, 8.000000e-01" [modules/I_calc/I_calc.cpp:43]   --->   Operation 44 'dmul' 'tmp_1' <Predicate = true> <Delay = 3.64> <Core = "DMul">   --->   Core 115 'DMul' <Latency = 9> <II = 1> <Delay = 3.64> <FuncUnit> <Opcode : 'dmul'> <InPorts = 2> <OutPorts = 1>
ST_8 : Operation 45 [6/10] (3.64ns)   --->   "%tmp_3 = fmul double %tmp_2, 2.000000e-01" [modules/I_calc/I_calc.cpp:43]   --->   Operation 45 'dmul' 'tmp_3' <Predicate = true> <Delay = 3.64> <Core = "DMul">   --->   Core 115 'DMul' <Latency = 9> <II = 1> <Delay = 3.64> <FuncUnit> <Opcode : 'dmul'> <InPorts = 2> <OutPorts = 1>

State 9 <SV = 8> <Delay = 3.64>
ST_9 : Operation 46 [5/10] (3.64ns)   --->   "%tmp_1 = fmul double %tmp_s, 8.000000e-01" [modules/I_calc/I_calc.cpp:43]   --->   Operation 46 'dmul' 'tmp_1' <Predicate = true> <Delay = 3.64> <Core = "DMul">   --->   Core 115 'DMul' <Latency = 9> <II = 1> <Delay = 3.64> <FuncUnit> <Opcode : 'dmul'> <InPorts = 2> <OutPorts = 1>
ST_9 : Operation 47 [5/10] (3.64ns)   --->   "%tmp_3 = fmul double %tmp_2, 2.000000e-01" [modules/I_calc/I_calc.cpp:43]   --->   Operation 47 'dmul' 'tmp_3' <Predicate = true> <Delay = 3.64> <Core = "DMul">   --->   Core 115 'DMul' <Latency = 9> <II = 1> <Delay = 3.64> <FuncUnit> <Opcode : 'dmul'> <InPorts = 2> <OutPorts = 1>

State 10 <SV = 9> <Delay = 3.64>
ST_10 : Operation 48 [4/10] (3.64ns)   --->   "%tmp_1 = fmul double %tmp_s, 8.000000e-01" [modules/I_calc/I_calc.cpp:43]   --->   Operation 48 'dmul' 'tmp_1' <Predicate = true> <Delay = 3.64> <Core = "DMul">   --->   Core 115 'DMul' <Latency = 9> <II = 1> <Delay = 3.64> <FuncUnit> <Opcode : 'dmul'> <InPorts = 2> <OutPorts = 1>
ST_10 : Operation 49 [4/10] (3.64ns)   --->   "%tmp_3 = fmul double %tmp_2, 2.000000e-01" [modules/I_calc/I_calc.cpp:43]   --->   Operation 49 'dmul' 'tmp_3' <Predicate = true> <Delay = 3.64> <Core = "DMul">   --->   Core 115 'DMul' <Latency = 9> <II = 1> <Delay = 3.64> <FuncUnit> <Opcode : 'dmul'> <InPorts = 2> <OutPorts = 1>

State 11 <SV = 10> <Delay = 3.64>
ST_11 : Operation 50 [3/10] (3.64ns)   --->   "%tmp_1 = fmul double %tmp_s, 8.000000e-01" [modules/I_calc/I_calc.cpp:43]   --->   Operation 50 'dmul' 'tmp_1' <Predicate = true> <Delay = 3.64> <Core = "DMul">   --->   Core 115 'DMul' <Latency = 9> <II = 1> <Delay = 3.64> <FuncUnit> <Opcode : 'dmul'> <InPorts = 2> <OutPorts = 1>
ST_11 : Operation 51 [3/10] (3.64ns)   --->   "%tmp_3 = fmul double %tmp_2, 2.000000e-01" [modules/I_calc/I_calc.cpp:43]   --->   Operation 51 'dmul' 'tmp_3' <Predicate = true> <Delay = 3.64> <Core = "DMul">   --->   Core 115 'DMul' <Latency = 9> <II = 1> <Delay = 3.64> <FuncUnit> <Opcode : 'dmul'> <InPorts = 2> <OutPorts = 1>

State 12 <SV = 11> <Delay = 3.64>
ST_12 : Operation 52 [2/10] (3.64ns)   --->   "%tmp_1 = fmul double %tmp_s, 8.000000e-01" [modules/I_calc/I_calc.cpp:43]   --->   Operation 52 'dmul' 'tmp_1' <Predicate = true> <Delay = 3.64> <Core = "DMul">   --->   Core 115 'DMul' <Latency = 9> <II = 1> <Delay = 3.64> <FuncUnit> <Opcode : 'dmul'> <InPorts = 2> <OutPorts = 1>
ST_12 : Operation 53 [2/10] (3.64ns)   --->   "%tmp_3 = fmul double %tmp_2, 2.000000e-01" [modules/I_calc/I_calc.cpp:43]   --->   Operation 53 'dmul' 'tmp_3' <Predicate = true> <Delay = 3.64> <Core = "DMul">   --->   Core 115 'DMul' <Latency = 9> <II = 1> <Delay = 3.64> <FuncUnit> <Opcode : 'dmul'> <InPorts = 2> <OutPorts = 1>

State 13 <SV = 12> <Delay = 3.64>
ST_13 : Operation 54 [1/10] (3.64ns)   --->   "%tmp_1 = fmul double %tmp_s, 8.000000e-01" [modules/I_calc/I_calc.cpp:43]   --->   Operation 54 'dmul' 'tmp_1' <Predicate = true> <Delay = 3.64> <Core = "DMul">   --->   Core 115 'DMul' <Latency = 9> <II = 1> <Delay = 3.64> <FuncUnit> <Opcode : 'dmul'> <InPorts = 2> <OutPorts = 1>
ST_13 : Operation 55 [1/10] (3.64ns)   --->   "%tmp_3 = fmul double %tmp_2, 2.000000e-01" [modules/I_calc/I_calc.cpp:43]   --->   Operation 55 'dmul' 'tmp_3' <Predicate = true> <Delay = 3.64> <Core = "DMul">   --->   Core 115 'DMul' <Latency = 9> <II = 1> <Delay = 3.64> <FuncUnit> <Opcode : 'dmul'> <InPorts = 2> <OutPorts = 1>

State 14 <SV = 13> <Delay = 4.29>
ST_14 : Operation 56 [9/9] (4.29ns)   --->   "%tmp_4 = fadd double %tmp_1, %tmp_3" [modules/I_calc/I_calc.cpp:43]   --->   Operation 56 'dadd' 'tmp_4' <Predicate = true> <Delay = 4.29> <Core = "DAddSub">   --->   Core 114 'DAddSub' <Latency = 8> <II = 1> <Delay = 4.29> <FuncUnit> <Opcode : 'dadd' 'dsub'> <InPorts = 2> <OutPorts = 1>

State 15 <SV = 14> <Delay = 4.29>
ST_15 : Operation 57 [8/9] (4.29ns)   --->   "%tmp_4 = fadd double %tmp_1, %tmp_3" [modules/I_calc/I_calc.cpp:43]   --->   Operation 57 'dadd' 'tmp_4' <Predicate = true> <Delay = 4.29> <Core = "DAddSub">   --->   Core 114 'DAddSub' <Latency = 8> <II = 1> <Delay = 4.29> <FuncUnit> <Opcode : 'dadd' 'dsub'> <InPorts = 2> <OutPorts = 1>

State 16 <SV = 15> <Delay = 4.29>
ST_16 : Operation 58 [7/9] (4.29ns)   --->   "%tmp_4 = fadd double %tmp_1, %tmp_3" [modules/I_calc/I_calc.cpp:43]   --->   Operation 58 'dadd' 'tmp_4' <Predicate = true> <Delay = 4.29> <Core = "DAddSub">   --->   Core 114 'DAddSub' <Latency = 8> <II = 1> <Delay = 4.29> <FuncUnit> <Opcode : 'dadd' 'dsub'> <InPorts = 2> <OutPorts = 1>

State 17 <SV = 16> <Delay = 4.29>
ST_17 : Operation 59 [6/9] (4.29ns)   --->   "%tmp_4 = fadd double %tmp_1, %tmp_3" [modules/I_calc/I_calc.cpp:43]   --->   Operation 59 'dadd' 'tmp_4' <Predicate = true> <Delay = 4.29> <Core = "DAddSub">   --->   Core 114 'DAddSub' <Latency = 8> <II = 1> <Delay = 4.29> <FuncUnit> <Opcode : 'dadd' 'dsub'> <InPorts = 2> <OutPorts = 1>

State 18 <SV = 17> <Delay = 4.29>
ST_18 : Operation 60 [5/9] (4.29ns)   --->   "%tmp_4 = fadd double %tmp_1, %tmp_3" [modules/I_calc/I_calc.cpp:43]   --->   Operation 60 'dadd' 'tmp_4' <Predicate = true> <Delay = 4.29> <Core = "DAddSub">   --->   Core 114 'DAddSub' <Latency = 8> <II = 1> <Delay = 4.29> <FuncUnit> <Opcode : 'dadd' 'dsub'> <InPorts = 2> <OutPorts = 1>

State 19 <SV = 18> <Delay = 4.29>
ST_19 : Operation 61 [4/9] (4.29ns)   --->   "%tmp_4 = fadd double %tmp_1, %tmp_3" [modules/I_calc/I_calc.cpp:43]   --->   Operation 61 'dadd' 'tmp_4' <Predicate = true> <Delay = 4.29> <Core = "DAddSub">   --->   Core 114 'DAddSub' <Latency = 8> <II = 1> <Delay = 4.29> <FuncUnit> <Opcode : 'dadd' 'dsub'> <InPorts = 2> <OutPorts = 1>

State 20 <SV = 19> <Delay = 4.29>
ST_20 : Operation 62 [3/9] (4.29ns)   --->   "%tmp_4 = fadd double %tmp_1, %tmp_3" [modules/I_calc/I_calc.cpp:43]   --->   Operation 62 'dadd' 'tmp_4' <Predicate = true> <Delay = 4.29> <Core = "DAddSub">   --->   Core 114 'DAddSub' <Latency = 8> <II = 1> <Delay = 4.29> <FuncUnit> <Opcode : 'dadd' 'dsub'> <InPorts = 2> <OutPorts = 1>

State 21 <SV = 20> <Delay = 4.29>
ST_21 : Operation 63 [2/9] (4.29ns)   --->   "%tmp_4 = fadd double %tmp_1, %tmp_3" [modules/I_calc/I_calc.cpp:43]   --->   Operation 63 'dadd' 'tmp_4' <Predicate = true> <Delay = 4.29> <Core = "DAddSub">   --->   Core 114 'DAddSub' <Latency = 8> <II = 1> <Delay = 4.29> <FuncUnit> <Opcode : 'dadd' 'dsub'> <InPorts = 2> <OutPorts = 1>

State 22 <SV = 21> <Delay = 4.29>
ST_22 : Operation 64 [1/9] (4.29ns)   --->   "%tmp_4 = fadd double %tmp_1, %tmp_3" [modules/I_calc/I_calc.cpp:43]   --->   Operation 64 'dadd' 'tmp_4' <Predicate = true> <Delay = 4.29> <Core = "DAddSub">   --->   Core 114 'DAddSub' <Latency = 8> <II = 1> <Delay = 4.29> <FuncUnit> <Opcode : 'dadd' 'dsub'> <InPorts = 2> <OutPorts = 1>

State 23 <SV = 22> <Delay = 4.35>
ST_23 : Operation 65 [1/1] (0.00ns)   --->   "%simConfig_rowsToSimu = call i27 @_ssdm_op_Read.ap_auto.i27(i27 %simConfig_rowsToSimulate_V_read)"   --->   Operation 65 'read' 'simConfig_rowsToSimu' <Predicate = true> <Delay = 0.00>
ST_23 : Operation 66 [1/1] (0.00ns)   --->   "%RowOfBlocks_V_read_1 = call i26 @_ssdm_op_Read.ap_auto.i26(i26 %RowOfBlocks_V_read)"   --->   Operation 66 'read' 'RowOfBlocks_V_read_1' <Predicate = true> <Delay = 0.00>
ST_23 : Operation 67 [2/2] (4.35ns)   --->   "%tmp_data = fptrunc double %tmp_4 to float" [modules/I_calc/I_calc.cpp:43]   --->   Operation 67 'fptrunc' 'tmp_data' <Predicate = true> <Delay = 4.35> <Core = "Double2Float">   --->   Core 122 'Double2Float' <Latency = 1> <II = 1> <Delay = 4.35> <FuncUnit> <Opcode : 'fptrunc'> <InPorts = 1> <OutPorts = 1>
ST_23 : Operation 68 [1/1] (0.00ns)   --->   "%lhs_V_i_cast = sext i27 %simConfig_rowsToSimu to i28" [modules/I_calc/I_calc.cpp:35->modules/I_calc/I_calc.cpp:44]   --->   Operation 68 'sext' 'lhs_V_i_cast' <Predicate = true> <Delay = 0.00>
ST_23 : Operation 69 [1/1] (1.77ns)   --->   "%ret_V = add i28 %lhs_V_i_cast, -1" [modules/I_calc/I_calc.cpp:35->modules/I_calc/I_calc.cpp:44]   --->   Operation 69 'add' 'ret_V' <Predicate = true> <Delay = 1.77> <Core = "AddSub">   --->   Core 14 'AddSub' <Latency = 0> <II = 1> <Delay = 1.77> <FuncUnit> <Opcode : 'add' 'sub'> <InPorts = 2> <OutPorts = 1>
ST_23 : Operation 70 [1/1] (0.00ns)   --->   "%tmp_i_cast = zext i26 %RowOfBlocks_V_read_1 to i28" [modules/I_calc/I_calc.cpp:35->modules/I_calc/I_calc.cpp:44]   --->   Operation 70 'zext' 'tmp_i_cast' <Predicate = true> <Delay = 0.00>
ST_23 : Operation 71 [1/1] (1.94ns)   --->   "%tmp_10_i = icmp eq i28 %tmp_i_cast, %ret_V" [modules/I_calc/I_calc.cpp:35->modules/I_calc/I_calc.cpp:44]   --->   Operation 71 'icmp' 'tmp_10_i' <Predicate = true> <Delay = 1.94> <Core = "Cmp">   --->   Core 25 'Cmp' <Latency = 0> <II = 1> <Delay = 1.94> <FuncUnit> <Opcode : 'icmp'> <InPorts = 2> <OutPorts = 1>

State 24 <SV = 23> <Delay = 4.35>
ST_24 : Operation 72 [1/1] (0.00ns)   --->   "call void (...)* @_ssdm_op_SpecInterface(float* %I_V_data, i1* %I_V_tlast_V, [5 x i8]* @p_str834, i32 0, i32 0, [5 x i8]* @p_str935, i32 0, i32 0, [1 x i8]* @p_str127, [1 x i8]* @p_str127, [1 x i8]* @p_str127, i32 0, i32 0, i32 0, i32 0, [1 x i8]* @p_str127, [1 x i8]* @p_str127) nounwind"   --->   Operation 72 'specinterface' <Predicate = true> <Delay = 0.00>
ST_24 : Operation 73 [1/2] (4.35ns)   --->   "%tmp_data = fptrunc double %tmp_4 to float" [modules/I_calc/I_calc.cpp:43]   --->   Operation 73 'fptrunc' 'tmp_data' <Predicate = true> <Delay = 4.35> <Core = "Double2Float">   --->   Core 122 'Double2Float' <Latency = 1> <II = 1> <Delay = 4.35> <FuncUnit> <Opcode : 'fptrunc'> <InPorts = 1> <OutPorts = 1>
ST_24 : Operation 74 [1/1] (0.80ns)   --->   "%tmp_tlast_V = and i1 %tmp_i, %tmp_10_i" [modules/I_calc/I_calc.cpp:34->modules/I_calc/I_calc.cpp:44]   --->   Operation 74 'and' 'tmp_tlast_V' <Predicate = true> <Delay = 0.80> <Core = "LogicGate">   --->   Core 27 'LogicGate' <Latency = 0> <II = 1> <Delay = 0.80> <FuncUnit> <Opcode : 'and' 'or' 'xor'> <InPorts = 2> <OutPorts = 1>
ST_24 : Operation 75 [1/1] (0.00ns)   --->   "call void @_ssdm_op_Write.axis.volatile.floatP.i1P(float* %I_V_data, i1* %I_V_tlast_V, float %tmp_data, i1 %tmp_tlast_V)" [modules/I_calc/I_calc.cpp:45]   --->   Operation 75 'write' <Predicate = true> <Delay = 0.00> <Core = "AXI4Stream">   --->   Core 5 'AXI4Stream' <Latency = 0> <II = 1> <Delay = 1.00> <Adapter> <Opcode : >
ST_24 : Operation 76 [1/1] (0.00ns)   --->   "ret void"   --->   Operation 76 'ret' <Predicate = true> <Delay = 0.00>


============================================================
+ Verbose Summary: Timing violations
============================================================
Target clock period: 5ns, clock uncertainty: 0.625ns.

 <State 1>: 1.75ns
The critical path consists of the following:
	wire read on port 'row_V' [11]  (0 ns)
	'getelementptr' operation ('F_temp_data_addr', modules/I_calc/I_calc.cpp:43) [13]  (0 ns)
	'load' operation ('F_temp_data_load', modules/I_calc/I_calc.cpp:43) on array 'F_temp_data' [14]  (1.75 ns)

 <State 2>: 1.75ns
The critical path consists of the following:
	'load' operation ('F_temp_data_load', modules/I_calc/I_calc.cpp:43) on array 'F_temp_data' [14]  (1.75 ns)

 <State 3>: 3.95ns
The critical path consists of the following:
	'fpext' operation ('tmp_s', modules/I_calc/I_calc.cpp:43) [15]  (3.95 ns)

 <State 4>: 3.65ns
The critical path consists of the following:
	'dmul' operation ('tmp_1', modules/I_calc/I_calc.cpp:43) [16]  (3.65 ns)

 <State 5>: 3.65ns
The critical path consists of the following:
	'dmul' operation ('tmp_1', modules/I_calc/I_calc.cpp:43) [16]  (3.65 ns)

 <State 6>: 3.65ns
The critical path consists of the following:
	'dmul' operation ('tmp_1', modules/I_calc/I_calc.cpp:43) [16]  (3.65 ns)

 <State 7>: 3.65ns
The critical path consists of the following:
	'dmul' operation ('tmp_1', modules/I_calc/I_calc.cpp:43) [16]  (3.65 ns)

 <State 8>: 3.65ns
The critical path consists of the following:
	'dmul' operation ('tmp_1', modules/I_calc/I_calc.cpp:43) [16]  (3.65 ns)

 <State 9>: 3.65ns
The critical path consists of the following:
	'dmul' operation ('tmp_1', modules/I_calc/I_calc.cpp:43) [16]  (3.65 ns)

 <State 10>: 3.65ns
The critical path consists of the following:
	'dmul' operation ('tmp_1', modules/I_calc/I_calc.cpp:43) [16]  (3.65 ns)

 <State 11>: 3.65ns
The critical path consists of the following:
	'dmul' operation ('tmp_1', modules/I_calc/I_calc.cpp:43) [16]  (3.65 ns)

 <State 12>: 3.65ns
The critical path consists of the following:
	'dmul' operation ('tmp_1', modules/I_calc/I_calc.cpp:43) [16]  (3.65 ns)

 <State 13>: 3.65ns
The critical path consists of the following:
	'dmul' operation ('tmp_1', modules/I_calc/I_calc.cpp:43) [16]  (3.65 ns)

 <State 14>: 4.29ns
The critical path consists of the following:
	'dadd' operation ('tmp_4', modules/I_calc/I_calc.cpp:43) [21]  (4.29 ns)

 <State 15>: 4.29ns
The critical path consists of the following:
	'dadd' operation ('tmp_4', modules/I_calc/I_calc.cpp:43) [21]  (4.29 ns)

 <State 16>: 4.29ns
The critical path consists of the following:
	'dadd' operation ('tmp_4', modules/I_calc/I_calc.cpp:43) [21]  (4.29 ns)

 <State 17>: 4.29ns
The critical path consists of the following:
	'dadd' operation ('tmp_4', modules/I_calc/I_calc.cpp:43) [21]  (4.29 ns)

 <State 18>: 4.29ns
The critical path consists of the following:
	'dadd' operation ('tmp_4', modules/I_calc/I_calc.cpp:43) [21]  (4.29 ns)

 <State 19>: 4.29ns
The critical path consists of the following:
	'dadd' operation ('tmp_4', modules/I_calc/I_calc.cpp:43) [21]  (4.29 ns)

 <State 20>: 4.29ns
The critical path consists of the following:
	'dadd' operation ('tmp_4', modules/I_calc/I_calc.cpp:43) [21]  (4.29 ns)

 <State 21>: 4.29ns
The critical path consists of the following:
	'dadd' operation ('tmp_4', modules/I_calc/I_calc.cpp:43) [21]  (4.29 ns)

 <State 22>: 4.29ns
The critical path consists of the following:
	'dadd' operation ('tmp_4', modules/I_calc/I_calc.cpp:43) [21]  (4.29 ns)

 <State 23>: 4.35ns
The critical path consists of the following:
	'fptrunc' operation ('tmp.data', modules/I_calc/I_calc.cpp:43) [22]  (4.35 ns)

 <State 24>: 4.35ns
The critical path consists of the following:
	'fptrunc' operation ('tmp.data', modules/I_calc/I_calc.cpp:43) [22]  (4.35 ns)


============================================================
+ Verbose Summary: Binding
============================================================
N/A
* FSMD analyzer results:
  - Output states:
 - Input state : 
  - Chain level:
	State 1
	State 2
	State 3
	State 4
	State 5
	State 6
	State 7
	State 8
	State 9
	State 10
	State 11
	State 12
	State 13
	State 14
	State 15
	State 16
	State 17
	State 18
	State 19
	State 20
	State 21
	State 22
	State 23
	State 24


============================================================
+ Verbose Summary: Datapath Resource usage 
============================================================
N/A
