
****** Vivado(TM) HLS - High-Level Synthesis from C, C++ and SystemC v2018.3 (64-bit)
  **** SW Build 2405991 on Thu Dec  6 23:36:41 MST 2018
  **** IP Build 2404404 on Fri Dec  7 01:43:56 MST 2018
    ** Copyright 1986-2018 Xilinx, Inc. All Rights Reserved.

source /tools/Xilinx/Vivado/2018.3/scripts/vivado_hls/hls.tcl -notrace
INFO: [HLS 200-10] Running '/tools/Xilinx/Vivado/2018.3/bin/unwrapped/lnx64.o/vivado_hls'
INFO: [HLS 200-10] For user 'carlositcr' on host 'carlositcr-HP-ProBook-640-G1' (Linux_x86_64 version 4.15.0-142-generic) on Thu May 13 15:11:17 CST 2021
INFO: [HLS 200-10] On os Ubuntu 16.04.7 LTS
INFO: [HLS 200-10] In directory '/home/carlositcr/InterfacesZynq/GapJuntion/hls'
INFO: [HLS 200-10] Opening and resetting project '/home/carlositcr/InterfacesZynq/GapJuntion/hls/hls_gapjuntion_prj'.
INFO: [HLS 200-10] Adding design file 'gjip.cpp' to the project
INFO: [HLS 200-10] Adding test bench file 'gjip_test.cpp' to the project
INFO: [HLS 200-10] Opening and resetting solution '/home/carlositcr/InterfacesZynq/GapJuntion/hls/hls_gapjuntion_prj/solution1'.
INFO: [HLS 200-10] Cleaning up the solution database.
INFO: [HLS 200-10] Setting target device to 'xc7z045ffg900-2'
INFO: [SYN 201-201] Setting up clock 'default' with a period of 5ns.
INFO: [SIM 211-2] *************** CSIM start ***************
INFO: [SIM 211-4] CSIM will launch CLANG as the compiler.
   Compiling ../../../../gjip_test.cpp in debug mode
   Compiling ../../../../gjip.cpp in debug mode
   Generating csim.exe
../../../../gjip.cpp:45:26: warning: format specifies type 'int' but the argument has type 'size_t' (aka 'unsigned long') [-Wformat]
                printf ("Size: %d \n", v_row_fifo.size());
                               ~~      ^~~~~~~~~~~~~~~~~
                               %zu
1 warning generated.
@E Simulation failed: SIGSEGV.
ERROR: [SIM 211-100] CSim failed with errors.
INFO: [SIM 211-3] *************** CSIM finish ***************
4
    while executing
"source [lindex $::argv 1] "
    ("uplevel" body line 1)
    invoked from within
"uplevel \#0 { source [lindex $::argv 1] } "

INFO: [Common 17-206] Exiting vivado_hls at Thu May 13 15:11:22 2021...
