#-----------------------------------------------------------
# xsim v2018.3 (64-bit)
# SW Build 2405991 on Thu Dec  6 23:36:41 MST 2018
# IP Build 2404404 on Fri Dec  7 01:43:56 MST 2018
# Start of session at: Sat May 15 00:04:54 2021
# Process ID: 30459
# Current directory: /home/carlositcr/InterfacesZynq/GapJuntion/hls/hls_GapJuntion/hls_gapjuntion_prj/solution1/sim/verilog
# Command line: xsim -mode tcl -source {xsim.dir/GapJunctionIP/xsim_script.tcl}
# Log file: /home/carlositcr/InterfacesZynq/GapJuntion/hls/hls_GapJuntion/hls_gapjuntion_prj/solution1/sim/verilog/xsim.log
# Journal file: /home/carlositcr/InterfacesZynq/GapJuntion/hls/hls_GapJuntion/hls_gapjuntion_prj/solution1/sim/verilog/xsim.jou
#-----------------------------------------------------------
source xsim.dir/GapJunctionIP/xsim_script.tcl
# xsim {GapJunctionIP} -autoloadwcfg -tclbatch {GapJunctionIP.tcl}
Vivado Simulator 2018.3
Time resolution is 1 ps
source GapJunctionIP.tcl
## run all
Warning: OPMODE Input Warning : The OPMODE 011XX11 with CARRYINSEL  000 to DSP48E1 instance is invalid.
Time: 100010 ps  Iteration: 0  Process: /apatb_GapJunctionIP_top/AESL_inst_GapJunctionIP/grp_execute_fu_142/I_calc_U0/grp_getTotalCurrent_fu_363/GapJunctionIP_dmul_64ns_64ns_64_10_max_dsp_1_U170/GapJunctionIP_ap_dmul_8_max_dsp_64_u/U0/i_synth/mult/OP/R_AND_R/logic/R_AND_R/dsp48_e1/dsp48e1_add/DSP48E1_ADD/DSP/prcs_opmode_drc  File: /tools/Xilinx/Vivado/2018.3/data/vhdl/src/unisims/primitive/DSP48E1.vhd
Warning: OPMODE Input Warning : The OPMODE 011XX11 with CARRYINSEL  000 to DSP48E1 instance is invalid.
Time: 100010 ps  Iteration: 0  Process: /apatb_GapJunctionIP_top/AESL_inst_GapJunctionIP/grp_execute_fu_142/I_calc_U0/grp_getTotalCurrent_fu_363/GapJunctionIP_dmul_64ns_64ns_64_10_max_dsp_1_U169/GapJunctionIP_ap_dmul_8_max_dsp_64_u/U0/i_synth/mult/OP/R_AND_R/logic/R_AND_R/dsp48_e1/dsp48e1_add/DSP48E1_ADD/DSP/prcs_opmode_drc  File: /tools/Xilinx/Vivado/2018.3/data/vhdl/src/unisims/primitive/DSP48E1.vhd
Warning: OPMODE Input Warning : The OPMODE 001XXXX with CARRYINSEL  000 to DSP48E1 instance is invalid.
Time: 100010 ps  Iteration: 0  Process: /apatb_GapJunctionIP_top/AESL_inst_GapJunctionIP/grp_execute_fu_142/I_calc_U0/grp_getTotalCurrent_fu_363/GapJunctionIP_dadd_64ns_64ns_64_9_full_dsp_1_U168/GapJunctionIP_ap_dadd_7_full_dsp_64_u/U0/i_synth/addsub_op/ADDSUB/speed_op/logic/OP/ALIGN_BLK/FRAC_ADDSUB/dsp_add/FRAC_ADDSUB/dsp48e1_add/DSP48E1_ADD/DSP/prcs_opmode_drc  File: /tools/Xilinx/Vivado/2018.3/data/vhdl/src/unisims/primitive/DSP48E1.vhd
////////////////////////////////////////////////////////////////////////////////////
// Inter-Transaction Progress: Completed Transaction / Total Transaction
// Intra-Transaction Progress: Measured Latency / Latency Estimation * 100%
//
// RTL Simulation : "Inter-Transaction Progress" ["Intra-Transaction Progress"] @ "Simulation Time"
////////////////////////////////////////////////////////////////////////////////////
// RTL Simulation : 0 / 4 [0.00%] @ "113000"
Warning: OPMODE Input Warning : The OPMODE 0110X0X with CARRYINSEL  000 to DSP48E1 instance is invalid.
Time: 322500 ps  Iteration: 4  Process: /apatb_GapJunctionIP_top/AESL_inst_GapJunctionIP/grp_execute_fu_142/calc_U0/GapJunctionIP_fsub_32ns_32ns_32_8_full_dsp_1_U98/GapJunctionIP_ap_fsub_6_full_dsp_32_u/U0/i_synth/addsub_op/ADDSUB/speed_op/dsp/OP/dsp48e1_body/ALIGN_ADD/DSP2/DSP/prcs_opmode_drc  File: /tools/Xilinx/Vivado/2018.3/data/vhdl/src/unisims/primitive/DSP48E1.vhd
Warning: OPMODE Input Warning : The OPMODE 0110X0X with CARRYINSEL  000 to DSP48E1 instance is invalid.
Time: 322500 ps  Iteration: 4  Process: /apatb_GapJunctionIP_top/AESL_inst_GapJunctionIP/grp_execute_fu_142/calc_U0/GapJunctionIP_fsub_32ns_32ns_32_8_full_dsp_1_U99/GapJunctionIP_ap_fsub_6_full_dsp_32_u/U0/i_synth/addsub_op/ADDSUB/speed_op/dsp/OP/dsp48e1_body/ALIGN_ADD/DSP2/DSP/prcs_opmode_drc  File: /tools/Xilinx/Vivado/2018.3/data/vhdl/src/unisims/primitive/DSP48E1.vhd
Warning: OPMODE Input Warning : The OPMODE 011XX11 with CARRYINSEL  000 to DSP48E1 instance is invalid.
Time: 382500 ps  Iteration: 8  Process: /apatb_GapJunctionIP_top/AESL_inst_GapJunctionIP/grp_execute_fu_142/calc_U0/GapJunctionIP_fexp_32ns_32ns_32_18_full_dsp_1_U106/GapJunctionIP_ap_fexp_16_full_dsp_32_u/U0/i_synth/exp_op/i_sp_or_dp/OP/i_renorm_and_round/dsp48_e1/dsp48e1_add/DSP48E1_ADD/DSP/prcs_opmode_drc  File: /tools/Xilinx/Vivado/2018.3/data/vhdl/src/unisims/primitive/DSP48E1.vhd
Warning: OPMODE Input Warning : The OPMODE 011XX11 with CARRYINSEL  000 to DSP48E1 instance is invalid.
Time: 382500 ps  Iteration: 8  Process: /apatb_GapJunctionIP_top/AESL_inst_GapJunctionIP/grp_execute_fu_142/calc_U0/GapJunctionIP_fexp_32ns_32ns_32_18_full_dsp_1_U107/GapJunctionIP_ap_fexp_16_full_dsp_32_u/U0/i_synth/exp_op/i_sp_or_dp/OP/i_renorm_and_round/dsp48_e1/dsp48e1_add/DSP48E1_ADD/DSP/prcs_opmode_drc  File: /tools/Xilinx/Vivado/2018.3/data/vhdl/src/unisims/primitive/DSP48E1.vhd
Warning: OPMODE Input Warning : The OPMODE 0110X0X with CARRYINSEL  000 to DSP48E1 instance is invalid.
Time: 547500 ps  Iteration: 4  Process: /apatb_GapJunctionIP_top/AESL_inst_GapJunctionIP/grp_execute_fu_142/acc_U0/GapJunctionIP_fadd_32ns_32ns_32_8_full_dsp_1_U139/GapJunctionIP_ap_fadd_6_full_dsp_32_u/U0/i_synth/addsub_op/ADDSUB/speed_op/dsp/OP/dsp48e1_body/ALIGN_ADD/DSP2/DSP/prcs_opmode_drc  File: /tools/Xilinx/Vivado/2018.3/data/vhdl/src/unisims/primitive/DSP48E1.vhd
Warning: OPMODE Input Warning : The OPMODE 0110X0X with CARRYINSEL  000 to DSP48E1 instance is invalid.
Time: 547500 ps  Iteration: 4  Process: /apatb_GapJunctionIP_top/AESL_inst_GapJunctionIP/grp_execute_fu_142/acc_U0/GapJunctionIP_fadd_32ns_32ns_32_8_full_dsp_1_U140/GapJunctionIP_ap_fadd_6_full_dsp_32_u/U0/i_synth/addsub_op/ADDSUB/speed_op/dsp/OP/dsp48e1_body/ALIGN_ADD/DSP2/DSP/prcs_opmode_drc  File: /tools/Xilinx/Vivado/2018.3/data/vhdl/src/unisims/primitive/DSP48E1.vhd
Warning: OPMODE Input Warning : The OPMODE 0110X0X with CARRYINSEL  000 to DSP48E1 instance is invalid.
Time: 547500 ps  Iteration: 4  Process: /apatb_GapJunctionIP_top/AESL_inst_GapJunctionIP/grp_execute_fu_142/acc_U0/GapJunctionIP_fadd_32ns_32ns_32_8_full_dsp_1_U141/GapJunctionIP_ap_fadd_6_full_dsp_32_u/U0/i_synth/addsub_op/ADDSUB/speed_op/dsp/OP/dsp48e1_body/ALIGN_ADD/DSP2/DSP/prcs_opmode_drc  File: /tools/Xilinx/Vivado/2018.3/data/vhdl/src/unisims/primitive/DSP48E1.vhd
Warning: OPMODE Input Warning : The OPMODE 0110X0X with CARRYINSEL  000 to DSP48E1 instance is invalid.
Time: 597500 ps  Iteration: 4  Process: /apatb_GapJunctionIP_top/AESL_inst_GapJunctionIP/grp_execute_fu_142/acc_U0/GapJunctionIP_fadd_32ns_32ns_32_8_full_dsp_1_U140/GapJunctionIP_ap_fadd_6_full_dsp_32_u/U0/i_synth/addsub_op/ADDSUB/speed_op/dsp/OP/dsp48e1_body/ALIGN_ADD/DSP2/DSP/prcs_opmode_drc  File: /tools/Xilinx/Vivado/2018.3/data/vhdl/src/unisims/primitive/DSP48E1.vhd
Warning: OPMODE Input Warning : The OPMODE 0110X0X with CARRYINSEL  000 to DSP48E1 instance is invalid.
Time: 597500 ps  Iteration: 4  Process: /apatb_GapJunctionIP_top/AESL_inst_GapJunctionIP/grp_execute_fu_142/acc_U0/GapJunctionIP_fadd_32ns_32ns_32_8_full_dsp_1_U141/GapJunctionIP_ap_fadd_6_full_dsp_32_u/U0/i_synth/addsub_op/ADDSUB/speed_op/dsp/OP/dsp48e1_body/ALIGN_ADD/DSP2/DSP/prcs_opmode_drc  File: /tools/Xilinx/Vivado/2018.3/data/vhdl/src/unisims/primitive/DSP48E1.vhd
Warning: OPMODE Input Warning : The OPMODE 0110X0X with CARRYINSEL  000 to DSP48E1 instance is invalid.
Time: 602500 ps  Iteration: 4  Process: /apatb_GapJunctionIP_top/AESL_inst_GapJunctionIP/grp_execute_fu_142/acc_U0/GapJunctionIP_fadd_32ns_32ns_32_8_full_dsp_1_U139/GapJunctionIP_ap_fadd_6_full_dsp_32_u/U0/i_synth/addsub_op/ADDSUB/speed_op/dsp/OP/dsp48e1_body/ALIGN_ADD/DSP2/DSP/prcs_opmode_drc  File: /tools/Xilinx/Vivado/2018.3/data/vhdl/src/unisims/primitive/DSP48E1.vhd
Warning: OPMODE Input Warning : The OPMODE 0110X0X with CARRYINSEL  000 to DSP48E1 instance is invalid.
Time: 692500 ps  Iteration: 4  Process: /apatb_GapJunctionIP_top/AESL_inst_GapJunctionIP/grp_execute_fu_142/I_calc_U0/GapJunctionIP_fadd_32ns_32ns_32_8_full_dsp_1_U182/GapJunctionIP_ap_fadd_6_full_dsp_32_u/U0/i_synth/addsub_op/ADDSUB/speed_op/dsp/OP/dsp48e1_body/ALIGN_ADD/DSP2/DSP/prcs_opmode_drc  File: /tools/Xilinx/Vivado/2018.3/data/vhdl/src/unisims/primitive/DSP48E1.vhd
Warning: OPMODE Input Warning : The OPMODE 0110X0X with CARRYINSEL  000 to DSP48E1 instance is invalid.
Time: 942500 ps  Iteration: 4  Process: /apatb_GapJunctionIP_top/AESL_inst_GapJunctionIP/grp_execute_fu_142/I_calc_U0/GapJunctionIP_fadd_32ns_32ns_32_8_full_dsp_1_U182/GapJunctionIP_ap_fadd_6_full_dsp_32_u/U0/i_synth/addsub_op/ADDSUB/speed_op/dsp/OP/dsp48e1_body/ALIGN_ADD/DSP2/DSP/prcs_opmode_drc  File: /tools/Xilinx/Vivado/2018.3/data/vhdl/src/unisims/primitive/DSP48E1.vhd
Warning: OPMODE Input Warning : The OPMODE 0110X0X with CARRYINSEL  000 to DSP48E1 instance is invalid.
Time: 1752500 ps  Iteration: 4  Process: /apatb_GapJunctionIP_top/AESL_inst_GapJunctionIP/grp_execute_fu_142/I_calc_U0/GapJunctionIP_fadd_32ns_32ns_32_8_full_dsp_1_U182/GapJunctionIP_ap_fadd_6_full_dsp_32_u/U0/i_synth/addsub_op/ADDSUB/speed_op/dsp/OP/dsp48e1_body/ALIGN_ADD/DSP2/DSP/prcs_opmode_drc  File: /tools/Xilinx/Vivado/2018.3/data/vhdl/src/unisims/primitive/DSP48E1.vhd
Warning: OPMODE Input Warning : The OPMODE 0110X0X with CARRYINSEL  000 to DSP48E1 instance is invalid.
Time: 1772500 ps  Iteration: 4  Process: /apatb_GapJunctionIP_top/AESL_inst_GapJunctionIP/grp_execute_fu_142/calc_U0/GapJunctionIP_fsub_32ns_32ns_32_8_full_dsp_1_U98/GapJunctionIP_ap_fsub_6_full_dsp_32_u/U0/i_synth/addsub_op/ADDSUB/speed_op/dsp/OP/dsp48e1_body/ALIGN_ADD/DSP2/DSP/prcs_opmode_drc  File: /tools/Xilinx/Vivado/2018.3/data/vhdl/src/unisims/primitive/DSP48E1.vhd
Warning: OPMODE Input Warning : The OPMODE 0110X0X with CARRYINSEL  000 to DSP48E1 instance is invalid.
Time: 1772500 ps  Iteration: 4  Process: /apatb_GapJunctionIP_top/AESL_inst_GapJunctionIP/grp_execute_fu_142/calc_U0/GapJunctionIP_fsub_32ns_32ns_32_8_full_dsp_1_U99/GapJunctionIP_ap_fsub_6_full_dsp_32_u/U0/i_synth/addsub_op/ADDSUB/speed_op/dsp/OP/dsp48e1_body/ALIGN_ADD/DSP2/DSP/prcs_opmode_drc  File: /tools/Xilinx/Vivado/2018.3/data/vhdl/src/unisims/primitive/DSP48E1.vhd
Warning: OPMODE Input Warning : The OPMODE 011XX11 with CARRYINSEL  000 to DSP48E1 instance is invalid.
Time: 1922500 ps  Iteration: 8  Process: /apatb_GapJunctionIP_top/AESL_inst_GapJunctionIP/grp_execute_fu_142/calc_U0/GapJunctionIP_fexp_32ns_32ns_32_18_full_dsp_1_U106/GapJunctionIP_ap_fexp_16_full_dsp_32_u/U0/i_synth/exp_op/i_sp_or_dp/OP/i_renorm_and_round/dsp48_e1/dsp48e1_add/DSP48E1_ADD/DSP/prcs_opmode_drc  File: /tools/Xilinx/Vivado/2018.3/data/vhdl/src/unisims/primitive/DSP48E1.vhd
Warning: OPMODE Input Warning : The OPMODE 011XX11 with CARRYINSEL  000 to DSP48E1 instance is invalid.
Time: 1922500 ps  Iteration: 8  Process: /apatb_GapJunctionIP_top/AESL_inst_GapJunctionIP/grp_execute_fu_142/calc_U0/GapJunctionIP_fexp_32ns_32ns_32_18_full_dsp_1_U107/GapJunctionIP_ap_fexp_16_full_dsp_32_u/U0/i_synth/exp_op/i_sp_or_dp/OP/i_renorm_and_round/dsp48_e1/dsp48e1_add/DSP48E1_ADD/DSP/prcs_opmode_drc  File: /tools/Xilinx/Vivado/2018.3/data/vhdl/src/unisims/primitive/DSP48E1.vhd
Warning: OPMODE Input Warning : The OPMODE 0110X0X with CARRYINSEL  000 to DSP48E1 instance is invalid.
Time: 2012500 ps  Iteration: 4  Process: /apatb_GapJunctionIP_top/AESL_inst_GapJunctionIP/grp_execute_fu_142/acc_U0/GapJunctionIP_fadd_32ns_32ns_32_8_full_dsp_1_U139/GapJunctionIP_ap_fadd_6_full_dsp_32_u/U0/i_synth/addsub_op/ADDSUB/speed_op/dsp/OP/dsp48e1_body/ALIGN_ADD/DSP2/DSP/prcs_opmode_drc  File: /tools/Xilinx/Vivado/2018.3/data/vhdl/src/unisims/primitive/DSP48E1.vhd
Warning: OPMODE Input Warning : The OPMODE 0110X0X with CARRYINSEL  000 to DSP48E1 instance is invalid.
Time: 2012500 ps  Iteration: 4  Process: /apatb_GapJunctionIP_top/AESL_inst_GapJunctionIP/grp_execute_fu_142/acc_U0/GapJunctionIP_fadd_32ns_32ns_32_8_full_dsp_1_U140/GapJunctionIP_ap_fadd_6_full_dsp_32_u/U0/i_synth/addsub_op/ADDSUB/speed_op/dsp/OP/dsp48e1_body/ALIGN_ADD/DSP2/DSP/prcs_opmode_drc  File: /tools/Xilinx/Vivado/2018.3/data/vhdl/src/unisims/primitive/DSP48E1.vhd
Warning: OPMODE Input Warning : The OPMODE 0110X0X with CARRYINSEL  000 to DSP48E1 instance is invalid.
Time: 2012500 ps  Iteration: 4  Process: /apatb_GapJunctionIP_top/AESL_inst_GapJunctionIP/grp_execute_fu_142/acc_U0/GapJunctionIP_fadd_32ns_32ns_32_8_full_dsp_1_U141/GapJunctionIP_ap_fadd_6_full_dsp_32_u/U0/i_synth/addsub_op/ADDSUB/speed_op/dsp/OP/dsp48e1_body/ALIGN_ADD/DSP2/DSP/prcs_opmode_drc  File: /tools/Xilinx/Vivado/2018.3/data/vhdl/src/unisims/primitive/DSP48E1.vhd
Warning: OPMODE Input Warning : The OPMODE 0110X0X with CARRYINSEL  000 to DSP48E1 instance is invalid.
Time: 2052500 ps  Iteration: 4  Process: /apatb_GapJunctionIP_top/AESL_inst_GapJunctionIP/grp_execute_fu_142/acc_U0/GapJunctionIP_fadd_32ns_32ns_32_8_full_dsp_1_U139/GapJunctionIP_ap_fadd_6_full_dsp_32_u/U0/i_synth/addsub_op/ADDSUB/speed_op/dsp/OP/dsp48e1_body/ALIGN_ADD/DSP2/DSP/prcs_opmode_drc  File: /tools/Xilinx/Vivado/2018.3/data/vhdl/src/unisims/primitive/DSP48E1.vhd
Warning: OPMODE Input Warning : The OPMODE 0110X0X with CARRYINSEL  000 to DSP48E1 instance is invalid.
Time: 2052500 ps  Iteration: 4  Process: /apatb_GapJunctionIP_top/AESL_inst_GapJunctionIP/grp_execute_fu_142/acc_U0/GapJunctionIP_fadd_32ns_32ns_32_8_full_dsp_1_U140/GapJunctionIP_ap_fadd_6_full_dsp_32_u/U0/i_synth/addsub_op/ADDSUB/speed_op/dsp/OP/dsp48e1_body/ALIGN_ADD/DSP2/DSP/prcs_opmode_drc  File: /tools/Xilinx/Vivado/2018.3/data/vhdl/src/unisims/primitive/DSP48E1.vhd
Warning: OPMODE Input Warning : The OPMODE 0110X0X with CARRYINSEL  000 to DSP48E1 instance is invalid.
Time: 2052500 ps  Iteration: 4  Process: /apatb_GapJunctionIP_top/AESL_inst_GapJunctionIP/grp_execute_fu_142/acc_U0/GapJunctionIP_fadd_32ns_32ns_32_8_full_dsp_1_U141/GapJunctionIP_ap_fadd_6_full_dsp_32_u/U0/i_synth/addsub_op/ADDSUB/speed_op/dsp/OP/dsp48e1_body/ALIGN_ADD/DSP2/DSP/prcs_opmode_drc  File: /tools/Xilinx/Vivado/2018.3/data/vhdl/src/unisims/primitive/DSP48E1.vhd
Warning: OPMODE Input Warning : The OPMODE 0110X0X with CARRYINSEL  000 to DSP48E1 instance is invalid.
Time: 2562500 ps  Iteration: 4  Process: /apatb_GapJunctionIP_top/AESL_inst_GapJunctionIP/grp_execute_fu_142/I_calc_U0/GapJunctionIP_fadd_32ns_32ns_32_8_full_dsp_1_U182/GapJunctionIP_ap_fadd_6_full_dsp_32_u/U0/i_synth/addsub_op/ADDSUB/speed_op/dsp/OP/dsp48e1_body/ALIGN_ADD/DSP2/DSP/prcs_opmode_drc  File: /tools/Xilinx/Vivado/2018.3/data/vhdl/src/unisims/primitive/DSP48E1.vhd
Warning: OPMODE Input Warning : The OPMODE 0110X0X with CARRYINSEL  000 to DSP48E1 instance is invalid.
Time: 3372500 ps  Iteration: 4  Process: /apatb_GapJunctionIP_top/AESL_inst_GapJunctionIP/grp_execute_fu_142/I_calc_U0/GapJunctionIP_fadd_32ns_32ns_32_8_full_dsp_1_U182/GapJunctionIP_ap_fadd_6_full_dsp_32_u/U0/i_synth/addsub_op/ADDSUB/speed_op/dsp/OP/dsp48e1_body/ALIGN_ADD/DSP2/DSP/prcs_opmode_drc  File: /tools/Xilinx/Vivado/2018.3/data/vhdl/src/unisims/primitive/DSP48E1.vhd
Warning: OPMODE Input Warning : The OPMODE 0110X0X with CARRYINSEL  000 to DSP48E1 instance is invalid.
Time: 4182500 ps  Iteration: 4  Process: /apatb_GapJunctionIP_top/AESL_inst_GapJunctionIP/grp_execute_fu_142/I_calc_U0/GapJunctionIP_fadd_32ns_32ns_32_8_full_dsp_1_U182/GapJunctionIP_ap_fadd_6_full_dsp_32_u/U0/i_synth/addsub_op/ADDSUB/speed_op/dsp/OP/dsp48e1_body/ALIGN_ADD/DSP2/DSP/prcs_opmode_drc  File: /tools/Xilinx/Vivado/2018.3/data/vhdl/src/unisims/primitive/DSP48E1.vhd
Warning: OPMODE Input Warning : The OPMODE 0110X0X with CARRYINSEL  000 to DSP48E1 instance is invalid.
Time: 4992500 ps  Iteration: 4  Process: /apatb_GapJunctionIP_top/AESL_inst_GapJunctionIP/grp_execute_fu_142/I_calc_U0/GapJunctionIP_fadd_32ns_32ns_32_8_full_dsp_1_U182/GapJunctionIP_ap_fadd_6_full_dsp_32_u/U0/i_synth/addsub_op/ADDSUB/speed_op/dsp/OP/dsp48e1_body/ALIGN_ADD/DSP2/DSP/prcs_opmode_drc  File: /tools/Xilinx/Vivado/2018.3/data/vhdl/src/unisims/primitive/DSP48E1.vhd
// RTL Simulation : 1 / 4 [100.00%] @ "5538000"
Warning: OPMODE Input Warning : The OPMODE 0110X0X with CARRYINSEL  000 to DSP48E1 instance is invalid.
Time: 6107500 ps  Iteration: 4  Process: /apatb_GapJunctionIP_top/AESL_inst_GapJunctionIP/grp_execute_fu_142/acc_U0/GapJunctionIP_fadd_32ns_32ns_32_8_full_dsp_1_U140/GapJunctionIP_ap_fadd_6_full_dsp_32_u/U0/i_synth/addsub_op/ADDSUB/speed_op/dsp/OP/dsp48e1_body/ALIGN_ADD/DSP2/DSP/prcs_opmode_drc  File: /tools/Xilinx/Vivado/2018.3/data/vhdl/src/unisims/primitive/DSP48E1.vhd
Warning: OPMODE Input Warning : The OPMODE 0110X0X with CARRYINSEL  000 to DSP48E1 instance is invalid.
Time: 6107500 ps  Iteration: 4  Process: /apatb_GapJunctionIP_top/AESL_inst_GapJunctionIP/grp_execute_fu_142/acc_U0/GapJunctionIP_fadd_32ns_32ns_32_8_full_dsp_1_U141/GapJunctionIP_ap_fadd_6_full_dsp_32_u/U0/i_synth/addsub_op/ADDSUB/speed_op/dsp/OP/dsp48e1_body/ALIGN_ADD/DSP2/DSP/prcs_opmode_drc  File: /tools/Xilinx/Vivado/2018.3/data/vhdl/src/unisims/primitive/DSP48E1.vhd
Warning: OPMODE Input Warning : The OPMODE 0110X0X with CARRYINSEL  000 to DSP48E1 instance is invalid.
Time: 6112500 ps  Iteration: 4  Process: /apatb_GapJunctionIP_top/AESL_inst_GapJunctionIP/grp_execute_fu_142/acc_U0/GapJunctionIP_fadd_32ns_32ns_32_8_full_dsp_1_U139/GapJunctionIP_ap_fadd_6_full_dsp_32_u/U0/i_synth/addsub_op/ADDSUB/speed_op/dsp/OP/dsp48e1_body/ALIGN_ADD/DSP2/DSP/prcs_opmode_drc  File: /tools/Xilinx/Vivado/2018.3/data/vhdl/src/unisims/primitive/DSP48E1.vhd
Warning: OPMODE Input Warning : The OPMODE 0110X0X with CARRYINSEL  000 to DSP48E1 instance is invalid.
Time: 6692500 ps  Iteration: 4  Process: /apatb_GapJunctionIP_top/AESL_inst_GapJunctionIP/grp_execute_fu_142/I_calc_U0/GapJunctionIP_fadd_32ns_32ns_32_8_full_dsp_1_U182/GapJunctionIP_ap_fadd_6_full_dsp_32_u/U0/i_synth/addsub_op/ADDSUB/speed_op/dsp/OP/dsp48e1_body/ALIGN_ADD/DSP2/DSP/prcs_opmode_drc  File: /tools/Xilinx/Vivado/2018.3/data/vhdl/src/unisims/primitive/DSP48E1.vhd
Warning: OPMODE Input Warning : The OPMODE 0110X0X with CARRYINSEL  000 to DSP48E1 instance is invalid.
Time: 7742500 ps  Iteration: 4  Process: /apatb_GapJunctionIP_top/AESL_inst_GapJunctionIP/grp_execute_fu_142/I_calc_U0/GapJunctionIP_fadd_32ns_32ns_32_8_full_dsp_1_U182/GapJunctionIP_ap_fadd_6_full_dsp_32_u/U0/i_synth/addsub_op/ADDSUB/speed_op/dsp/OP/dsp48e1_body/ALIGN_ADD/DSP2/DSP/prcs_opmode_drc  File: /tools/Xilinx/Vivado/2018.3/data/vhdl/src/unisims/primitive/DSP48E1.vhd
Warning: OPMODE Input Warning : The OPMODE 0110X0X with CARRYINSEL  000 to DSP48E1 instance is invalid.
Time: 8792500 ps  Iteration: 4  Process: /apatb_GapJunctionIP_top/AESL_inst_GapJunctionIP/grp_execute_fu_142/I_calc_U0/GapJunctionIP_fadd_32ns_32ns_32_8_full_dsp_1_U182/GapJunctionIP_ap_fadd_6_full_dsp_32_u/U0/i_synth/addsub_op/ADDSUB/speed_op/dsp/OP/dsp48e1_body/ALIGN_ADD/DSP2/DSP/prcs_opmode_drc  File: /tools/Xilinx/Vivado/2018.3/data/vhdl/src/unisims/primitive/DSP48E1.vhd
Warning: OPMODE Input Warning : The OPMODE 0110X0X with CARRYINSEL  000 to DSP48E1 instance is invalid.
Time: 9842500 ps  Iteration: 4  Process: /apatb_GapJunctionIP_top/AESL_inst_GapJunctionIP/grp_execute_fu_142/I_calc_U0/GapJunctionIP_fadd_32ns_32ns_32_8_full_dsp_1_U182/GapJunctionIP_ap_fadd_6_full_dsp_32_u/U0/i_synth/addsub_op/ADDSUB/speed_op/dsp/OP/dsp48e1_body/ALIGN_ADD/DSP2/DSP/prcs_opmode_drc  File: /tools/Xilinx/Vivado/2018.3/data/vhdl/src/unisims/primitive/DSP48E1.vhd
Warning: OPMODE Input Warning : The OPMODE 0110X0X with CARRYINSEL  000 to DSP48E1 instance is invalid.
Time: 10892500 ps  Iteration: 4  Process: /apatb_GapJunctionIP_top/AESL_inst_GapJunctionIP/grp_execute_fu_142/I_calc_U0/GapJunctionIP_fadd_32ns_32ns_32_8_full_dsp_1_U182/GapJunctionIP_ap_fadd_6_full_dsp_32_u/U0/i_synth/addsub_op/ADDSUB/speed_op/dsp/OP/dsp48e1_body/ALIGN_ADD/DSP2/DSP/prcs_opmode_drc  File: /tools/Xilinx/Vivado/2018.3/data/vhdl/src/unisims/primitive/DSP48E1.vhd
Warning: OPMODE Input Warning : The OPMODE 0110X0X with CARRYINSEL  000 to DSP48E1 instance is invalid.
Time: 11602500 ps  Iteration: 4  Process: /apatb_GapJunctionIP_top/AESL_inst_GapJunctionIP/grp_execute_fu_142/calc_U0/GapJunctionIP_fsub_32ns_32ns_32_8_full_dsp_1_U98/GapJunctionIP_ap_fsub_6_full_dsp_32_u/U0/i_synth/addsub_op/ADDSUB/speed_op/dsp/OP/dsp48e1_body/ALIGN_ADD/DSP2/DSP/prcs_opmode_drc  File: /tools/Xilinx/Vivado/2018.3/data/vhdl/src/unisims/primitive/DSP48E1.vhd
Warning: OPMODE Input Warning : The OPMODE 0110X0X with CARRYINSEL  000 to DSP48E1 instance is invalid.
Time: 11602500 ps  Iteration: 4  Process: /apatb_GapJunctionIP_top/AESL_inst_GapJunctionIP/grp_execute_fu_142/calc_U0/GapJunctionIP_fsub_32ns_32ns_32_8_full_dsp_1_U99/GapJunctionIP_ap_fsub_6_full_dsp_32_u/U0/i_synth/addsub_op/ADDSUB/speed_op/dsp/OP/dsp48e1_body/ALIGN_ADD/DSP2/DSP/prcs_opmode_drc  File: /tools/Xilinx/Vivado/2018.3/data/vhdl/src/unisims/primitive/DSP48E1.vhd
Warning: OPMODE Input Warning : The OPMODE 011XX11 with CARRYINSEL  000 to DSP48E1 instance is invalid.
Time: 11752500 ps  Iteration: 8  Process: /apatb_GapJunctionIP_top/AESL_inst_GapJunctionIP/grp_execute_fu_142/calc_U0/GapJunctionIP_fexp_32ns_32ns_32_18_full_dsp_1_U106/GapJunctionIP_ap_fexp_16_full_dsp_32_u/U0/i_synth/exp_op/i_sp_or_dp/OP/i_renorm_and_round/dsp48_e1/dsp48e1_add/DSP48E1_ADD/DSP/prcs_opmode_drc  File: /tools/Xilinx/Vivado/2018.3/data/vhdl/src/unisims/primitive/DSP48E1.vhd
Warning: OPMODE Input Warning : The OPMODE 011XX11 with CARRYINSEL  000 to DSP48E1 instance is invalid.
Time: 11752500 ps  Iteration: 8  Process: /apatb_GapJunctionIP_top/AESL_inst_GapJunctionIP/grp_execute_fu_142/calc_U0/GapJunctionIP_fexp_32ns_32ns_32_18_full_dsp_1_U107/GapJunctionIP_ap_fexp_16_full_dsp_32_u/U0/i_synth/exp_op/i_sp_or_dp/OP/i_renorm_and_round/dsp48_e1/dsp48e1_add/DSP48E1_ADD/DSP/prcs_opmode_drc  File: /tools/Xilinx/Vivado/2018.3/data/vhdl/src/unisims/primitive/DSP48E1.vhd
Warning: OPMODE Input Warning : The OPMODE 0110X0X with CARRYINSEL  000 to DSP48E1 instance is invalid.
Time: 11842500 ps  Iteration: 4  Process: /apatb_GapJunctionIP_top/AESL_inst_GapJunctionIP/grp_execute_fu_142/acc_U0/GapJunctionIP_fadd_32ns_32ns_32_8_full_dsp_1_U139/GapJunctionIP_ap_fadd_6_full_dsp_32_u/U0/i_synth/addsub_op/ADDSUB/speed_op/dsp/OP/dsp48e1_body/ALIGN_ADD/DSP2/DSP/prcs_opmode_drc  File: /tools/Xilinx/Vivado/2018.3/data/vhdl/src/unisims/primitive/DSP48E1.vhd
Warning: OPMODE Input Warning : The OPMODE 0110X0X with CARRYINSEL  000 to DSP48E1 instance is invalid.
Time: 11842500 ps  Iteration: 4  Process: /apatb_GapJunctionIP_top/AESL_inst_GapJunctionIP/grp_execute_fu_142/acc_U0/GapJunctionIP_fadd_32ns_32ns_32_8_full_dsp_1_U140/GapJunctionIP_ap_fadd_6_full_dsp_32_u/U0/i_synth/addsub_op/ADDSUB/speed_op/dsp/OP/dsp48e1_body/ALIGN_ADD/DSP2/DSP/prcs_opmode_drc  File: /tools/Xilinx/Vivado/2018.3/data/vhdl/src/unisims/primitive/DSP48E1.vhd
Warning: OPMODE Input Warning : The OPMODE 0110X0X with CARRYINSEL  000 to DSP48E1 instance is invalid.
Time: 11842500 ps  Iteration: 4  Process: /apatb_GapJunctionIP_top/AESL_inst_GapJunctionIP/grp_execute_fu_142/acc_U0/GapJunctionIP_fadd_32ns_32ns_32_8_full_dsp_1_U141/GapJunctionIP_ap_fadd_6_full_dsp_32_u/U0/i_synth/addsub_op/ADDSUB/speed_op/dsp/OP/dsp48e1_body/ALIGN_ADD/DSP2/DSP/prcs_opmode_drc  File: /tools/Xilinx/Vivado/2018.3/data/vhdl/src/unisims/primitive/DSP48E1.vhd
Warning: OPMODE Input Warning : The OPMODE 0110X0X with CARRYINSEL  000 to DSP48E1 instance is invalid.
Time: 11882500 ps  Iteration: 4  Process: /apatb_GapJunctionIP_top/AESL_inst_GapJunctionIP/grp_execute_fu_142/acc_U0/GapJunctionIP_fadd_32ns_32ns_32_8_full_dsp_1_U139/GapJunctionIP_ap_fadd_6_full_dsp_32_u/U0/i_synth/addsub_op/ADDSUB/speed_op/dsp/OP/dsp48e1_body/ALIGN_ADD/DSP2/DSP/prcs_opmode_drc  File: /tools/Xilinx/Vivado/2018.3/data/vhdl/src/unisims/primitive/DSP48E1.vhd
Warning: OPMODE Input Warning : The OPMODE 0110X0X with CARRYINSEL  000 to DSP48E1 instance is invalid.
Time: 11882500 ps  Iteration: 4  Process: /apatb_GapJunctionIP_top/AESL_inst_GapJunctionIP/grp_execute_fu_142/acc_U0/GapJunctionIP_fadd_32ns_32ns_32_8_full_dsp_1_U140/GapJunctionIP_ap_fadd_6_full_dsp_32_u/U0/i_synth/addsub_op/ADDSUB/speed_op/dsp/OP/dsp48e1_body/ALIGN_ADD/DSP2/DSP/prcs_opmode_drc  File: /tools/Xilinx/Vivado/2018.3/data/vhdl/src/unisims/primitive/DSP48E1.vhd
Warning: OPMODE Input Warning : The OPMODE 0110X0X with CARRYINSEL  000 to DSP48E1 instance is invalid.
Time: 11882500 ps  Iteration: 4  Process: /apatb_GapJunctionIP_top/AESL_inst_GapJunctionIP/grp_execute_fu_142/acc_U0/GapJunctionIP_fadd_32ns_32ns_32_8_full_dsp_1_U141/GapJunctionIP_ap_fadd_6_full_dsp_32_u/U0/i_synth/addsub_op/ADDSUB/speed_op/dsp/OP/dsp48e1_body/ALIGN_ADD/DSP2/DSP/prcs_opmode_drc  File: /tools/Xilinx/Vivado/2018.3/data/vhdl/src/unisims/primitive/DSP48E1.vhd
Warning: OPMODE Input Warning : The OPMODE 0110X0X with CARRYINSEL  000 to DSP48E1 instance is invalid.
Time: 11942500 ps  Iteration: 4  Process: /apatb_GapJunctionIP_top/AESL_inst_GapJunctionIP/grp_execute_fu_142/I_calc_U0/GapJunctionIP_fadd_32ns_32ns_32_8_full_dsp_1_U182/GapJunctionIP_ap_fadd_6_full_dsp_32_u/U0/i_synth/addsub_op/ADDSUB/speed_op/dsp/OP/dsp48e1_body/ALIGN_ADD/DSP2/DSP/prcs_opmode_drc  File: /tools/Xilinx/Vivado/2018.3/data/vhdl/src/unisims/primitive/DSP48E1.vhd
Warning: OPMODE Input Warning : The OPMODE 0110X0X with CARRYINSEL  000 to DSP48E1 instance is invalid.
Time: 12992500 ps  Iteration: 4  Process: /apatb_GapJunctionIP_top/AESL_inst_GapJunctionIP/grp_execute_fu_142/I_calc_U0/GapJunctionIP_fadd_32ns_32ns_32_8_full_dsp_1_U182/GapJunctionIP_ap_fadd_6_full_dsp_32_u/U0/i_synth/addsub_op/ADDSUB/speed_op/dsp/OP/dsp48e1_body/ALIGN_ADD/DSP2/DSP/prcs_opmode_drc  File: /tools/Xilinx/Vivado/2018.3/data/vhdl/src/unisims/primitive/DSP48E1.vhd
Warning: OPMODE Input Warning : The OPMODE 0110X0X with CARRYINSEL  000 to DSP48E1 instance is invalid.
Time: 14042500 ps  Iteration: 4  Process: /apatb_GapJunctionIP_top/AESL_inst_GapJunctionIP/grp_execute_fu_142/I_calc_U0/GapJunctionIP_fadd_32ns_32ns_32_8_full_dsp_1_U182/GapJunctionIP_ap_fadd_6_full_dsp_32_u/U0/i_synth/addsub_op/ADDSUB/speed_op/dsp/OP/dsp48e1_body/ALIGN_ADD/DSP2/DSP/prcs_opmode_drc  File: /tools/Xilinx/Vivado/2018.3/data/vhdl/src/unisims/primitive/DSP48E1.vhd
Warning: OPMODE Input Warning : The OPMODE 0110X0X with CARRYINSEL  000 to DSP48E1 instance is invalid.
Time: 15092500 ps  Iteration: 4  Process: /apatb_GapJunctionIP_top/AESL_inst_GapJunctionIP/grp_execute_fu_142/I_calc_U0/GapJunctionIP_fadd_32ns_32ns_32_8_full_dsp_1_U182/GapJunctionIP_ap_fadd_6_full_dsp_32_u/U0/i_synth/addsub_op/ADDSUB/speed_op/dsp/OP/dsp48e1_body/ALIGN_ADD/DSP2/DSP/prcs_opmode_drc  File: /tools/Xilinx/Vivado/2018.3/data/vhdl/src/unisims/primitive/DSP48E1.vhd
Warning: OPMODE Input Warning : The OPMODE 0110X0X with CARRYINSEL  000 to DSP48E1 instance is invalid.
Time: 16142500 ps  Iteration: 4  Process: /apatb_GapJunctionIP_top/AESL_inst_GapJunctionIP/grp_execute_fu_142/I_calc_U0/GapJunctionIP_fadd_32ns_32ns_32_8_full_dsp_1_U182/GapJunctionIP_ap_fadd_6_full_dsp_32_u/U0/i_synth/addsub_op/ADDSUB/speed_op/dsp/OP/dsp48e1_body/ALIGN_ADD/DSP2/DSP/prcs_opmode_drc  File: /tools/Xilinx/Vivado/2018.3/data/vhdl/src/unisims/primitive/DSP48E1.vhd
Warning: OPMODE Input Warning : The OPMODE 0110X0X with CARRYINSEL  000 to DSP48E1 instance is invalid.
Time: 17192500 ps  Iteration: 4  Process: /apatb_GapJunctionIP_top/AESL_inst_GapJunctionIP/grp_execute_fu_142/I_calc_U0/GapJunctionIP_fadd_32ns_32ns_32_8_full_dsp_1_U182/GapJunctionIP_ap_fadd_6_full_dsp_32_u/U0/i_synth/addsub_op/ADDSUB/speed_op/dsp/OP/dsp48e1_body/ALIGN_ADD/DSP2/DSP/prcs_opmode_drc  File: /tools/Xilinx/Vivado/2018.3/data/vhdl/src/unisims/primitive/DSP48E1.vhd
Warning: OPMODE Input Warning : The OPMODE 0110X0X with CARRYINSEL  000 to DSP48E1 instance is invalid.
Time: 18242500 ps  Iteration: 4  Process: /apatb_GapJunctionIP_top/AESL_inst_GapJunctionIP/grp_execute_fu_142/I_calc_U0/GapJunctionIP_fadd_32ns_32ns_32_8_full_dsp_1_U182/GapJunctionIP_ap_fadd_6_full_dsp_32_u/U0/i_synth/addsub_op/ADDSUB/speed_op/dsp/OP/dsp48e1_body/ALIGN_ADD/DSP2/DSP/prcs_opmode_drc  File: /tools/Xilinx/Vivado/2018.3/data/vhdl/src/unisims/primitive/DSP48E1.vhd
// RTL Simulation : 2 / 4 [100.00%] @ "18788000"
Warning: OPMODE Input Warning : The OPMODE 0110X0X with CARRYINSEL  000 to DSP48E1 instance is invalid.
Time: 19447500 ps  Iteration: 4  Process: /apatb_GapJunctionIP_top/AESL_inst_GapJunctionIP/grp_execute_fu_142/acc_U0/GapJunctionIP_fadd_32ns_32ns_32_8_full_dsp_1_U140/GapJunctionIP_ap_fadd_6_full_dsp_32_u/U0/i_synth/addsub_op/ADDSUB/speed_op/dsp/OP/dsp48e1_body/ALIGN_ADD/DSP2/DSP/prcs_opmode_drc  File: /tools/Xilinx/Vivado/2018.3/data/vhdl/src/unisims/primitive/DSP48E1.vhd
Warning: OPMODE Input Warning : The OPMODE 0110X0X with CARRYINSEL  000 to DSP48E1 instance is invalid.
Time: 19447500 ps  Iteration: 4  Process: /apatb_GapJunctionIP_top/AESL_inst_GapJunctionIP/grp_execute_fu_142/acc_U0/GapJunctionIP_fadd_32ns_32ns_32_8_full_dsp_1_U141/GapJunctionIP_ap_fadd_6_full_dsp_32_u/U0/i_synth/addsub_op/ADDSUB/speed_op/dsp/OP/dsp48e1_body/ALIGN_ADD/DSP2/DSP/prcs_opmode_drc  File: /tools/Xilinx/Vivado/2018.3/data/vhdl/src/unisims/primitive/DSP48E1.vhd
Warning: OPMODE Input Warning : The OPMODE 0110X0X with CARRYINSEL  000 to DSP48E1 instance is invalid.
Time: 19452500 ps  Iteration: 4  Process: /apatb_GapJunctionIP_top/AESL_inst_GapJunctionIP/grp_execute_fu_142/acc_U0/GapJunctionIP_fadd_32ns_32ns_32_8_full_dsp_1_U139/GapJunctionIP_ap_fadd_6_full_dsp_32_u/U0/i_synth/addsub_op/ADDSUB/speed_op/dsp/OP/dsp48e1_body/ALIGN_ADD/DSP2/DSP/prcs_opmode_drc  File: /tools/Xilinx/Vivado/2018.3/data/vhdl/src/unisims/primitive/DSP48E1.vhd
Warning: OPMODE Input Warning : The OPMODE 0110X0X with CARRYINSEL  000 to DSP48E1 instance is invalid.
Time: 20272500 ps  Iteration: 4  Process: /apatb_GapJunctionIP_top/AESL_inst_GapJunctionIP/grp_execute_fu_142/I_calc_U0/GapJunctionIP_fadd_32ns_32ns_32_8_full_dsp_1_U182/GapJunctionIP_ap_fadd_6_full_dsp_32_u/U0/i_synth/addsub_op/ADDSUB/speed_op/dsp/OP/dsp48e1_body/ALIGN_ADD/DSP2/DSP/prcs_opmode_drc  File: /tools/Xilinx/Vivado/2018.3/data/vhdl/src/unisims/primitive/DSP48E1.vhd
Warning: OPMODE Input Warning : The OPMODE 0110X0X with CARRYINSEL  000 to DSP48E1 instance is invalid.
Time: 21562500 ps  Iteration: 4  Process: /apatb_GapJunctionIP_top/AESL_inst_GapJunctionIP/grp_execute_fu_142/I_calc_U0/GapJunctionIP_fadd_32ns_32ns_32_8_full_dsp_1_U182/GapJunctionIP_ap_fadd_6_full_dsp_32_u/U0/i_synth/addsub_op/ADDSUB/speed_op/dsp/OP/dsp48e1_body/ALIGN_ADD/DSP2/DSP/prcs_opmode_drc  File: /tools/Xilinx/Vivado/2018.3/data/vhdl/src/unisims/primitive/DSP48E1.vhd
Warning: OPMODE Input Warning : The OPMODE 0110X0X with CARRYINSEL  000 to DSP48E1 instance is invalid.
Time: 22852500 ps  Iteration: 4  Process: /apatb_GapJunctionIP_top/AESL_inst_GapJunctionIP/grp_execute_fu_142/I_calc_U0/GapJunctionIP_fadd_32ns_32ns_32_8_full_dsp_1_U182/GapJunctionIP_ap_fadd_6_full_dsp_32_u/U0/i_synth/addsub_op/ADDSUB/speed_op/dsp/OP/dsp48e1_body/ALIGN_ADD/DSP2/DSP/prcs_opmode_drc  File: /tools/Xilinx/Vivado/2018.3/data/vhdl/src/unisims/primitive/DSP48E1.vhd
Warning: OPMODE Input Warning : The OPMODE 0110X0X with CARRYINSEL  000 to DSP48E1 instance is invalid.
Time: 24142500 ps  Iteration: 4  Process: /apatb_GapJunctionIP_top/AESL_inst_GapJunctionIP/grp_execute_fu_142/I_calc_U0/GapJunctionIP_fadd_32ns_32ns_32_8_full_dsp_1_U182/GapJunctionIP_ap_fadd_6_full_dsp_32_u/U0/i_synth/addsub_op/ADDSUB/speed_op/dsp/OP/dsp48e1_body/ALIGN_ADD/DSP2/DSP/prcs_opmode_drc  File: /tools/Xilinx/Vivado/2018.3/data/vhdl/src/unisims/primitive/DSP48E1.vhd
Warning: OPMODE Input Warning : The OPMODE 0110X0X with CARRYINSEL  000 to DSP48E1 instance is invalid.
Time: 25432500 ps  Iteration: 4  Process: /apatb_GapJunctionIP_top/AESL_inst_GapJunctionIP/grp_execute_fu_142/I_calc_U0/GapJunctionIP_fadd_32ns_32ns_32_8_full_dsp_1_U182/GapJunctionIP_ap_fadd_6_full_dsp_32_u/U0/i_synth/addsub_op/ADDSUB/speed_op/dsp/OP/dsp48e1_body/ALIGN_ADD/DSP2/DSP/prcs_opmode_drc  File: /tools/Xilinx/Vivado/2018.3/data/vhdl/src/unisims/primitive/DSP48E1.vhd
Warning: OPMODE Input Warning : The OPMODE 0110X0X with CARRYINSEL  000 to DSP48E1 instance is invalid.
Time: 26722500 ps  Iteration: 4  Process: /apatb_GapJunctionIP_top/AESL_inst_GapJunctionIP/grp_execute_fu_142/I_calc_U0/GapJunctionIP_fadd_32ns_32ns_32_8_full_dsp_1_U182/GapJunctionIP_ap_fadd_6_full_dsp_32_u/U0/i_synth/addsub_op/ADDSUB/speed_op/dsp/OP/dsp48e1_body/ALIGN_ADD/DSP2/DSP/prcs_opmode_drc  File: /tools/Xilinx/Vivado/2018.3/data/vhdl/src/unisims/primitive/DSP48E1.vhd
Warning: OPMODE Input Warning : The OPMODE 0110X0X with CARRYINSEL  000 to DSP48E1 instance is invalid.
Time: 28012500 ps  Iteration: 4  Process: /apatb_GapJunctionIP_top/AESL_inst_GapJunctionIP/grp_execute_fu_142/I_calc_U0/GapJunctionIP_fadd_32ns_32ns_32_8_full_dsp_1_U182/GapJunctionIP_ap_fadd_6_full_dsp_32_u/U0/i_synth/addsub_op/ADDSUB/speed_op/dsp/OP/dsp48e1_body/ALIGN_ADD/DSP2/DSP/prcs_opmode_drc  File: /tools/Xilinx/Vivado/2018.3/data/vhdl/src/unisims/primitive/DSP48E1.vhd
Warning: OPMODE Input Warning : The OPMODE 0110X0X with CARRYINSEL  000 to DSP48E1 instance is invalid.
Time: 29302500 ps  Iteration: 4  Process: /apatb_GapJunctionIP_top/AESL_inst_GapJunctionIP/grp_execute_fu_142/I_calc_U0/GapJunctionIP_fadd_32ns_32ns_32_8_full_dsp_1_U182/GapJunctionIP_ap_fadd_6_full_dsp_32_u/U0/i_synth/addsub_op/ADDSUB/speed_op/dsp/OP/dsp48e1_body/ALIGN_ADD/DSP2/DSP/prcs_opmode_drc  File: /tools/Xilinx/Vivado/2018.3/data/vhdl/src/unisims/primitive/DSP48E1.vhd
Warning: OPMODE Input Warning : The OPMODE 0110X0X with CARRYINSEL  000 to DSP48E1 instance is invalid.
Time: 30592500 ps  Iteration: 4  Process: /apatb_GapJunctionIP_top/AESL_inst_GapJunctionIP/grp_execute_fu_142/I_calc_U0/GapJunctionIP_fadd_32ns_32ns_32_8_full_dsp_1_U182/GapJunctionIP_ap_fadd_6_full_dsp_32_u/U0/i_synth/addsub_op/ADDSUB/speed_op/dsp/OP/dsp48e1_body/ALIGN_ADD/DSP2/DSP/prcs_opmode_drc  File: /tools/Xilinx/Vivado/2018.3/data/vhdl/src/unisims/primitive/DSP48E1.vhd
Warning: OPMODE Input Warning : The OPMODE 0110X0X with CARRYINSEL  000 to DSP48E1 instance is invalid.
Time: 31882500 ps  Iteration: 4  Process: /apatb_GapJunctionIP_top/AESL_inst_GapJunctionIP/grp_execute_fu_142/I_calc_U0/GapJunctionIP_fadd_32ns_32ns_32_8_full_dsp_1_U182/GapJunctionIP_ap_fadd_6_full_dsp_32_u/U0/i_synth/addsub_op/ADDSUB/speed_op/dsp/OP/dsp48e1_body/ALIGN_ADD/DSP2/DSP/prcs_opmode_drc  File: /tools/Xilinx/Vivado/2018.3/data/vhdl/src/unisims/primitive/DSP48E1.vhd
Warning: OPMODE Input Warning : The OPMODE 0110X0X with CARRYINSEL  000 to DSP48E1 instance is invalid.
Time: 32142500 ps  Iteration: 4  Process: /apatb_GapJunctionIP_top/AESL_inst_GapJunctionIP/grp_execute_fu_142/calc_U0/GapJunctionIP_fsub_32ns_32ns_32_8_full_dsp_1_U98/GapJunctionIP_ap_fsub_6_full_dsp_32_u/U0/i_synth/addsub_op/ADDSUB/speed_op/dsp/OP/dsp48e1_body/ALIGN_ADD/DSP2/DSP/prcs_opmode_drc  File: /tools/Xilinx/Vivado/2018.3/data/vhdl/src/unisims/primitive/DSP48E1.vhd
Warning: OPMODE Input Warning : The OPMODE 0110X0X with CARRYINSEL  000 to DSP48E1 instance is invalid.
Time: 32142500 ps  Iteration: 4  Process: /apatb_GapJunctionIP_top/AESL_inst_GapJunctionIP/grp_execute_fu_142/calc_U0/GapJunctionIP_fsub_32ns_32ns_32_8_full_dsp_1_U99/GapJunctionIP_ap_fsub_6_full_dsp_32_u/U0/i_synth/addsub_op/ADDSUB/speed_op/dsp/OP/dsp48e1_body/ALIGN_ADD/DSP2/DSP/prcs_opmode_drc  File: /tools/Xilinx/Vivado/2018.3/data/vhdl/src/unisims/primitive/DSP48E1.vhd
Warning: OPMODE Input Warning : The OPMODE 011XX11 with CARRYINSEL  000 to DSP48E1 instance is invalid.
Time: 32292500 ps  Iteration: 8  Process: /apatb_GapJunctionIP_top/AESL_inst_GapJunctionIP/grp_execute_fu_142/calc_U0/GapJunctionIP_fexp_32ns_32ns_32_18_full_dsp_1_U106/GapJunctionIP_ap_fexp_16_full_dsp_32_u/U0/i_synth/exp_op/i_sp_or_dp/OP/i_renorm_and_round/dsp48_e1/dsp48e1_add/DSP48E1_ADD/DSP/prcs_opmode_drc  File: /tools/Xilinx/Vivado/2018.3/data/vhdl/src/unisims/primitive/DSP48E1.vhd
Warning: OPMODE Input Warning : The OPMODE 011XX11 with CARRYINSEL  000 to DSP48E1 instance is invalid.
Time: 32292500 ps  Iteration: 8  Process: /apatb_GapJunctionIP_top/AESL_inst_GapJunctionIP/grp_execute_fu_142/calc_U0/GapJunctionIP_fexp_32ns_32ns_32_18_full_dsp_1_U107/GapJunctionIP_ap_fexp_16_full_dsp_32_u/U0/i_synth/exp_op/i_sp_or_dp/OP/i_renorm_and_round/dsp48_e1/dsp48e1_add/DSP48E1_ADD/DSP/prcs_opmode_drc  File: /tools/Xilinx/Vivado/2018.3/data/vhdl/src/unisims/primitive/DSP48E1.vhd
Warning: OPMODE Input Warning : The OPMODE 0110X0X with CARRYINSEL  000 to DSP48E1 instance is invalid.
Time: 32937500 ps  Iteration: 4  Process: /apatb_GapJunctionIP_top/AESL_inst_GapJunctionIP/grp_execute_fu_142/acc_U0/GapJunctionIP_fadd_32ns_32ns_32_8_full_dsp_1_U139/GapJunctionIP_ap_fadd_6_full_dsp_32_u/U0/i_synth/addsub_op/ADDSUB/speed_op/dsp/OP/dsp48e1_body/ALIGN_ADD/DSP2/DSP/prcs_opmode_drc  File: /tools/Xilinx/Vivado/2018.3/data/vhdl/src/unisims/primitive/DSP48E1.vhd
Warning: OPMODE Input Warning : The OPMODE 0110X0X with CARRYINSEL  000 to DSP48E1 instance is invalid.
Time: 32937500 ps  Iteration: 4  Process: /apatb_GapJunctionIP_top/AESL_inst_GapJunctionIP/grp_execute_fu_142/acc_U0/GapJunctionIP_fadd_32ns_32ns_32_8_full_dsp_1_U140/GapJunctionIP_ap_fadd_6_full_dsp_32_u/U0/i_synth/addsub_op/ADDSUB/speed_op/dsp/OP/dsp48e1_body/ALIGN_ADD/DSP2/DSP/prcs_opmode_drc  File: /tools/Xilinx/Vivado/2018.3/data/vhdl/src/unisims/primitive/DSP48E1.vhd
Warning: OPMODE Input Warning : The OPMODE 0110X0X with CARRYINSEL  000 to DSP48E1 instance is invalid.
Time: 32937500 ps  Iteration: 4  Process: /apatb_GapJunctionIP_top/AESL_inst_GapJunctionIP/grp_execute_fu_142/acc_U0/GapJunctionIP_fadd_32ns_32ns_32_8_full_dsp_1_U141/GapJunctionIP_ap_fadd_6_full_dsp_32_u/U0/i_synth/addsub_op/ADDSUB/speed_op/dsp/OP/dsp48e1_body/ALIGN_ADD/DSP2/DSP/prcs_opmode_drc  File: /tools/Xilinx/Vivado/2018.3/data/vhdl/src/unisims/primitive/DSP48E1.vhd
Warning: OPMODE Input Warning : The OPMODE 0110X0X with CARRYINSEL  000 to DSP48E1 instance is invalid.
Time: 32977500 ps  Iteration: 4  Process: /apatb_GapJunctionIP_top/AESL_inst_GapJunctionIP/grp_execute_fu_142/acc_U0/GapJunctionIP_fadd_32ns_32ns_32_8_full_dsp_1_U139/GapJunctionIP_ap_fadd_6_full_dsp_32_u/U0/i_synth/addsub_op/ADDSUB/speed_op/dsp/OP/dsp48e1_body/ALIGN_ADD/DSP2/DSP/prcs_opmode_drc  File: /tools/Xilinx/Vivado/2018.3/data/vhdl/src/unisims/primitive/DSP48E1.vhd
Warning: OPMODE Input Warning : The OPMODE 0110X0X with CARRYINSEL  000 to DSP48E1 instance is invalid.
Time: 32977500 ps  Iteration: 4  Process: /apatb_GapJunctionIP_top/AESL_inst_GapJunctionIP/grp_execute_fu_142/acc_U0/GapJunctionIP_fadd_32ns_32ns_32_8_full_dsp_1_U140/GapJunctionIP_ap_fadd_6_full_dsp_32_u/U0/i_synth/addsub_op/ADDSUB/speed_op/dsp/OP/dsp48e1_body/ALIGN_ADD/DSP2/DSP/prcs_opmode_drc  File: /tools/Xilinx/Vivado/2018.3/data/vhdl/src/unisims/primitive/DSP48E1.vhd
Warning: OPMODE Input Warning : The OPMODE 0110X0X with CARRYINSEL  000 to DSP48E1 instance is invalid.
Time: 32977500 ps  Iteration: 4  Process: /apatb_GapJunctionIP_top/AESL_inst_GapJunctionIP/grp_execute_fu_142/acc_U0/GapJunctionIP_fadd_32ns_32ns_32_8_full_dsp_1_U141/GapJunctionIP_ap_fadd_6_full_dsp_32_u/U0/i_synth/addsub_op/ADDSUB/speed_op/dsp/OP/dsp48e1_body/ALIGN_ADD/DSP2/DSP/prcs_opmode_drc  File: /tools/Xilinx/Vivado/2018.3/data/vhdl/src/unisims/primitive/DSP48E1.vhd
Warning: OPMODE Input Warning : The OPMODE 0110X0X with CARRYINSEL  000 to DSP48E1 instance is invalid.
Time: 33172500 ps  Iteration: 4  Process: /apatb_GapJunctionIP_top/AESL_inst_GapJunctionIP/grp_execute_fu_142/I_calc_U0/GapJunctionIP_fadd_32ns_32ns_32_8_full_dsp_1_U182/GapJunctionIP_ap_fadd_6_full_dsp_32_u/U0/i_synth/addsub_op/ADDSUB/speed_op/dsp/OP/dsp48e1_body/ALIGN_ADD/DSP2/DSP/prcs_opmode_drc  File: /tools/Xilinx/Vivado/2018.3/data/vhdl/src/unisims/primitive/DSP48E1.vhd
Warning: OPMODE Input Warning : The OPMODE 0110X0X with CARRYINSEL  000 to DSP48E1 instance is invalid.
Time: 34462500 ps  Iteration: 4  Process: /apatb_GapJunctionIP_top/AESL_inst_GapJunctionIP/grp_execute_fu_142/I_calc_U0/GapJunctionIP_fadd_32ns_32ns_32_8_full_dsp_1_U182/GapJunctionIP_ap_fadd_6_full_dsp_32_u/U0/i_synth/addsub_op/ADDSUB/speed_op/dsp/OP/dsp48e1_body/ALIGN_ADD/DSP2/DSP/prcs_opmode_drc  File: /tools/Xilinx/Vivado/2018.3/data/vhdl/src/unisims/primitive/DSP48E1.vhd
Warning: OPMODE Input Warning : The OPMODE 0110X0X with CARRYINSEL  000 to DSP48E1 instance is invalid.
Time: 35752500 ps  Iteration: 4  Process: /apatb_GapJunctionIP_top/AESL_inst_GapJunctionIP/grp_execute_fu_142/I_calc_U0/GapJunctionIP_fadd_32ns_32ns_32_8_full_dsp_1_U182/GapJunctionIP_ap_fadd_6_full_dsp_32_u/U0/i_synth/addsub_op/ADDSUB/speed_op/dsp/OP/dsp48e1_body/ALIGN_ADD/DSP2/DSP/prcs_opmode_drc  File: /tools/Xilinx/Vivado/2018.3/data/vhdl/src/unisims/primitive/DSP48E1.vhd
Warning: OPMODE Input Warning : The OPMODE 0110X0X with CARRYINSEL  000 to DSP48E1 instance is invalid.
Time: 37042500 ps  Iteration: 4  Process: /apatb_GapJunctionIP_top/AESL_inst_GapJunctionIP/grp_execute_fu_142/I_calc_U0/GapJunctionIP_fadd_32ns_32ns_32_8_full_dsp_1_U182/GapJunctionIP_ap_fadd_6_full_dsp_32_u/U0/i_synth/addsub_op/ADDSUB/speed_op/dsp/OP/dsp48e1_body/ALIGN_ADD/DSP2/DSP/prcs_opmode_drc  File: /tools/Xilinx/Vivado/2018.3/data/vhdl/src/unisims/primitive/DSP48E1.vhd
Warning: OPMODE Input Warning : The OPMODE 0110X0X with CARRYINSEL  000 to DSP48E1 instance is invalid.
Time: 38332500 ps  Iteration: 4  Process: /apatb_GapJunctionIP_top/AESL_inst_GapJunctionIP/grp_execute_fu_142/I_calc_U0/GapJunctionIP_fadd_32ns_32ns_32_8_full_dsp_1_U182/GapJunctionIP_ap_fadd_6_full_dsp_32_u/U0/i_synth/addsub_op/ADDSUB/speed_op/dsp/OP/dsp48e1_body/ALIGN_ADD/DSP2/DSP/prcs_opmode_drc  File: /tools/Xilinx/Vivado/2018.3/data/vhdl/src/unisims/primitive/DSP48E1.vhd
Warning: OPMODE Input Warning : The OPMODE 0110X0X with CARRYINSEL  000 to DSP48E1 instance is invalid.
Time: 39622500 ps  Iteration: 4  Process: /apatb_GapJunctionIP_top/AESL_inst_GapJunctionIP/grp_execute_fu_142/I_calc_U0/GapJunctionIP_fadd_32ns_32ns_32_8_full_dsp_1_U182/GapJunctionIP_ap_fadd_6_full_dsp_32_u/U0/i_synth/addsub_op/ADDSUB/speed_op/dsp/OP/dsp48e1_body/ALIGN_ADD/DSP2/DSP/prcs_opmode_drc  File: /tools/Xilinx/Vivado/2018.3/data/vhdl/src/unisims/primitive/DSP48E1.vhd
Warning: OPMODE Input Warning : The OPMODE 0110X0X with CARRYINSEL  000 to DSP48E1 instance is invalid.
Time: 40912500 ps  Iteration: 4  Process: /apatb_GapJunctionIP_top/AESL_inst_GapJunctionIP/grp_execute_fu_142/I_calc_U0/GapJunctionIP_fadd_32ns_32ns_32_8_full_dsp_1_U182/GapJunctionIP_ap_fadd_6_full_dsp_32_u/U0/i_synth/addsub_op/ADDSUB/speed_op/dsp/OP/dsp48e1_body/ALIGN_ADD/DSP2/DSP/prcs_opmode_drc  File: /tools/Xilinx/Vivado/2018.3/data/vhdl/src/unisims/primitive/DSP48E1.vhd
Warning: OPMODE Input Warning : The OPMODE 0110X0X with CARRYINSEL  000 to DSP48E1 instance is invalid.
Time: 42202500 ps  Iteration: 4  Process: /apatb_GapJunctionIP_top/AESL_inst_GapJunctionIP/grp_execute_fu_142/I_calc_U0/GapJunctionIP_fadd_32ns_32ns_32_8_full_dsp_1_U182/GapJunctionIP_ap_fadd_6_full_dsp_32_u/U0/i_synth/addsub_op/ADDSUB/speed_op/dsp/OP/dsp48e1_body/ALIGN_ADD/DSP2/DSP/prcs_opmode_drc  File: /tools/Xilinx/Vivado/2018.3/data/vhdl/src/unisims/primitive/DSP48E1.vhd
// RTL Simulation : 3 / 4 [100.00%] @ "42748000"
Warning: OPMODE Input Warning : The OPMODE 0110X0X with CARRYINSEL  000 to DSP48E1 instance is invalid.
Time: 43497500 ps  Iteration: 4  Process: /apatb_GapJunctionIP_top/AESL_inst_GapJunctionIP/grp_execute_fu_142/acc_U0/GapJunctionIP_fadd_32ns_32ns_32_8_full_dsp_1_U140/GapJunctionIP_ap_fadd_6_full_dsp_32_u/U0/i_synth/addsub_op/ADDSUB/speed_op/dsp/OP/dsp48e1_body/ALIGN_ADD/DSP2/DSP/prcs_opmode_drc  File: /tools/Xilinx/Vivado/2018.3/data/vhdl/src/unisims/primitive/DSP48E1.vhd
Warning: OPMODE Input Warning : The OPMODE 0110X0X with CARRYINSEL  000 to DSP48E1 instance is invalid.
Time: 43497500 ps  Iteration: 4  Process: /apatb_GapJunctionIP_top/AESL_inst_GapJunctionIP/grp_execute_fu_142/acc_U0/GapJunctionIP_fadd_32ns_32ns_32_8_full_dsp_1_U141/GapJunctionIP_ap_fadd_6_full_dsp_32_u/U0/i_synth/addsub_op/ADDSUB/speed_op/dsp/OP/dsp48e1_body/ALIGN_ADD/DSP2/DSP/prcs_opmode_drc  File: /tools/Xilinx/Vivado/2018.3/data/vhdl/src/unisims/primitive/DSP48E1.vhd
Warning: OPMODE Input Warning : The OPMODE 0110X0X with CARRYINSEL  000 to DSP48E1 instance is invalid.
Time: 43502500 ps  Iteration: 4  Process: /apatb_GapJunctionIP_top/AESL_inst_GapJunctionIP/grp_execute_fu_142/acc_U0/GapJunctionIP_fadd_32ns_32ns_32_8_full_dsp_1_U139/GapJunctionIP_ap_fadd_6_full_dsp_32_u/U0/i_synth/addsub_op/ADDSUB/speed_op/dsp/OP/dsp48e1_body/ALIGN_ADD/DSP2/DSP/prcs_opmode_drc  File: /tools/Xilinx/Vivado/2018.3/data/vhdl/src/unisims/primitive/DSP48E1.vhd
Warning: OPMODE Input Warning : The OPMODE 0110X0X with CARRYINSEL  000 to DSP48E1 instance is invalid.
Time: 44562500 ps  Iteration: 4  Process: /apatb_GapJunctionIP_top/AESL_inst_GapJunctionIP/grp_execute_fu_142/I_calc_U0/GapJunctionIP_fadd_32ns_32ns_32_8_full_dsp_1_U182/GapJunctionIP_ap_fadd_6_full_dsp_32_u/U0/i_synth/addsub_op/ADDSUB/speed_op/dsp/OP/dsp48e1_body/ALIGN_ADD/DSP2/DSP/prcs_opmode_drc  File: /tools/Xilinx/Vivado/2018.3/data/vhdl/src/unisims/primitive/DSP48E1.vhd
Warning: OPMODE Input Warning : The OPMODE 0110X0X with CARRYINSEL  000 to DSP48E1 instance is invalid.
Time: 46092500 ps  Iteration: 4  Process: /apatb_GapJunctionIP_top/AESL_inst_GapJunctionIP/grp_execute_fu_142/I_calc_U0/GapJunctionIP_fadd_32ns_32ns_32_8_full_dsp_1_U182/GapJunctionIP_ap_fadd_6_full_dsp_32_u/U0/i_synth/addsub_op/ADDSUB/speed_op/dsp/OP/dsp48e1_body/ALIGN_ADD/DSP2/DSP/prcs_opmode_drc  File: /tools/Xilinx/Vivado/2018.3/data/vhdl/src/unisims/primitive/DSP48E1.vhd
Warning: OPMODE Input Warning : The OPMODE 0110X0X with CARRYINSEL  000 to DSP48E1 instance is invalid.
Time: 47622500 ps  Iteration: 4  Process: /apatb_GapJunctionIP_top/AESL_inst_GapJunctionIP/grp_execute_fu_142/I_calc_U0/GapJunctionIP_fadd_32ns_32ns_32_8_full_dsp_1_U182/GapJunctionIP_ap_fadd_6_full_dsp_32_u/U0/i_synth/addsub_op/ADDSUB/speed_op/dsp/OP/dsp48e1_body/ALIGN_ADD/DSP2/DSP/prcs_opmode_drc  File: /tools/Xilinx/Vivado/2018.3/data/vhdl/src/unisims/primitive/DSP48E1.vhd
Warning: OPMODE Input Warning : The OPMODE 0110X0X with CARRYINSEL  000 to DSP48E1 instance is invalid.
Time: 49152500 ps  Iteration: 4  Process: /apatb_GapJunctionIP_top/AESL_inst_GapJunctionIP/grp_execute_fu_142/I_calc_U0/GapJunctionIP_fadd_32ns_32ns_32_8_full_dsp_1_U182/GapJunctionIP_ap_fadd_6_full_dsp_32_u/U0/i_synth/addsub_op/ADDSUB/speed_op/dsp/OP/dsp48e1_body/ALIGN_ADD/DSP2/DSP/prcs_opmode_drc  File: /tools/Xilinx/Vivado/2018.3/data/vhdl/src/unisims/primitive/DSP48E1.vhd
Warning: OPMODE Input Warning : The OPMODE 0110X0X with CARRYINSEL  000 to DSP48E1 instance is invalid.
Time: 50682500 ps  Iteration: 4  Process: /apatb_GapJunctionIP_top/AESL_inst_GapJunctionIP/grp_execute_fu_142/I_calc_U0/GapJunctionIP_fadd_32ns_32ns_32_8_full_dsp_1_U182/GapJunctionIP_ap_fadd_6_full_dsp_32_u/U0/i_synth/addsub_op/ADDSUB/speed_op/dsp/OP/dsp48e1_body/ALIGN_ADD/DSP2/DSP/prcs_opmode_drc  File: /tools/Xilinx/Vivado/2018.3/data/vhdl/src/unisims/primitive/DSP48E1.vhd
Warning: OPMODE Input Warning : The OPMODE 0110X0X with CARRYINSEL  000 to DSP48E1 instance is invalid.
Time: 52212500 ps  Iteration: 4  Process: /apatb_GapJunctionIP_top/AESL_inst_GapJunctionIP/grp_execute_fu_142/I_calc_U0/GapJunctionIP_fadd_32ns_32ns_32_8_full_dsp_1_U182/GapJunctionIP_ap_fadd_6_full_dsp_32_u/U0/i_synth/addsub_op/ADDSUB/speed_op/dsp/OP/dsp48e1_body/ALIGN_ADD/DSP2/DSP/prcs_opmode_drc  File: /tools/Xilinx/Vivado/2018.3/data/vhdl/src/unisims/primitive/DSP48E1.vhd
Warning: OPMODE Input Warning : The OPMODE 0110X0X with CARRYINSEL  000 to DSP48E1 instance is invalid.
Time: 53742500 ps  Iteration: 4  Process: /apatb_GapJunctionIP_top/AESL_inst_GapJunctionIP/grp_execute_fu_142/I_calc_U0/GapJunctionIP_fadd_32ns_32ns_32_8_full_dsp_1_U182/GapJunctionIP_ap_fadd_6_full_dsp_32_u/U0/i_synth/addsub_op/ADDSUB/speed_op/dsp/OP/dsp48e1_body/ALIGN_ADD/DSP2/DSP/prcs_opmode_drc  File: /tools/Xilinx/Vivado/2018.3/data/vhdl/src/unisims/primitive/DSP48E1.vhd
Warning: OPMODE Input Warning : The OPMODE 0110X0X with CARRYINSEL  000 to DSP48E1 instance is invalid.
Time: 55272500 ps  Iteration: 4  Process: /apatb_GapJunctionIP_top/AESL_inst_GapJunctionIP/grp_execute_fu_142/I_calc_U0/GapJunctionIP_fadd_32ns_32ns_32_8_full_dsp_1_U182/GapJunctionIP_ap_fadd_6_full_dsp_32_u/U0/i_synth/addsub_op/ADDSUB/speed_op/dsp/OP/dsp48e1_body/ALIGN_ADD/DSP2/DSP/prcs_opmode_drc  File: /tools/Xilinx/Vivado/2018.3/data/vhdl/src/unisims/primitive/DSP48E1.vhd
Warning: OPMODE Input Warning : The OPMODE 0110X0X with CARRYINSEL  000 to DSP48E1 instance is invalid.
Time: 56802500 ps  Iteration: 4  Process: /apatb_GapJunctionIP_top/AESL_inst_GapJunctionIP/grp_execute_fu_142/I_calc_U0/GapJunctionIP_fadd_32ns_32ns_32_8_full_dsp_1_U182/GapJunctionIP_ap_fadd_6_full_dsp_32_u/U0/i_synth/addsub_op/ADDSUB/speed_op/dsp/OP/dsp48e1_body/ALIGN_ADD/DSP2/DSP/prcs_opmode_drc  File: /tools/Xilinx/Vivado/2018.3/data/vhdl/src/unisims/primitive/DSP48E1.vhd
Warning: OPMODE Input Warning : The OPMODE 0110X0X with CARRYINSEL  000 to DSP48E1 instance is invalid.
Time: 58332500 ps  Iteration: 4  Process: /apatb_GapJunctionIP_top/AESL_inst_GapJunctionIP/grp_execute_fu_142/I_calc_U0/GapJunctionIP_fadd_32ns_32ns_32_8_full_dsp_1_U182/GapJunctionIP_ap_fadd_6_full_dsp_32_u/U0/i_synth/addsub_op/ADDSUB/speed_op/dsp/OP/dsp48e1_body/ALIGN_ADD/DSP2/DSP/prcs_opmode_drc  File: /tools/Xilinx/Vivado/2018.3/data/vhdl/src/unisims/primitive/DSP48E1.vhd
Warning: OPMODE Input Warning : The OPMODE 0110X0X with CARRYINSEL  000 to DSP48E1 instance is invalid.
Time: 59862500 ps  Iteration: 4  Process: /apatb_GapJunctionIP_top/AESL_inst_GapJunctionIP/grp_execute_fu_142/I_calc_U0/GapJunctionIP_fadd_32ns_32ns_32_8_full_dsp_1_U182/GapJunctionIP_ap_fadd_6_full_dsp_32_u/U0/i_synth/addsub_op/ADDSUB/speed_op/dsp/OP/dsp48e1_body/ALIGN_ADD/DSP2/DSP/prcs_opmode_drc  File: /tools/Xilinx/Vivado/2018.3/data/vhdl/src/unisims/primitive/DSP48E1.vhd
Warning: OPMODE Input Warning : The OPMODE 0110X0X with CARRYINSEL  000 to DSP48E1 instance is invalid.
Time: 61392500 ps  Iteration: 4  Process: /apatb_GapJunctionIP_top/AESL_inst_GapJunctionIP/grp_execute_fu_142/I_calc_U0/GapJunctionIP_fadd_32ns_32ns_32_8_full_dsp_1_U182/GapJunctionIP_ap_fadd_6_full_dsp_32_u/U0/i_synth/addsub_op/ADDSUB/speed_op/dsp/OP/dsp48e1_body/ALIGN_ADD/DSP2/DSP/prcs_opmode_drc  File: /tools/Xilinx/Vivado/2018.3/data/vhdl/src/unisims/primitive/DSP48E1.vhd
Warning: OPMODE Input Warning : The OPMODE 0110X0X with CARRYINSEL  000 to DSP48E1 instance is invalid.
Time: 62922500 ps  Iteration: 4  Process: /apatb_GapJunctionIP_top/AESL_inst_GapJunctionIP/grp_execute_fu_142/I_calc_U0/GapJunctionIP_fadd_32ns_32ns_32_8_full_dsp_1_U182/GapJunctionIP_ap_fadd_6_full_dsp_32_u/U0/i_synth/addsub_op/ADDSUB/speed_op/dsp/OP/dsp48e1_body/ALIGN_ADD/DSP2/DSP/prcs_opmode_drc  File: /tools/Xilinx/Vivado/2018.3/data/vhdl/src/unisims/primitive/DSP48E1.vhd
Warning: OPMODE Input Warning : The OPMODE 0110X0X with CARRYINSEL  000 to DSP48E1 instance is invalid.
Time: 64452500 ps  Iteration: 4  Process: /apatb_GapJunctionIP_top/AESL_inst_GapJunctionIP/grp_execute_fu_142/I_calc_U0/GapJunctionIP_fadd_32ns_32ns_32_8_full_dsp_1_U182/GapJunctionIP_ap_fadd_6_full_dsp_32_u/U0/i_synth/addsub_op/ADDSUB/speed_op/dsp/OP/dsp48e1_body/ALIGN_ADD/DSP2/DSP/prcs_opmode_drc  File: /tools/Xilinx/Vivado/2018.3/data/vhdl/src/unisims/primitive/DSP48E1.vhd
Warning: OPMODE Input Warning : The OPMODE 0110X0X with CARRYINSEL  000 to DSP48E1 instance is invalid.
Time: 65982500 ps  Iteration: 4  Process: /apatb_GapJunctionIP_top/AESL_inst_GapJunctionIP/grp_execute_fu_142/I_calc_U0/GapJunctionIP_fadd_32ns_32ns_32_8_full_dsp_1_U182/GapJunctionIP_ap_fadd_6_full_dsp_32_u/U0/i_synth/addsub_op/ADDSUB/speed_op/dsp/OP/dsp48e1_body/ALIGN_ADD/DSP2/DSP/prcs_opmode_drc  File: /tools/Xilinx/Vivado/2018.3/data/vhdl/src/unisims/primitive/DSP48E1.vhd
Warning: OPMODE Input Warning : The OPMODE 0110X0X with CARRYINSEL  000 to DSP48E1 instance is invalid.
Time: 67512500 ps  Iteration: 4  Process: /apatb_GapJunctionIP_top/AESL_inst_GapJunctionIP/grp_execute_fu_142/I_calc_U0/GapJunctionIP_fadd_32ns_32ns_32_8_full_dsp_1_U182/GapJunctionIP_ap_fadd_6_full_dsp_32_u/U0/i_synth/addsub_op/ADDSUB/speed_op/dsp/OP/dsp48e1_body/ALIGN_ADD/DSP2/DSP/prcs_opmode_drc  File: /tools/Xilinx/Vivado/2018.3/data/vhdl/src/unisims/primitive/DSP48E1.vhd
Warning: OPMODE Input Warning : The OPMODE 0110X0X with CARRYINSEL  000 to DSP48E1 instance is invalid.
Time: 68987500 ps  Iteration: 4  Process: /apatb_GapJunctionIP_top/AESL_inst_GapJunctionIP/grp_execute_fu_142/calc_U0/GapJunctionIP_fsub_32ns_32ns_32_8_full_dsp_1_U98/GapJunctionIP_ap_fsub_6_full_dsp_32_u/U0/i_synth/addsub_op/ADDSUB/speed_op/dsp/OP/dsp48e1_body/ALIGN_ADD/DSP2/DSP/prcs_opmode_drc  File: /tools/Xilinx/Vivado/2018.3/data/vhdl/src/unisims/primitive/DSP48E1.vhd
Warning: OPMODE Input Warning : The OPMODE 0110X0X with CARRYINSEL  000 to DSP48E1 instance is invalid.
Time: 68987500 ps  Iteration: 4  Process: /apatb_GapJunctionIP_top/AESL_inst_GapJunctionIP/grp_execute_fu_142/calc_U0/GapJunctionIP_fsub_32ns_32ns_32_8_full_dsp_1_U99/GapJunctionIP_ap_fsub_6_full_dsp_32_u/U0/i_synth/addsub_op/ADDSUB/speed_op/dsp/OP/dsp48e1_body/ALIGN_ADD/DSP2/DSP/prcs_opmode_drc  File: /tools/Xilinx/Vivado/2018.3/data/vhdl/src/unisims/primitive/DSP48E1.vhd
Warning: OPMODE Input Warning : The OPMODE 0110X0X with CARRYINSEL  000 to DSP48E1 instance is invalid.
Time: 69042500 ps  Iteration: 4  Process: /apatb_GapJunctionIP_top/AESL_inst_GapJunctionIP/grp_execute_fu_142/I_calc_U0/GapJunctionIP_fadd_32ns_32ns_32_8_full_dsp_1_U182/GapJunctionIP_ap_fadd_6_full_dsp_32_u/U0/i_synth/addsub_op/ADDSUB/speed_op/dsp/OP/dsp48e1_body/ALIGN_ADD/DSP2/DSP/prcs_opmode_drc  File: /tools/Xilinx/Vivado/2018.3/data/vhdl/src/unisims/primitive/DSP48E1.vhd
Warning: OPMODE Input Warning : The OPMODE 011XX11 with CARRYINSEL  000 to DSP48E1 instance is invalid.
Time: 69707500 ps  Iteration: 8  Process: /apatb_GapJunctionIP_top/AESL_inst_GapJunctionIP/grp_execute_fu_142/calc_U0/GapJunctionIP_fexp_32ns_32ns_32_18_full_dsp_1_U106/GapJunctionIP_ap_fexp_16_full_dsp_32_u/U0/i_synth/exp_op/i_sp_or_dp/OP/i_renorm_and_round/dsp48_e1/dsp48e1_add/DSP48E1_ADD/DSP/prcs_opmode_drc  File: /tools/Xilinx/Vivado/2018.3/data/vhdl/src/unisims/primitive/DSP48E1.vhd
Warning: OPMODE Input Warning : The OPMODE 011XX11 with CARRYINSEL  000 to DSP48E1 instance is invalid.
Time: 69707500 ps  Iteration: 8  Process: /apatb_GapJunctionIP_top/AESL_inst_GapJunctionIP/grp_execute_fu_142/calc_U0/GapJunctionIP_fexp_32ns_32ns_32_18_full_dsp_1_U107/GapJunctionIP_ap_fexp_16_full_dsp_32_u/U0/i_synth/exp_op/i_sp_or_dp/OP/i_renorm_and_round/dsp48_e1/dsp48e1_add/DSP48E1_ADD/DSP/prcs_opmode_drc  File: /tools/Xilinx/Vivado/2018.3/data/vhdl/src/unisims/primitive/DSP48E1.vhd
Warning: OPMODE Input Warning : The OPMODE 0110X0X with CARRYINSEL  000 to DSP48E1 instance is invalid.
Time: 70572500 ps  Iteration: 4  Process: /apatb_GapJunctionIP_top/AESL_inst_GapJunctionIP/grp_execute_fu_142/I_calc_U0/GapJunctionIP_fadd_32ns_32ns_32_8_full_dsp_1_U182/GapJunctionIP_ap_fadd_6_full_dsp_32_u/U0/i_synth/addsub_op/ADDSUB/speed_op/dsp/OP/dsp48e1_body/ALIGN_ADD/DSP2/DSP/prcs_opmode_drc  File: /tools/Xilinx/Vivado/2018.3/data/vhdl/src/unisims/primitive/DSP48E1.vhd
Warning: OPMODE Input Warning : The OPMODE 0110X0X with CARRYINSEL  000 to DSP48E1 instance is invalid.
Time: 71627500 ps  Iteration: 4  Process: /apatb_GapJunctionIP_top/AESL_inst_GapJunctionIP/grp_execute_fu_142/acc_U0/GapJunctionIP_fadd_32ns_32ns_32_8_full_dsp_1_U139/GapJunctionIP_ap_fadd_6_full_dsp_32_u/U0/i_synth/addsub_op/ADDSUB/speed_op/dsp/OP/dsp48e1_body/ALIGN_ADD/DSP2/DSP/prcs_opmode_drc  File: /tools/Xilinx/Vivado/2018.3/data/vhdl/src/unisims/primitive/DSP48E1.vhd
Warning: OPMODE Input Warning : The OPMODE 0110X0X with CARRYINSEL  000 to DSP48E1 instance is invalid.
Time: 71627500 ps  Iteration: 4  Process: /apatb_GapJunctionIP_top/AESL_inst_GapJunctionIP/grp_execute_fu_142/acc_U0/GapJunctionIP_fadd_32ns_32ns_32_8_full_dsp_1_U140/GapJunctionIP_ap_fadd_6_full_dsp_32_u/U0/i_synth/addsub_op/ADDSUB/speed_op/dsp/OP/dsp48e1_body/ALIGN_ADD/DSP2/DSP/prcs_opmode_drc  File: /tools/Xilinx/Vivado/2018.3/data/vhdl/src/unisims/primitive/DSP48E1.vhd
Warning: OPMODE Input Warning : The OPMODE 0110X0X with CARRYINSEL  000 to DSP48E1 instance is invalid.
Time: 71627500 ps  Iteration: 4  Process: /apatb_GapJunctionIP_top/AESL_inst_GapJunctionIP/grp_execute_fu_142/acc_U0/GapJunctionIP_fadd_32ns_32ns_32_8_full_dsp_1_U141/GapJunctionIP_ap_fadd_6_full_dsp_32_u/U0/i_synth/addsub_op/ADDSUB/speed_op/dsp/OP/dsp48e1_body/ALIGN_ADD/DSP2/DSP/prcs_opmode_drc  File: /tools/Xilinx/Vivado/2018.3/data/vhdl/src/unisims/primitive/DSP48E1.vhd
Warning: OPMODE Input Warning : The OPMODE 0110X0X with CARRYINSEL  000 to DSP48E1 instance is invalid.
Time: 71667500 ps  Iteration: 4  Process: /apatb_GapJunctionIP_top/AESL_inst_GapJunctionIP/grp_execute_fu_142/acc_U0/GapJunctionIP_fadd_32ns_32ns_32_8_full_dsp_1_U139/GapJunctionIP_ap_fadd_6_full_dsp_32_u/U0/i_synth/addsub_op/ADDSUB/speed_op/dsp/OP/dsp48e1_body/ALIGN_ADD/DSP2/DSP/prcs_opmode_drc  File: /tools/Xilinx/Vivado/2018.3/data/vhdl/src/unisims/primitive/DSP48E1.vhd
Warning: OPMODE Input Warning : The OPMODE 0110X0X with CARRYINSEL  000 to DSP48E1 instance is invalid.
Time: 71667500 ps  Iteration: 4  Process: /apatb_GapJunctionIP_top/AESL_inst_GapJunctionIP/grp_execute_fu_142/acc_U0/GapJunctionIP_fadd_32ns_32ns_32_8_full_dsp_1_U140/GapJunctionIP_ap_fadd_6_full_dsp_32_u/U0/i_synth/addsub_op/ADDSUB/speed_op/dsp/OP/dsp48e1_body/ALIGN_ADD/DSP2/DSP/prcs_opmode_drc  File: /tools/Xilinx/Vivado/2018.3/data/vhdl/src/unisims/primitive/DSP48E1.vhd
Warning: OPMODE Input Warning : The OPMODE 0110X0X with CARRYINSEL  000 to DSP48E1 instance is invalid.
Time: 71667500 ps  Iteration: 4  Process: /apatb_GapJunctionIP_top/AESL_inst_GapJunctionIP/grp_execute_fu_142/acc_U0/GapJunctionIP_fadd_32ns_32ns_32_8_full_dsp_1_U141/GapJunctionIP_ap_fadd_6_full_dsp_32_u/U0/i_synth/addsub_op/ADDSUB/speed_op/dsp/OP/dsp48e1_body/ALIGN_ADD/DSP2/DSP/prcs_opmode_drc  File: /tools/Xilinx/Vivado/2018.3/data/vhdl/src/unisims/primitive/DSP48E1.vhd
Warning: OPMODE Input Warning : The OPMODE 0110X0X with CARRYINSEL  000 to DSP48E1 instance is invalid.
Time: 72102500 ps  Iteration: 4  Process: /apatb_GapJunctionIP_top/AESL_inst_GapJunctionIP/grp_execute_fu_142/I_calc_U0/GapJunctionIP_fadd_32ns_32ns_32_8_full_dsp_1_U182/GapJunctionIP_ap_fadd_6_full_dsp_32_u/U0/i_synth/addsub_op/ADDSUB/speed_op/dsp/OP/dsp48e1_body/ALIGN_ADD/DSP2/DSP/prcs_opmode_drc  File: /tools/Xilinx/Vivado/2018.3/data/vhdl/src/unisims/primitive/DSP48E1.vhd
Warning: OPMODE Input Warning : The OPMODE 0110X0X with CARRYINSEL  000 to DSP48E1 instance is invalid.
Time: 73632500 ps  Iteration: 4  Process: /apatb_GapJunctionIP_top/AESL_inst_GapJunctionIP/grp_execute_fu_142/I_calc_U0/GapJunctionIP_fadd_32ns_32ns_32_8_full_dsp_1_U182/GapJunctionIP_ap_fadd_6_full_dsp_32_u/U0/i_synth/addsub_op/ADDSUB/speed_op/dsp/OP/dsp48e1_body/ALIGN_ADD/DSP2/DSP/prcs_opmode_drc  File: /tools/Xilinx/Vivado/2018.3/data/vhdl/src/unisims/primitive/DSP48E1.vhd
Warning: OPMODE Input Warning : The OPMODE 0110X0X with CARRYINSEL  000 to DSP48E1 instance is invalid.
Time: 75162500 ps  Iteration: 4  Process: /apatb_GapJunctionIP_top/AESL_inst_GapJunctionIP/grp_execute_fu_142/I_calc_U0/GapJunctionIP_fadd_32ns_32ns_32_8_full_dsp_1_U182/GapJunctionIP_ap_fadd_6_full_dsp_32_u/U0/i_synth/addsub_op/ADDSUB/speed_op/dsp/OP/dsp48e1_body/ALIGN_ADD/DSP2/DSP/prcs_opmode_drc  File: /tools/Xilinx/Vivado/2018.3/data/vhdl/src/unisims/primitive/DSP48E1.vhd
Warning: OPMODE Input Warning : The OPMODE 0110X0X with CARRYINSEL  000 to DSP48E1 instance is invalid.
Time: 76692500 ps  Iteration: 4  Process: /apatb_GapJunctionIP_top/AESL_inst_GapJunctionIP/grp_execute_fu_142/I_calc_U0/GapJunctionIP_fadd_32ns_32ns_32_8_full_dsp_1_U182/GapJunctionIP_ap_fadd_6_full_dsp_32_u/U0/i_synth/addsub_op/ADDSUB/speed_op/dsp/OP/dsp48e1_body/ALIGN_ADD/DSP2/DSP/prcs_opmode_drc  File: /tools/Xilinx/Vivado/2018.3/data/vhdl/src/unisims/primitive/DSP48E1.vhd
Warning: OPMODE Input Warning : The OPMODE 0110X0X with CARRYINSEL  000 to DSP48E1 instance is invalid.
Time: 78222500 ps  Iteration: 4  Process: /apatb_GapJunctionIP_top/AESL_inst_GapJunctionIP/grp_execute_fu_142/I_calc_U0/GapJunctionIP_fadd_32ns_32ns_32_8_full_dsp_1_U182/GapJunctionIP_ap_fadd_6_full_dsp_32_u/U0/i_synth/addsub_op/ADDSUB/speed_op/dsp/OP/dsp48e1_body/ALIGN_ADD/DSP2/DSP/prcs_opmode_drc  File: /tools/Xilinx/Vivado/2018.3/data/vhdl/src/unisims/primitive/DSP48E1.vhd
Warning: OPMODE Input Warning : The OPMODE 0110X0X with CARRYINSEL  000 to DSP48E1 instance is invalid.
Time: 79752500 ps  Iteration: 4  Process: /apatb_GapJunctionIP_top/AESL_inst_GapJunctionIP/grp_execute_fu_142/I_calc_U0/GapJunctionIP_fadd_32ns_32ns_32_8_full_dsp_1_U182/GapJunctionIP_ap_fadd_6_full_dsp_32_u/U0/i_synth/addsub_op/ADDSUB/speed_op/dsp/OP/dsp48e1_body/ALIGN_ADD/DSP2/DSP/prcs_opmode_drc  File: /tools/Xilinx/Vivado/2018.3/data/vhdl/src/unisims/primitive/DSP48E1.vhd
// RTL Simulation : 4 / 4 [100.00%] @ "80298000"
////////////////////////////////////////////////////////////////////////////////////
$finish called at time : 80317500 ps : File "/home/carlositcr/InterfacesZynq/GapJuntion/hls/hls_GapJuntion/hls_gapjuntion_prj/solution1/sim/verilog/GapJunctionIP.autotb.v" Line 445
run: Time (s): cpu = 00:00:00.02 ; elapsed = 00:00:42 . Memory (MB): peak = 1276.598 ; gain = 0.000 ; free physical = 1590 ; free virtual = 6083
## quit
INFO: [Common 17-206] Exiting xsim at Sat May 15 00:05:44 2021...
