==============================================================
File generated on Sat May 15 00:00:03 CST 2021
Vivado(TM) HLS - High-Level Synthesis from C, C++ and SystemC v2018.3 (64-bit)
SW Build 2405991 on Thu Dec  6 23:36:41 MST 2018
IP Build 2404404 on Fri Dec  7 01:43:56 MST 2018
Copyright 1986-2018 Xilinx, Inc. All Rights Reserved.
==============================================================
INFO: [HLS 200-10] Setting target device to 'xc7z045ffg900-2'
INFO: [SYN 201-201] Setting up clock 'default' with a period of 5ns.
INFO: [SIM 211-2] *************** CSIM start ***************
INFO: [SIM 211-4] CSIM will launch GCC as the compiler.
INFO: [SIM 211-1] CSim done with 0 errors.
INFO: [SIM 211-3] *************** CSIM finish ***************
INFO: [SCHED 204-61] Option 'relax_ii_for_timing' is enabled, will increase II to preserve clock frequency constraints.
INFO: [HLS 200-10] Analyzing design file 'modules/calc/calc.cpp' ... 
WARNING: [HLS 200-40] In file included from modules/calc/calc.cpp:1:
In file included from modules/calc/calc.cpp:1:
In file included from modules/calc/../../Stream.h:7:
/tools/Xilinx/Vivado/2018.3/include/gmp.h:2226:345: warning: equality comparison with extraneous parentheses [-Wparentheses-equality]
  do { mp_size_t __gmp_i; mp_limb_t __gmp_x; __gmp_i = (__gmp_ysize); if (__gmp_i != 0) { if (__gmpn_add_n (__gmp_wp, __gmp_xp, __gmp_yp, __gmp_i)) { do { if (__gmp_i >= (__gmp_xsize)) { (__gmp_c) = 1; goto __gmp_done; } __gmp_x = (__gmp_xp)[__gmp_i]; } while ((((__gmp_wp)[__gmp_i++] = (__gmp_x + 1) & ((~ (static_cast<mp_limb_t> (0))) >> 0)) == 0)); } } if ((__gmp_wp) != (__gmp_xp)) do { mp_size_t __gmp_j; for (__gmp_j = (__gmp_i); __gmp_j < (__gmp_xsize); __gmp_j++) (__gmp_wp)[__gmp_j] = (__gmp_xp)[__gmp_j]; } while (0); (__gmp_c) = 0; __gmp_done: ; } while (0);
                                                                                                                                                                                                                                                                      ~~~~~~~~~~~~~~~~~~~~~~~~~~~~~~~~~~~~~~~~~~~~~~~~~~~~~~~~~~~~~~~~~~~~~~~~~~~~~~~~~~^~~~
/tools/Xilinx/Vivado/2018.3/include/gmp.h:2226:345: note: remove extraneous parentheses around the comparison to silence this warning
  do { mp_size_t __gmp_i; mp_limb_t __gmp_x; __gmp_i = (__gmp_ysize); if (__gmp_i != 0) { if (__gmpn_add_n (__gmp_wp, __gmp_xp, __gmp_yp, __gmp_i)) { do { if (__gmp_i >= (__gmp_xsize)) { (__gmp_c) = 1; goto __gmp_done; } __gmp_x = (__gmp_xp)[__gmp_i]; } while ((((__gmp_wp)[__gmp_i++] = (__gmp_x + 1) & ((~ (static_cast<mp_limb_t> (0))) >> 0)) == 0)); } } if ((__gmp_wp) != (__gmp_xp)) do { mp_size_t __gmp_j; for (__gmp_j = (__gmp_i); __gmp_j < (__gmp_xsize); __gmp_j++) (__gmp_wp)[__gmp_j] = (__gmp_xp)[__gmp_j]; } while (0); (__gmp_c) = 0; __gmp_done: ; } while (0);
                                                                                                                                                                                                                                                                     ~                                                                                  ^   ~
/tools/Xilinx/Vivado/2018.3/include/gmp.h:2226:345: note: use '=' to turn this equality comparison into an assignment
  do { mp_size_t __gmp_i; mp_limb_t __gmp_x; __gmp_i = (__gmp_ysize); if (__gmp_i != 0) { if (__gmpn_add_n (__gmp_wp, __gmp_xp, __gmp_yp, __gmp_i)) { do { if (__gmp_i >= (__gmp_xsize)) { (__gmp_c) = 1; goto __gmp_done; } __gmp_x = (__gmp_xp)[__gmp_i]; } while ((((__gmp_wp)[__gmp_i++] = (__gmp_x + 1) & ((~ (static_cast<mp_limb_t> (0))) >> 0)) == 0)); } } if ((__gmp_wp) != (__gmp_xp)) do { mp_size_t __gmp_j; for (__gmp_j = (__gmp_i); __gmp_j < (__gmp_xsize); __gmp_j++) (__gmp_wp)[__gmp_j] = (__gmp_xp)[__gmp_j]; } while (0); (__gmp_c) = 0; __gmp_done: ; } while (0);
                                                                                                                                                                                                                                                                                                                                                        ^~
                                                                                                                                                                                                                                                                                                                                                        =
1 warning generated.
INFO: [HLS 200-10] Analyzing design file 'modules/blockControl/blockControl.cpp' ... 
WARNING: [HLS 200-40] In file included from modules/blockControl/blockControl.cpp:1:
In file included from modules/blockControl/blockControl.cpp:1:
In file included from modules/blockControl/blockControl.hpp:1:
In file included from modules/blockControl/../../Stream.h:7:
/tools/Xilinx/Vivado/2018.3/include/gmp.h:2226:345: warning: equality comparison with extraneous parentheses [-Wparentheses-equality]
  do { mp_size_t __gmp_i; mp_limb_t __gmp_x; __gmp_i = (__gmp_ysize); if (__gmp_i != 0) { if (__gmpn_add_n (__gmp_wp, __gmp_xp, __gmp_yp, __gmp_i)) { do { if (__gmp_i >= (__gmp_xsize)) { (__gmp_c) = 1; goto __gmp_done; } __gmp_x = (__gmp_xp)[__gmp_i]; } while ((((__gmp_wp)[__gmp_i++] = (__gmp_x + 1) & ((~ (static_cast<mp_limb_t> (0))) >> 0)) == 0)); } } if ((__gmp_wp) != (__gmp_xp)) do { mp_size_t __gmp_j; for (__gmp_j = (__gmp_i); __gmp_j < (__gmp_xsize); __gmp_j++) (__gmp_wp)[__gmp_j] = (__gmp_xp)[__gmp_j]; } while (0); (__gmp_c) = 0; __gmp_done: ; } while (0);
                                                                                                                                                                                                                                                                      ~~~~~~~~~~~~~~~~~~~~~~~~~~~~~~~~~~~~~~~~~~~~~~~~~~~~~~~~~~~~~~~~~~~~~~~~~~~~~~~~~~^~~~
/tools/Xilinx/Vivado/2018.3/include/gmp.h:2226:345: note: remove extraneous parentheses around the comparison to silence this warning
  do { mp_size_t __gmp_i; mp_limb_t __gmp_x; __gmp_i = (__gmp_ysize); if (__gmp_i != 0) { if (__gmpn_add_n (__gmp_wp, __gmp_xp, __gmp_yp, __gmp_i)) { do { if (__gmp_i >= (__gmp_xsize)) { (__gmp_c) = 1; goto __gmp_done; } __gmp_x = (__gmp_xp)[__gmp_i]; } while ((((__gmp_wp)[__gmp_i++] = (__gmp_x + 1) & ((~ (static_cast<mp_limb_t> (0))) >> 0)) == 0)); } } if ((__gmp_wp) != (__gmp_xp)) do { mp_size_t __gmp_j; for (__gmp_j = (__gmp_i); __gmp_j < (__gmp_xsize); __gmp_j++) (__gmp_wp)[__gmp_j] = (__gmp_xp)[__gmp_j]; } while (0); (__gmp_c) = 0; __gmp_done: ; } while (0);
                                                                                                                                                                                                                                                                     ~                                                                                  ^   ~
/tools/Xilinx/Vivado/2018.3/include/gmp.h:2226:345: note: use '=' to turn this equality comparison into an assignment
  do { mp_size_t __gmp_i; mp_limb_t __gmp_x; __gmp_i = (__gmp_ysize); if (__gmp_i != 0) { if (__gmpn_add_n (__gmp_wp, __gmp_xp, __gmp_yp, __gmp_i)) { do { if (__gmp_i >= (__gmp_xsize)) { (__gmp_c) = 1; goto __gmp_done; } __gmp_x = (__gmp_xp)[__gmp_i]; } while ((((__gmp_wp)[__gmp_i++] = (__gmp_x + 1) & ((~ (static_cast<mp_limb_t> (0))) >> 0)) == 0)); } } if ((__gmp_wp) != (__gmp_xp)) do { mp_size_t __gmp_j; for (__gmp_j = (__gmp_i); __gmp_j < (__gmp_xsize); __gmp_j++) (__gmp_wp)[__gmp_j] = (__gmp_xp)[__gmp_j]; } while (0); (__gmp_c) = 0; __gmp_done: ; } while (0);
                                                                                                                                                                                                                                                                                                                                                        ^~
                                                                                                                                                                                                                                                                                                                                                        =
1 warning generated.
INFO: [HLS 200-10] Analyzing design file 'modules/acc/acc.cpp' ... 
WARNING: [HLS 200-40] In file included from modules/acc/acc.cpp:1:
In file included from modules/acc/acc.cpp:1:
In file included from modules/acc/acc.hpp:1:
In file included from modules/acc/../../Stream.h:7:
/tools/Xilinx/Vivado/2018.3/include/gmp.h:2226:345: warning: equality comparison with extraneous parentheses [-Wparentheses-equality]
  do { mp_size_t __gmp_i; mp_limb_t __gmp_x; __gmp_i = (__gmp_ysize); if (__gmp_i != 0) { if (__gmpn_add_n (__gmp_wp, __gmp_xp, __gmp_yp, __gmp_i)) { do { if (__gmp_i >= (__gmp_xsize)) { (__gmp_c) = 1; goto __gmp_done; } __gmp_x = (__gmp_xp)[__gmp_i]; } while ((((__gmp_wp)[__gmp_i++] = (__gmp_x + 1) & ((~ (static_cast<mp_limb_t> (0))) >> 0)) == 0)); } } if ((__gmp_wp) != (__gmp_xp)) do { mp_size_t __gmp_j; for (__gmp_j = (__gmp_i); __gmp_j < (__gmp_xsize); __gmp_j++) (__gmp_wp)[__gmp_j] = (__gmp_xp)[__gmp_j]; } while (0); (__gmp_c) = 0; __gmp_done: ; } while (0);
                                                                                                                                                                                                                                                                      ~~~~~~~~~~~~~~~~~~~~~~~~~~~~~~~~~~~~~~~~~~~~~~~~~~~~~~~~~~~~~~~~~~~~~~~~~~~~~~~~~~^~~~
/tools/Xilinx/Vivado/2018.3/include/gmp.h:2226:345: note: remove extraneous parentheses around the comparison to silence this warning
  do { mp_size_t __gmp_i; mp_limb_t __gmp_x; __gmp_i = (__gmp_ysize); if (__gmp_i != 0) { if (__gmpn_add_n (__gmp_wp, __gmp_xp, __gmp_yp, __gmp_i)) { do { if (__gmp_i >= (__gmp_xsize)) { (__gmp_c) = 1; goto __gmp_done; } __gmp_x = (__gmp_xp)[__gmp_i]; } while ((((__gmp_wp)[__gmp_i++] = (__gmp_x + 1) & ((~ (static_cast<mp_limb_t> (0))) >> 0)) == 0)); } } if ((__gmp_wp) != (__gmp_xp)) do { mp_size_t __gmp_j; for (__gmp_j = (__gmp_i); __gmp_j < (__gmp_xsize); __gmp_j++) (__gmp_wp)[__gmp_j] = (__gmp_xp)[__gmp_j]; } while (0); (__gmp_c) = 0; __gmp_done: ; } while (0);
                                                                                                                                                                                                                                                                     ~                                                                                  ^   ~
/tools/Xilinx/Vivado/2018.3/include/gmp.h:2226:345: note: use '=' to turn this equality comparison into an assignment
  do { mp_size_t __gmp_i; mp_limb_t __gmp_x; __gmp_i = (__gmp_ysize); if (__gmp_i != 0) { if (__gmpn_add_n (__gmp_wp, __gmp_xp, __gmp_yp, __gmp_i)) { do { if (__gmp_i >= (__gmp_xsize)) { (__gmp_c) = 1; goto __gmp_done; } __gmp_x = (__gmp_xp)[__gmp_i]; } while ((((__gmp_wp)[__gmp_i++] = (__gmp_x + 1) & ((~ (static_cast<mp_limb_t> (0))) >> 0)) == 0)); } } if ((__gmp_wp) != (__gmp_xp)) do { mp_size_t __gmp_j; for (__gmp_j = (__gmp_i); __gmp_j < (__gmp_xsize); __gmp_j++) (__gmp_wp)[__gmp_j] = (__gmp_xp)[__gmp_j]; } while (0); (__gmp_c) = 0; __gmp_done: ; } while (0);
                                                                                                                                                                                                                                                                                                                                                        ^~
                                                                                                                                                                                                                                                                                                                                                        =
1 warning generated.
INFO: [HLS 200-10] Analyzing design file 'modules/V_read/V_read.cpp' ... 
WARNING: [HLS 200-40] In file included from modules/V_read/V_read.cpp:1:
In file included from modules/V_read/V_read.cpp:1:
In file included from modules/V_read/V_read.hpp:1:
In file included from modules/V_read/../../Stream.h:7:
/tools/Xilinx/Vivado/2018.3/include/gmp.h:2226:345: warning: equality comparison with extraneous parentheses [-Wparentheses-equality]
  do { mp_size_t __gmp_i; mp_limb_t __gmp_x; __gmp_i = (__gmp_ysize); if (__gmp_i != 0) { if (__gmpn_add_n (__gmp_wp, __gmp_xp, __gmp_yp, __gmp_i)) { do { if (__gmp_i >= (__gmp_xsize)) { (__gmp_c) = 1; goto __gmp_done; } __gmp_x = (__gmp_xp)[__gmp_i]; } while ((((__gmp_wp)[__gmp_i++] = (__gmp_x + 1) & ((~ (static_cast<mp_limb_t> (0))) >> 0)) == 0)); } } if ((__gmp_wp) != (__gmp_xp)) do { mp_size_t __gmp_j; for (__gmp_j = (__gmp_i); __gmp_j < (__gmp_xsize); __gmp_j++) (__gmp_wp)[__gmp_j] = (__gmp_xp)[__gmp_j]; } while (0); (__gmp_c) = 0; __gmp_done: ; } while (0);
                                                                                                                                                                                                                                                                      ~~~~~~~~~~~~~~~~~~~~~~~~~~~~~~~~~~~~~~~~~~~~~~~~~~~~~~~~~~~~~~~~~~~~~~~~~~~~~~~~~~^~~~
/tools/Xilinx/Vivado/2018.3/include/gmp.h:2226:345: note: remove extraneous parentheses around the comparison to silence this warning
  do { mp_size_t __gmp_i; mp_limb_t __gmp_x; __gmp_i = (__gmp_ysize); if (__gmp_i != 0) { if (__gmpn_add_n (__gmp_wp, __gmp_xp, __gmp_yp, __gmp_i)) { do { if (__gmp_i >= (__gmp_xsize)) { (__gmp_c) = 1; goto __gmp_done; } __gmp_x = (__gmp_xp)[__gmp_i]; } while ((((__gmp_wp)[__gmp_i++] = (__gmp_x + 1) & ((~ (static_cast<mp_limb_t> (0))) >> 0)) == 0)); } } if ((__gmp_wp) != (__gmp_xp)) do { mp_size_t __gmp_j; for (__gmp_j = (__gmp_i); __gmp_j < (__gmp_xsize); __gmp_j++) (__gmp_wp)[__gmp_j] = (__gmp_xp)[__gmp_j]; } while (0); (__gmp_c) = 0; __gmp_done: ; } while (0);
                                                                                                                                                                                                                                                                     ~                                                                                  ^   ~
/tools/Xilinx/Vivado/2018.3/include/gmp.h:2226:345: note: use '=' to turn this equality comparison into an assignment
  do { mp_size_t __gmp_i; mp_limb_t __gmp_x; __gmp_i = (__gmp_ysize); if (__gmp_i != 0) { if (__gmpn_add_n (__gmp_wp, __gmp_xp, __gmp_yp, __gmp_i)) { do { if (__gmp_i >= (__gmp_xsize)) { (__gmp_c) = 1; goto __gmp_done; } __gmp_x = (__gmp_xp)[__gmp_i]; } while ((((__gmp_wp)[__gmp_i++] = (__gmp_x + 1) & ((~ (static_cast<mp_limb_t> (0))) >> 0)) == 0)); } } if ((__gmp_wp) != (__gmp_xp)) do { mp_size_t __gmp_j; for (__gmp_j = (__gmp_i); __gmp_j < (__gmp_xsize); __gmp_j++) (__gmp_wp)[__gmp_j] = (__gmp_xp)[__gmp_j]; } while (0); (__gmp_c) = 0; __gmp_done: ; } while (0);
                                                                                                                                                                                                                                                                                                                                                        ^~
                                                                                                                                                                                                                                                                                                                                                        =
1 warning generated.
INFO: [HLS 200-10] Analyzing design file 'Stream.cpp' ... 
WARNING: [HLS 200-40] In file included from Stream.cpp:1:
In file included from Stream.cpp:1:
In file included from ./Stream.h:7:
/tools/Xilinx/Vivado/2018.3/include/gmp.h:2226:345: warning: equality comparison with extraneous parentheses [-Wparentheses-equality]
  do { mp_size_t __gmp_i; mp_limb_t __gmp_x; __gmp_i = (__gmp_ysize); if (__gmp_i != 0) { if (__gmpn_add_n (__gmp_wp, __gmp_xp, __gmp_yp, __gmp_i)) { do { if (__gmp_i >= (__gmp_xsize)) { (__gmp_c) = 1; goto __gmp_done; } __gmp_x = (__gmp_xp)[__gmp_i]; } while ((((__gmp_wp)[__gmp_i++] = (__gmp_x + 1) & ((~ (static_cast<mp_limb_t> (0))) >> 0)) == 0)); } } if ((__gmp_wp) != (__gmp_xp)) do { mp_size_t __gmp_j; for (__gmp_j = (__gmp_i); __gmp_j < (__gmp_xsize); __gmp_j++) (__gmp_wp)[__gmp_j] = (__gmp_xp)[__gmp_j]; } while (0); (__gmp_c) = 0; __gmp_done: ; } while (0);
                                                                                                                                                                                                                                                                      ~~~~~~~~~~~~~~~~~~~~~~~~~~~~~~~~~~~~~~~~~~~~~~~~~~~~~~~~~~~~~~~~~~~~~~~~~~~~~~~~~~^~~~
/tools/Xilinx/Vivado/2018.3/include/gmp.h:2226:345: note: remove extraneous parentheses around the comparison to silence this warning
  do { mp_size_t __gmp_i; mp_limb_t __gmp_x; __gmp_i = (__gmp_ysize); if (__gmp_i != 0) { if (__gmpn_add_n (__gmp_wp, __gmp_xp, __gmp_yp, __gmp_i)) { do { if (__gmp_i >= (__gmp_xsize)) { (__gmp_c) = 1; goto __gmp_done; } __gmp_x = (__gmp_xp)[__gmp_i]; } while ((((__gmp_wp)[__gmp_i++] = (__gmp_x + 1) & ((~ (static_cast<mp_limb_t> (0))) >> 0)) == 0)); } } if ((__gmp_wp) != (__gmp_xp)) do { mp_size_t __gmp_j; for (__gmp_j = (__gmp_i); __gmp_j < (__gmp_xsize); __gmp_j++) (__gmp_wp)[__gmp_j] = (__gmp_xp)[__gmp_j]; } while (0); (__gmp_c) = 0; __gmp_done: ; } while (0);
                                                                                                                                                                                                                                                                     ~                                                                                  ^   ~
/tools/Xilinx/Vivado/2018.3/include/gmp.h:2226:345: note: use '=' to turn this equality comparison into an assignment
  do { mp_size_t __gmp_i; mp_limb_t __gmp_x; __gmp_i = (__gmp_ysize); if (__gmp_i != 0) { if (__gmpn_add_n (__gmp_wp, __gmp_xp, __gmp_yp, __gmp_i)) { do { if (__gmp_i >= (__gmp_xsize)) { (__gmp_c) = 1; goto __gmp_done; } __gmp_x = (__gmp_xp)[__gmp_i]; } while ((((__gmp_wp)[__gmp_i++] = (__gmp_x + 1) & ((~ (static_cast<mp_limb_t> (0))) >> 0)) == 0)); } } if ((__gmp_wp) != (__gmp_xp)) do { mp_size_t __gmp_j; for (__gmp_j = (__gmp_i); __gmp_j < (__gmp_xsize); __gmp_j++) (__gmp_wp)[__gmp_j] = (__gmp_xp)[__gmp_j]; } while (0); (__gmp_c) = 0; __gmp_done: ; } while (0);
                                                                                                                                                                                                                                                                                                                                                        ^~
                                                                                                                                                                                                                                                                                                                                                        =
1 warning generated.
INFO: [HLS 200-10] Analyzing design file 'modules/I_calc/I_calc.cpp' ... 
WARNING: [HLS 200-40] In file included from modules/I_calc/I_calc.cpp:1:
In file included from modules/I_calc/I_calc.cpp:1:
In file included from modules/I_calc/I_calc.hpp:1:
In file included from modules/I_calc/../../Stream.h:7:
/tools/Xilinx/Vivado/2018.3/include/gmp.h:2226:345: warning: equality comparison with extraneous parentheses [-Wparentheses-equality]
  do { mp_size_t __gmp_i; mp_limb_t __gmp_x; __gmp_i = (__gmp_ysize); if (__gmp_i != 0) { if (__gmpn_add_n (__gmp_wp, __gmp_xp, __gmp_yp, __gmp_i)) { do { if (__gmp_i >= (__gmp_xsize)) { (__gmp_c) = 1; goto __gmp_done; } __gmp_x = (__gmp_xp)[__gmp_i]; } while ((((__gmp_wp)[__gmp_i++] = (__gmp_x + 1) & ((~ (static_cast<mp_limb_t> (0))) >> 0)) == 0)); } } if ((__gmp_wp) != (__gmp_xp)) do { mp_size_t __gmp_j; for (__gmp_j = (__gmp_i); __gmp_j < (__gmp_xsize); __gmp_j++) (__gmp_wp)[__gmp_j] = (__gmp_xp)[__gmp_j]; } while (0); (__gmp_c) = 0; __gmp_done: ; } while (0);
                                                                                                                                                                                                                                                                      ~~~~~~~~~~~~~~~~~~~~~~~~~~~~~~~~~~~~~~~~~~~~~~~~~~~~~~~~~~~~~~~~~~~~~~~~~~~~~~~~~~^~~~
/tools/Xilinx/Vivado/2018.3/include/gmp.h:2226:345: note: remove extraneous parentheses around the comparison to silence this warning
  do { mp_size_t __gmp_i; mp_limb_t __gmp_x; __gmp_i = (__gmp_ysize); if (__gmp_i != 0) { if (__gmpn_add_n (__gmp_wp, __gmp_xp, __gmp_yp, __gmp_i)) { do { if (__gmp_i >= (__gmp_xsize)) { (__gmp_c) = 1; goto __gmp_done; } __gmp_x = (__gmp_xp)[__gmp_i]; } while ((((__gmp_wp)[__gmp_i++] = (__gmp_x + 1) & ((~ (static_cast<mp_limb_t> (0))) >> 0)) == 0)); } } if ((__gmp_wp) != (__gmp_xp)) do { mp_size_t __gmp_j; for (__gmp_j = (__gmp_i); __gmp_j < (__gmp_xsize); __gmp_j++) (__gmp_wp)[__gmp_j] = (__gmp_xp)[__gmp_j]; } while (0); (__gmp_c) = 0; __gmp_done: ; } while (0);
                                                                                                                                                                                                                                                                     ~                                                                                  ^   ~
/tools/Xilinx/Vivado/2018.3/include/gmp.h:2226:345: note: use '=' to turn this equality comparison into an assignment
  do { mp_size_t __gmp_i; mp_limb_t __gmp_x; __gmp_i = (__gmp_ysize); if (__gmp_i != 0) { if (__gmpn_add_n (__gmp_wp, __gmp_xp, __gmp_yp, __gmp_i)) { do { if (__gmp_i >= (__gmp_xsize)) { (__gmp_c) = 1; goto __gmp_done; } __gmp_x = (__gmp_xp)[__gmp_i]; } while ((((__gmp_wp)[__gmp_i++] = (__gmp_x + 1) & ((~ (static_cast<mp_limb_t> (0))) >> 0)) == 0)); } } if ((__gmp_wp) != (__gmp_xp)) do { mp_size_t __gmp_j; for (__gmp_j = (__gmp_i); __gmp_j < (__gmp_xsize); __gmp_j++) (__gmp_wp)[__gmp_j] = (__gmp_xp)[__gmp_j]; } while (0); (__gmp_c) = 0; __gmp_done: ; } while (0);
                                                                                                                                                                                                                                                                                                                                                        ^~
                                                                                                                                                                                                                                                                                                                                                        =
1 warning generated.
INFO: [HLS 200-111] Finished Linking Time (s): cpu = 00:01:18 ; elapsed = 00:01:14 . Memory (MB): peak = 436.273 ; gain = 0.125 ; free physical = 2230 ; free virtual = 6432
INFO: [HLS 200-111] Finished Checking Pragmas Time (s): cpu = 00:01:18 ; elapsed = 00:01:14 . Memory (MB): peak = 436.273 ; gain = 0.125 ; free physical = 2230 ; free virtual = 6432
INFO: [HLS 200-10] Starting code transformations ...
INFO: [XFORM 203-603] Inlining function 'simulationConfig<config<27> >' into 'GapJunctionIP' (Stream.cpp:56).
INFO: [XFORM 203-603] Inlining function 'dataToProcess<dataPackage<float, 4>, hls::stream<dataPackage<float, 4> >, idxArray<4u>, hls::stream<idxArray<4u> > >' into 'writeV2calc' (modules/V_read/V_read.cpp:84).
INFO: [XFORM 203-603] Inlining function 'accBlockCurrents<dataPackage<float, 4>, hls::stream<dataPackage<float, 4> >, 14, 4>' into 'I_calc' (modules/I_calc/I_calc.cpp:68).
INFO: [HLS 200-111] Finished Standard Transforms Time (s): cpu = 00:01:19 ; elapsed = 00:01:15 . Memory (MB): peak = 564.832 ; gain = 128.684 ; free physical = 2207 ; free virtual = 6413
INFO: [HLS 200-10] Checking synthesizability ...
INFO: [XFORM 203-602] Inlining function 'getVj<dataPackage<float, 4>, hls::stream<dataPackage<float, 4> > >' into 'calc' (modules/calc/calc.cpp:43) automatically.
INFO: [XFORM 203-602] Inlining function 'getVi<dataPackage32<float>, hls::stream<dataPackage32<float> > >' into 'calc' (modules/calc/calc.cpp:44) automatically.
INFO: [XFORM 203-602] Inlining function 'V_calculation<dataPackage<float, 4>, hls::stream<dataPackage<float, 4> >, dataPackage32<float>, 4>' into 'calc' (modules/calc/calc.cpp:45) automatically.
INFO: [XFORM 203-602] Inlining function 'F_calculation<dataPackage<float, 4>, hls::stream<dataPackage<float, 4> >, dataPackage32<float>, 4>' into 'calc' (modules/calc/calc.cpp:46) automatically.
INFO: [XFORM 203-602] Inlining function 'readCalcData<dataPackage<float, 4>, hls::stream<dataPackage<float, 4> > >' into 'acc' (modules/acc/acc.cpp:76) automatically.
INFO: [XFORM 203-602] Inlining function 'write<dataPackage<float, 4>, hls::stream<dataPackage<float, 4> >, float>' into 'acc' (modules/acc/acc.cpp:81) automatically.
INFO: [XFORM 203-602] Inlining function 'tlastAssign<dataPackage32<float>, 14>' into 'getTotalCurrent<dataPackage32<float>, hls::stream<dataPackage32<float> >, dataPackage<float, 4>, 14>' (modules/I_calc/I_calc.cpp:44) automatically.
INFO: [XFORM 203-602] Inlining function 'initIacc<dataPackage<float, 4> >' into 'I_calc' (modules/I_calc/I_calc.cpp:62) automatically.
INFO: [HLS 200-111] Finished Checking Synthesizability Time (s): cpu = 00:01:19 ; elapsed = 00:01:15 . Memory (MB): peak = 564.832 ; gain = 128.684 ; free physical = 2195 ; free virtual = 6400
INFO: [XFORM 203-1101] Packing variable 'input.V.data' (Stream.cpp:45) into a 64-bit variable.
INFO: [XFORM 203-502] Unrolling all loops for pipelining in function 'accumulation<dataPackage<float, 4>, float, 4>' (modules/acc/acc.cpp:15).
INFO: [XFORM 203-502] Unrolling all sub-loops inside loop 'Loop-1.1' (modules/acc/acc.cpp:72) in function 'acc' for pipelining.
INFO: [XFORM 203-502] Unrolling all loops for pipelining in function 'V_calculation<dataPackage<float, 4>, hls::stream<dataPackage<float, 4> >, dataPackage32<float>, 4>' (modules/calc/calc.cpp:14).
INFO: [XFORM 203-502] Unrolling all sub-loops inside loop 'Blocks_Loop' (modules/I_calc/I_calc.cpp:65) in function 'I_calc' for pipelining.
INFO: [XFORM 203-502] Unrolling all loops for pipelining in function 'F_calculation<dataPackage<float, 4>, hls::stream<dataPackage<float, 4> >, dataPackage32<float>, 4>' (modules/calc/calc.cpp:22).
INFO: [XFORM 203-502] Unrolling all sub-loops inside loop 'Loop-1.1' (modules/V_read/V_read.cpp:78) in function 'writeV2calc' for pipelining.
INFO: [XFORM 203-502] Unrolling all loops for pipelining in function 'readVoltages<dataPackage<float, 4>, hls::stream<dataPackage<float, 4> >, 4u, 27>' (modules/V_read/V_read.cpp:32:53).
WARNING: [XFORM 203-561] Updating loop upper bound from 2500 to 2499 for loop 'Loop-0-0' (modules/V_read/V_read.cpp:18:1) in function 'indexGeneration<idxArray<4u>, hls::stream<idxArray<4u> >, 27>'.
WARNING: [XFORM 203-561] Updating loop upper bound from 2500 to 2499 for loop 'Blocks_Loop' (modules/I_calc/I_calc.cpp:66:1) in function 'I_calc'.
INFO: [HLS 200-489] Unrolling loop 'init_Loop' (modules/I_calc/I_calc.cpp:5) in function 'initIacc<dataPackage<float, 4> >' completely with a factor of 4.
INFO: [HLS 200-489] Unrolling loop 'Loop-1' (modules/acc/acc.cpp:21) in function 'accumulation<dataPackage<float, 4>, float, 4>' completely with a factor of 4.
INFO: [HLS 200-489] Unrolling loop 'Loop-1.1.1' (modules/acc/acc.cpp:75) in function 'acc' completely with a factor of 4.
INFO: [HLS 200-489] Unrolling loop 'Loop-1' (modules/calc/calc.cpp:15) in function 'V_calculation<dataPackage<float, 4>, hls::stream<dataPackage<float, 4> >, dataPackage32<float>, 4>' completely with a factor of 4.
INFO: [HLS 200-489] Unrolling loop 'Loop-1.1.1' (modules/I_calc/I_calc.cpp:21) in function 'I_calc' completely with a factor of 4.
INFO: [HLS 200-489] Unrolling loop 'Loop-1' (modules/calc/calc.cpp:23) in function 'F_calculation<dataPackage<float, 4>, hls::stream<dataPackage<float, 4> >, dataPackage32<float>, 4>' completely with a factor of 4.
INFO: [HLS 200-489] Unrolling loop 'Loop-1.1.1' (modules/V_read/V_read.hpp:25) in function 'writeV2calc' completely with a factor of 4.
INFO: [HLS 200-489] Unrolling loop 'Loop-1.1.2' (modules/V_read/V_read.cpp:49) in function 'writeV2calc' completely with a factor of 4.
WARNING: [XFORM 203-503] Cannot unroll loop 'Loop-1' (modules/V_read/V_read.cpp:34) in function 'readVoltages<dataPackage<float, 4>, hls::stream<dataPackage<float, 4> >, 4u, 27>' completely: variable loop bound.
INFO: [HLS 200-489] Unrolling loop 'Loop-1.1' (modules/V_read/V_read.cpp:37) in function 'readVoltages<dataPackage<float, 4>, hls::stream<dataPackage<float, 4> >, 4u, 27>' completely with a factor of 4.
INFO: [XFORM 203-102] Partitioning array 'newData.data' (modules/V_read/V_read.cpp:46) automatically.
INFO: [XFORM 203-102] Partitioning array 'idx.data.V' (modules/V_read/V_read.cpp:47) automatically.
INFO: [XFORM 203-102] Partitioning array 'Vj.data' (modules/calc/calc.cpp:32) automatically.
INFO: [XFORM 203-102] Partitioning array 'V_calc.data' (modules/calc/calc.cpp:33) automatically.
INFO: [XFORM 203-102] Partitioning array 'F_calc.data' (modules/calc/calc.cpp:34) automatically.
INFO: [XFORM 203-102] Partitioning array 'accArray.data' (modules/acc/acc.cpp:17) automatically.
INFO: [XFORM 203-102] Partitioning array 'F_vector.data' (modules/acc/acc.cpp:54) automatically.
INFO: [XFORM 203-102] Partitioning array 'V_vector.data' (modules/acc/acc.cpp:55) automatically.
INFO: [XFORM 203-102] Partitioning array 'f_acc' (modules/acc/acc.cpp:59) automatically.
INFO: [XFORM 203-102] Partitioning array 'v_acc' (modules/acc/acc.cpp:60) automatically.
INFO: [XFORM 203-102] Partitioning array 'newFdata.data' (modules/acc/acc.cpp:65) automatically.
INFO: [XFORM 203-102] Partitioning array 'newVdata.data' (modules/acc/acc.cpp:66) automatically.
INFO: [XFORM 203-102] Partitioning array 'F_acc_read.data' (modules/I_calc/I_calc.cpp:51) automatically.
INFO: [XFORM 203-102] Partitioning array 'V_acc_read.data' (modules/I_calc/I_calc.cpp:52) automatically.
INFO: [XFORM 203-102] Automatically partitioning streamed array 'processedData.V.data' .
INFO: [XFORM 203-102] Automatically partitioning streamed array 'Vj_idx.V.data.V' .
INFO: [XFORM 203-102] Automatically partitioning streamed array 'Vi_idx.V.data.V' .
INFO: [XFORM 203-102] Automatically partitioning streamed array 'V_data.V.data' .
INFO: [XFORM 203-102] Automatically partitioning streamed array 'V_acc.V.data' .
INFO: [XFORM 203-102] Automatically partitioning streamed array 'V.V.data' .
INFO: [XFORM 203-102] Automatically partitioning streamed array 'F_acc.V.data' .
INFO: [XFORM 203-102] Automatically partitioning streamed array 'F.V.data' .
INFO: [XFORM 203-101] Partitioning array 'processedData.V.data' in dimension 1 completely.
INFO: [XFORM 203-101] Partitioning array 'Vj_idx.V.data.V' in dimension 1 completely.
INFO: [XFORM 203-101] Partitioning array 'Vi_idx.V.data.V' in dimension 1 completely.
INFO: [XFORM 203-101] Partitioning array 'V_data.V.data' in dimension 1 completely.
INFO: [XFORM 203-101] Partitioning array 'V_acc.V.data' in dimension 1 completely.
INFO: [XFORM 203-101] Partitioning array 'V.V.data' in dimension 1 completely.
INFO: [XFORM 203-101] Partitioning array 'F_acc.V.data' in dimension 1 completely.
INFO: [XFORM 203-101] Partitioning array 'F.V.data' in dimension 1 completely.
INFO: [XFORM 203-602] Inlining function 'getVj<dataPackage<float, 4>, hls::stream<dataPackage<float, 4> > >' into 'calc' (modules/calc/calc.cpp:43) automatically.
INFO: [XFORM 203-602] Inlining function 'getVi<dataPackage32<float>, hls::stream<dataPackage32<float> > >' into 'calc' (modules/calc/calc.cpp:44) automatically.
INFO: [XFORM 203-602] Inlining function 'V_calculation<dataPackage<float, 4>, hls::stream<dataPackage<float, 4> >, dataPackage32<float>, 4>' into 'calc' (modules/calc/calc.cpp:45) automatically.
INFO: [XFORM 203-602] Inlining function 'F_calculation<dataPackage<float, 4>, hls::stream<dataPackage<float, 4> >, dataPackage32<float>, 4>' into 'calc' (modules/calc/calc.cpp:46) automatically.
INFO: [XFORM 203-602] Inlining function 'accumulation<dataPackage<float, 4>, float, 4>' into 'acc' (modules/acc/acc.cpp:77) automatically.
INFO: [XFORM 203-602] Inlining function 'write<dataPackage<float, 4>, hls::stream<dataPackage<float, 4> >, float>' into 'acc' (modules/acc/acc.cpp:81) automatically.
INFO: [XFORM 203-602] Inlining function 'tlastAssign<dataPackage32<float>, 14>' into 'getTotalCurrent<dataPackage32<float>, hls::stream<dataPackage32<float> >, dataPackage<float, 4>, 14>' (modules/I_calc/I_calc.cpp:44) automatically.
INFO: [XFORM 203-602] Inlining function 'initIacc<dataPackage<float, 4> >' into 'I_calc' (modules/I_calc/I_calc.cpp:62) automatically.
WARNING: [XFORM 203-713] All the elements of global array 'voltagesBackup.i.i' should be updated in process function 'readVoltages<dataPackage<float, 4>, hls::stream<dataPackage<float, 4> >, 4u, 27>', otherwise it may not be synthesized correctly.
INFO: [XFORM 203-712] Applying dataflow to function 'V_read', detected/extracted 4 process function(s): 
	 'V_read.entry169179'
	 'readVoltages<dataPackage<float, 4>, hls::stream<dataPackage<float, 4> >, 4u, 27>'
	 'indexGeneration<idxArray<4u>, hls::stream<idxArray<4u> >, 27>'
	 'writeV2calc'.
INFO: [XFORM 203-712] Applying dataflow to function 'execute', detected/extracted 5 process function(s): 
	 'blockControl173'
	 'V_read'
	 'calc'
	 'acc'
	 'I_calc'.
INFO: [XFORM 203-401] Performing if-conversion on hyperblock in function 'getTotalCurrent<dataPackage32<float>, hls::stream<dataPackage32<float> >, dataPackage<float, 4>, 14>'... converting 3 basic blocks.
INFO: [HLS 200-111] Finished Pre-synthesis Time (s): cpu = 00:01:22 ; elapsed = 00:01:17 . Memory (MB): peak = 564.832 ; gain = 128.684 ; free physical = 2166 ; free virtual = 6370
WARNING: [XFORM 203-542] Cannot flatten a loop nest 'Loop-1' (modules/V_read/V_read.cpp:70:34) in function 'writeV2calc' : 

the outer loop is not a perfect loop.
INFO: [XFORM 203-541] Flattening a loop nest 'Loop-1' (modules/calc/calc.cpp:37:39) in function 'calc'.
INFO: [XFORM 203-541] Flattening a loop nest 'Loop-1' (modules/acc/acc.cpp:69:32) in function 'acc'.
WARNING: [XFORM 203-542] Cannot flatten a loop nest 'RowOfBlocks_Loop' (modules/I_calc/I_calc.cpp:58:102) in function 'I_calc' : 

more than one sub loop.
WARNING: [XFORM 203-631] Renaming function 'readVoltages<dataPackage<float, 4>, hls::stream<dataPackage<float, 4> >, 4u, 27>' to 'readVoltages' (modules/V_read/V_read.cpp:33:42)
WARNING: [XFORM 203-631] Renaming function 'readCalcData<dataPackage<float, 4>, hls::stream<dataPackage<float, 4> > >' to 'readCalcData' (modules/acc/acc.cpp:7:1)
WARNING: [XFORM 203-631] Renaming function 'indexGeneration<idxArray<4u>, hls::stream<idxArray<4u> >, 27>' to 'indexGeneration' (modules/V_read/V_read.cpp:6:9)
WARNING: [XFORM 203-631] Renaming function 'getVoltages<dataPackage<float, 2>, dataPackage<float, 4>, 27, 4>' to 'getVoltages' (modules/blockControl/blockControl.cpp:17:49)
WARNING: [XFORM 203-631] Renaming function 'getTotalCurrent<dataPackage32<float>, hls::stream<dataPackage32<float> >, dataPackage<float, 4>, 14>' to 'getTotalCurrent' (modules/I_calc/I_calc.cpp:34:9)
INFO: [HLS 200-111] Finished Architecture Synthesis Time (s): cpu = 00:01:24 ; elapsed = 00:01:19 . Memory (MB): peak = 628.148 ; gain = 192.000 ; free physical = 2047 ; free virtual = 6251
INFO: [HLS 200-10] Starting hardware synthesis ...
INFO: [HLS 200-10] Synthesizing 'GapJunctionIP' ...
WARNING: [SYN 201-103] Legalizing function name 'V_read.entry169179' to 'V_read_entry169179'.
INFO: [HLS 200-10] ----------------------------------------------------------------
INFO: [HLS 200-42] -- Implementing module 'getVoltages' 
INFO: [HLS 200-10] ----------------------------------------------------------------
INFO: [SCHED 204-11] Starting scheduling ...
INFO: [SCHED 204-11] Finished scheduling.
INFO: [HLS 200-111]  Elapsed time: 78.77 seconds; current allocated memory: 241.382 MB.
INFO: [HLS 200-434] Only 0 loops out of a total 1 loops have been pipelined in this design.
INFO: [BIND 205-100] Starting micro-architecture generation ...
INFO: [BIND 205-101] Performing variable lifetime analysis.
INFO: [BIND 205-101] Exploring resource sharing.
INFO: [BIND 205-101] Binding ...
INFO: [BIND 205-100] Finished micro-architecture generation.
INFO: [HLS 200-111]  Elapsed time: 0.02 seconds; current allocated memory: 241.553 MB.
INFO: [HLS 200-10] ----------------------------------------------------------------
INFO: [HLS 200-42] -- Implementing module 'blockControl173' 
INFO: [HLS 200-10] ----------------------------------------------------------------
INFO: [SCHED 204-11] Starting scheduling ...
INFO: [SCHED 204-11] Finished scheduling.
INFO: [HLS 200-111]  Elapsed time: 0.09 seconds; current allocated memory: 241.646 MB.
INFO: [BIND 205-100] Starting micro-architecture generation ...
INFO: [BIND 205-101] Performing variable lifetime analysis.
INFO: [BIND 205-101] Exploring resource sharing.
INFO: [BIND 205-101] Binding ...
INFO: [BIND 205-100] Finished micro-architecture generation.
INFO: [HLS 200-111]  Elapsed time: 0.02 seconds; current allocated memory: 241.881 MB.
INFO: [HLS 200-10] ----------------------------------------------------------------
INFO: [HLS 200-42] -- Implementing module 'V_read_entry169179' 
INFO: [HLS 200-10] ----------------------------------------------------------------
INFO: [SCHED 204-11] Starting scheduling ...
INFO: [SCHED 204-11] Finished scheduling.
INFO: [HLS 200-111]  Elapsed time: 0.19 seconds; current allocated memory: 241.965 MB.
INFO: [BIND 205-100] Starting micro-architecture generation ...
INFO: [BIND 205-101] Performing variable lifetime analysis.
INFO: [BIND 205-101] Exploring resource sharing.
INFO: [BIND 205-101] Binding ...
INFO: [BIND 205-100] Finished micro-architecture generation.
INFO: [HLS 200-111]  Elapsed time: 0.02 seconds; current allocated memory: 242.235 MB.
INFO: [HLS 200-10] ----------------------------------------------------------------
INFO: [HLS 200-42] -- Implementing module 'readVoltages' 
INFO: [HLS 200-10] ----------------------------------------------------------------
INFO: [SCHED 204-11] Starting scheduling ...
WARNING: [SCHED 204-65] Unable to satisfy pipeline directive: Function contains subloop(s) not being unrolled.
INFO: [SCHED 204-11] Finished scheduling.
INFO: [HLS 200-111]  Elapsed time: 0.05 seconds; current allocated memory: 242.371 MB.
INFO: [BIND 205-100] Starting micro-architecture generation ...
INFO: [BIND 205-101] Performing variable lifetime analysis.
INFO: [BIND 205-101] Exploring resource sharing.
INFO: [BIND 205-101] Binding ...
INFO: [BIND 205-100] Finished micro-architecture generation.
INFO: [HLS 200-111]  Elapsed time: 0.03 seconds; current allocated memory: 242.596 MB.
INFO: [HLS 200-10] ----------------------------------------------------------------
INFO: [HLS 200-42] -- Implementing module 'indexGeneration' 
INFO: [HLS 200-10] ----------------------------------------------------------------
INFO: [SCHED 204-11] Starting scheduling ...
INFO: [SCHED 204-11] Finished scheduling.
INFO: [HLS 200-111]  Elapsed time: 0.12 seconds; current allocated memory: 242.768 MB.
INFO: [BIND 205-100] Starting micro-architecture generation ...
INFO: [BIND 205-101] Performing variable lifetime analysis.
INFO: [BIND 205-101] Exploring resource sharing.
INFO: [BIND 205-101] Binding ...
INFO: [BIND 205-100] Finished micro-architecture generation.
INFO: [HLS 200-111]  Elapsed time: 0.03 seconds; current allocated memory: 243.059 MB.
INFO: [HLS 200-10] ----------------------------------------------------------------
INFO: [HLS 200-42] -- Implementing module 'writeV2calc' 
INFO: [HLS 200-10] ----------------------------------------------------------------
INFO: [SCHED 204-11] Starting scheduling ...
INFO: [SCHED 204-61] Pipelining loop 'Loop 1.1'.
WARNING: [SCHED 204-68] The II Violation in module 'writeV2calc': Unable to enforce a carried dependence constraint (II = 1, distance = 1, offset = 1)
   between fifo write on port 'fixedData_V_data' (modules/V_read/V_read.cpp:81) and fifo write on port 'fixedData_V_data' (modules/V_read/V_read.cpp:80).
WARNING: [SCHED 204-68] The II Violation in module 'writeV2calc': Unable to enforce a carried dependence constraint (II = 2, distance = 1, offset = 1)
   between fifo write on port 'fixedData_V_data' (modules/V_read/V_read.cpp:82) and fifo write on port 'fixedData_V_data' (modules/V_read/V_read.cpp:80).
WARNING: [SCHED 204-68] The II Violation in module 'writeV2calc': Unable to enforce a carried dependence constraint (II = 3, distance = 1, offset = 1)
   between fifo write on port 'fixedData_V_data' (modules/V_read/V_read.cpp:83) and fifo write on port 'fixedData_V_data' (modules/V_read/V_read.cpp:80).
INFO: [SCHED 204-61] Pipelining result : Target II = 1, Final II = 4, Depth = 9.
INFO: [SCHED 204-11] Finished scheduling.
INFO: [HLS 200-111]  Elapsed time: 0.25 seconds; current allocated memory: 243.318 MB.
INFO: [BIND 205-100] Starting micro-architecture generation ...
INFO: [BIND 205-101] Performing variable lifetime analysis.
INFO: [BIND 205-101] Exploring resource sharing.
INFO: [BIND 205-101] Binding ...
INFO: [BIND 205-100] Finished micro-architecture generation.
INFO: [HLS 200-111]  Elapsed time: 0.08 seconds; current allocated memory: 243.832 MB.
INFO: [HLS 200-10] ----------------------------------------------------------------
INFO: [HLS 200-42] -- Implementing module 'V_read' 
INFO: [HLS 200-10] ----------------------------------------------------------------
INFO: [SCHED 204-11] Starting scheduling ...
INFO: [SCHED 204-11] Finished scheduling.
INFO: [HLS 200-111]  Elapsed time: 0.08 seconds; current allocated memory: 243.958 MB.
INFO: [BIND 205-100] Starting micro-architecture generation ...
INFO: [BIND 205-101] Performing variable lifetime analysis.
INFO: [BIND 205-101] Exploring resource sharing.
INFO: [BIND 205-101] Binding ...
INFO: [BIND 205-100] Finished micro-architecture generation.
INFO: [HLS 200-111]  Elapsed time: 0.06 seconds; current allocated memory: 244.469 MB.
INFO: [HLS 200-10] ----------------------------------------------------------------
INFO: [HLS 200-42] -- Implementing module 'calc' 
INFO: [HLS 200-10] ----------------------------------------------------------------
INFO: [SCHED 204-11] Starting scheduling ...
INFO: [SCHED 204-61] Pipelining loop 'Loop 1'.
INFO: [SCHED 204-61] Pipelining result : Target II = 2, Final II = 2, Depth = 45.
INFO: [SCHED 204-11] Finished scheduling.
INFO: [HLS 200-111]  Elapsed time: 0.32 seconds; current allocated memory: 245.225 MB.
INFO: [BIND 205-100] Starting micro-architecture generation ...
INFO: [BIND 205-101] Performing variable lifetime analysis.
INFO: [BIND 205-101] Exploring resource sharing.
INFO: [BIND 205-101] Binding ...
INFO: [BIND 205-100] Finished micro-architecture generation.
INFO: [HLS 200-111]  Elapsed time: 0.26 seconds; current allocated memory: 246.105 MB.
INFO: [HLS 200-10] ----------------------------------------------------------------
INFO: [HLS 200-42] -- Implementing module 'readCalcData' 
INFO: [HLS 200-10] ----------------------------------------------------------------
INFO: [SCHED 204-11] Starting scheduling ...
INFO: [SCHED 204-61] Pipelining function 'readCalcData'.
INFO: [SCHED 204-61] Pipelining result : Target II = 2, Final II = 1, Depth = 1.
INFO: [SCHED 204-11] Finished scheduling.
INFO: [HLS 200-111]  Elapsed time: 0.23 seconds; current allocated memory: 246.225 MB.
INFO: [BIND 205-100] Starting micro-architecture generation ...
INFO: [BIND 205-101] Performing variable lifetime analysis.
INFO: [BIND 205-101] Exploring resource sharing.
INFO: [BIND 205-101] Binding ...
INFO: [BIND 205-100] Finished micro-architecture generation.
INFO: [HLS 200-111]  Elapsed time: 0.02 seconds; current allocated memory: 246.364 MB.
INFO: [HLS 200-10] ----------------------------------------------------------------
INFO: [HLS 200-42] -- Implementing module 'acc' 
INFO: [HLS 200-10] ----------------------------------------------------------------
INFO: [SCHED 204-11] Starting scheduling ...
INFO: [SCHED 204-61] Pipelining loop 'Loop 1'.
INFO: [SCHED 204-61] Pipelining result : Target II = 8, Final II = 8, Depth = 26.
INFO: [SCHED 204-11] Finished scheduling.
INFO: [HLS 200-111]  Elapsed time: 0.25 seconds; current allocated memory: 246.828 MB.
INFO: [BIND 205-100] Starting micro-architecture generation ...
INFO: [BIND 205-101] Performing variable lifetime analysis.
INFO: [BIND 205-101] Exploring resource sharing.
INFO: [BIND 205-101] Binding ...
INFO: [BIND 205-100] Finished micro-architecture generation.
INFO: [HLS 200-111]  Elapsed time: 0.23 seconds; current allocated memory: 247.824 MB.
INFO: [HLS 200-10] ----------------------------------------------------------------
INFO: [HLS 200-42] -- Implementing module 'getTotalCurrent' 
INFO: [HLS 200-10] ----------------------------------------------------------------
INFO: [SCHED 204-11] Starting scheduling ...
INFO: [SCHED 204-11] Finished scheduling.
INFO: [HLS 200-111]  Elapsed time: 0.23 seconds; current allocated memory: 248.137 MB.
INFO: [BIND 205-100] Starting micro-architecture generation ...
INFO: [BIND 205-101] Performing variable lifetime analysis.
INFO: [BIND 205-101] Exploring resource sharing.
INFO: [BIND 205-101] Binding ...
INFO: [BIND 205-100] Finished micro-architecture generation.
INFO: [HLS 200-111]  Elapsed time: 0.05 seconds; current allocated memory: 248.351 MB.
INFO: [HLS 200-10] ----------------------------------------------------------------
INFO: [HLS 200-42] -- Implementing module 'I_calc' 
INFO: [HLS 200-10] ----------------------------------------------------------------
INFO: [SCHED 204-11] Starting scheduling ...
INFO: [SCHED 204-61] Pipelining loop 'Blocks_Loop'.
WARNING: [SCHED 204-68] Unable to enforce a carried constraint (II = 1)
   between 'fadd' operation ('tmp_51_3_i_i', modules/I_calc/I_calc.cpp:24->modules/I_calc/I_calc.cpp:68) and 'fadd' operation ('tmp_51_3_i_i', modules/I_calc/I_calc.cpp:24->modules/I_calc/I_calc.cpp:68).
WARNING: [SCHED 204-68] Unable to enforce a carried constraint (II = 2)
   between 'fadd' operation ('tmp_51_3_i_i', modules/I_calc/I_calc.cpp:24->modules/I_calc/I_calc.cpp:68) and 'fadd' operation ('tmp_51_3_i_i', modules/I_calc/I_calc.cpp:24->modules/I_calc/I_calc.cpp:68).
WARNING: [SCHED 204-68] Unable to enforce a carried constraint (II = 3)
   between 'fadd' operation ('tmp_51_3_i_i', modules/I_calc/I_calc.cpp:24->modules/I_calc/I_calc.cpp:68) and 'fadd' operation ('tmp_51_3_i_i', modules/I_calc/I_calc.cpp:24->modules/I_calc/I_calc.cpp:68).
WARNING: [SCHED 204-68] Unable to enforce a carried constraint (II = 4)
   between 'fadd' operation ('tmp_51_3_i_i', modules/I_calc/I_calc.cpp:24->modules/I_calc/I_calc.cpp:68) and 'fadd' operation ('tmp_51_3_i_i', modules/I_calc/I_calc.cpp:24->modules/I_calc/I_calc.cpp:68).
WARNING: [SCHED 204-68] Unable to enforce a carried constraint (II = 7)
   between 'fadd' operation ('tmp_51_3_i_i', modules/I_calc/I_calc.cpp:24->modules/I_calc/I_calc.cpp:68) and 'fadd' operation ('tmp_51_3_i_i', modules/I_calc/I_calc.cpp:24->modules/I_calc/I_calc.cpp:68).
INFO: [SCHED 204-61] Pipelining result : Target II = 1, Final II = 8, Depth = 18.
INFO: [SCHED 204-11] Finished scheduling.
INFO: [HLS 200-111]  Elapsed time: 0.23 seconds; current allocated memory: 248.723 MB.
INFO: [BIND 205-100] Starting micro-architecture generation ...
INFO: [BIND 205-101] Performing variable lifetime analysis.
INFO: [BIND 205-101] Exploring resource sharing.
INFO: [BIND 205-101] Binding ...
INFO: [BIND 205-100] Finished micro-architecture generation.
INFO: [HLS 200-111]  Elapsed time: 0.17 seconds; current allocated memory: 249.384 MB.
INFO: [HLS 200-10] ----------------------------------------------------------------
INFO: [HLS 200-42] -- Implementing module 'execute' 
INFO: [HLS 200-10] ----------------------------------------------------------------
INFO: [SCHED 204-11] Starting scheduling ...
INFO: [SCHED 204-11] Finished scheduling.
INFO: [HLS 200-111]  Elapsed time: 0.17 seconds; current allocated memory: 249.600 MB.
INFO: [BIND 205-100] Starting micro-architecture generation ...
INFO: [BIND 205-101] Performing variable lifetime analysis.
INFO: [BIND 205-101] Exploring resource sharing.
INFO: [BIND 205-101] Binding ...
INFO: [BIND 205-100] Finished micro-architecture generation.
INFO: [HLS 200-111]  Elapsed time: 0.25 seconds; current allocated memory: 250.326 MB.
INFO: [HLS 200-10] ----------------------------------------------------------------
INFO: [HLS 200-42] -- Implementing module 'GapJunctionIP' 
INFO: [HLS 200-10] ----------------------------------------------------------------
INFO: [SCHED 204-11] Starting scheduling ...
INFO: [SCHED 204-11] Finished scheduling.
INFO: [HLS 200-111]  Elapsed time: 0.23 seconds; current allocated memory: 250.495 MB.
INFO: [BIND 205-100] Starting micro-architecture generation ...
INFO: [BIND 205-101] Performing variable lifetime analysis.
INFO: [BIND 205-101] Exploring resource sharing.
INFO: [BIND 205-101] Binding ...
INFO: [BIND 205-100] Finished micro-architecture generation.
INFO: [HLS 200-111]  Elapsed time: 0.1 seconds; current allocated memory: 250.959 MB.
INFO: [HLS 200-10] ----------------------------------------------------------------
INFO: [HLS 200-10] -- Generating RTL for module 'getVoltages' 
INFO: [HLS 200-10] ----------------------------------------------------------------
INFO: [RTGEN 206-100] Finished creating RTL model for 'getVoltages'.
INFO: [HLS 200-111]  Elapsed time: 0.22 seconds; current allocated memory: 251.233 MB.
INFO: [HLS 200-10] ----------------------------------------------------------------
INFO: [HLS 200-10] -- Generating RTL for module 'blockControl173' 
INFO: [HLS 200-10] ----------------------------------------------------------------
INFO: [RTGEN 206-100] Finished creating RTL model for 'blockControl173'.
INFO: [HLS 200-111]  Elapsed time: 0.06 seconds; current allocated memory: 252.018 MB.
INFO: [HLS 200-10] ----------------------------------------------------------------
INFO: [HLS 200-10] -- Generating RTL for module 'V_read_entry169179' 
INFO: [HLS 200-10] ----------------------------------------------------------------
INFO: [RTGEN 206-100] Finished creating RTL model for 'V_read_entry169179'.
INFO: [HLS 200-111]  Elapsed time: 0.06 seconds; current allocated memory: 252.585 MB.
INFO: [HLS 200-10] ----------------------------------------------------------------
INFO: [HLS 200-10] -- Generating RTL for module 'readVoltages' 
INFO: [HLS 200-10] ----------------------------------------------------------------
INFO: [RTGEN 206-100] Finished creating RTL model for 'readVoltages'.
INFO: [HLS 200-111]  Elapsed time: 0.06 seconds; current allocated memory: 253.215 MB.
INFO: [HLS 200-10] ----------------------------------------------------------------
INFO: [HLS 200-10] -- Generating RTL for module 'indexGeneration' 
INFO: [HLS 200-10] ----------------------------------------------------------------
INFO: [RTGEN 206-100] Finished creating RTL model for 'indexGeneration'.
INFO: [HLS 200-111]  Elapsed time: 0.09 seconds; current allocated memory: 254.106 MB.
INFO: [HLS 200-10] ----------------------------------------------------------------
INFO: [HLS 200-10] -- Generating RTL for module 'writeV2calc' 
INFO: [HLS 200-10] ----------------------------------------------------------------
INFO: [RTGEN 206-100] Finished creating RTL model for 'writeV2calc'.
INFO: [HLS 200-111]  Elapsed time: 0.13 seconds; current allocated memory: 255.550 MB.
INFO: [HLS 200-10] ----------------------------------------------------------------
INFO: [HLS 200-10] -- Generating RTL for module 'V_read' 
INFO: [HLS 200-10] ----------------------------------------------------------------
INFO: [RTGEN 206-100] Finished creating RTL model for 'V_read'.
INFO: [HLS 200-111]  Elapsed time: 0.22 seconds; current allocated memory: 257.925 MB.
INFO: [HLS 200-10] ----------------------------------------------------------------
INFO: [HLS 200-10] -- Generating RTL for module 'calc' 
INFO: [HLS 200-10] ----------------------------------------------------------------
INFO: [RTGEN 206-100] Generating core module 'GapJunctionIP_fexp_32ns_32ns_32_18_full_dsp_1': 2 instance(s).
INFO: [RTGEN 206-100] Generating core module 'GapJunctionIP_fmul_32ns_32ns_32_5_max_dsp_1': 6 instance(s).
INFO: [RTGEN 206-100] Generating core module 'GapJunctionIP_fsub_32ns_32ns_32_8_full_dsp_1': 2 instance(s).
INFO: [RTGEN 206-100] Generating core module 'GapJunctionIP_mul_27ns_29ns_56_5_1': 1 instance(s).
INFO: [RTGEN 206-100] Finished creating RTL model for 'calc'.
INFO: [HLS 200-111]  Elapsed time: 0.26 seconds; current allocated memory: 260.000 MB.
INFO: [HLS 200-10] ----------------------------------------------------------------
INFO: [HLS 200-10] -- Generating RTL for module 'readCalcData' 
INFO: [HLS 200-10] ----------------------------------------------------------------
INFO: [RTGEN 206-100] Finished creating RTL model for 'readCalcData'.
INFO: [HLS 200-111]  Elapsed time: 0.39 seconds; current allocated memory: 261.885 MB.
INFO: [HLS 200-10] ----------------------------------------------------------------
INFO: [HLS 200-10] -- Generating RTL for module 'acc' 
INFO: [HLS 200-10] ----------------------------------------------------------------
INFO: [RTGEN 206-100] Generating core module 'GapJunctionIP_fadd_32ns_32ns_32_8_full_dsp_1': 3 instance(s).
INFO: [RTGEN 206-100] Generating core module 'GapJunctionIP_mul_27ns_27ns_54_7_1': 1 instance(s).
INFO: [RTGEN 206-100] Finished creating RTL model for 'acc'.
INFO: [HLS 200-111]  Elapsed time: 0.12 seconds; current allocated memory: 263.597 MB.
INFO: [HLS 200-10] ----------------------------------------------------------------
INFO: [HLS 200-10] -- Generating RTL for module 'getTotalCurrent' 
INFO: [HLS 200-10] ----------------------------------------------------------------
INFO: [RTGEN 206-100] Generating core module 'GapJunctionIP_dadd_64ns_64ns_64_9_full_dsp_1': 1 instance(s).
INFO: [RTGEN 206-100] Generating core module 'GapJunctionIP_dmul_64ns_64ns_64_10_max_dsp_1': 2 instance(s).
INFO: [RTGEN 206-100] Generating core module 'GapJunctionIP_fpext_32ns_64_1_1': 2 instance(s).
INFO: [RTGEN 206-100] Generating core module 'GapJunctionIP_fptrunc_64ns_32_2_1': 1 instance(s).
INFO: [RTGEN 206-100] Finished creating RTL model for 'getTotalCurrent'.
INFO: [HLS 200-111]  Elapsed time: 0.36 seconds; current allocated memory: 265.791 MB.
INFO: [HLS 200-10] ----------------------------------------------------------------
INFO: [HLS 200-10] -- Generating RTL for module 'I_calc' 
INFO: [HLS 200-10] ----------------------------------------------------------------
INFO: [RTGEN 206-100] Generating core module 'GapJunctionIP_fadd_32ns_32ns_32_8_full_dsp_1': 1 instance(s).
INFO: [RTGEN 206-100] Finished creating RTL model for 'I_calc'.
INFO: [HLS 200-111]  Elapsed time: 0.18 seconds; current allocated memory: 267.343 MB.
INFO: [HLS 200-10] ----------------------------------------------------------------
INFO: [HLS 200-10] -- Generating RTL for module 'execute' 
INFO: [HLS 200-10] ----------------------------------------------------------------
WARNING: [RTGEN 206-101] RTL name 'fifo_w27_d2_A' is changed to 'fifo_w27_d2_A_x' due to conflict.
INFO: [RTGEN 206-100] Finished creating RTL model for 'execute'.
INFO: [HLS 200-111]  Elapsed time: 0.41 seconds; current allocated memory: 270.535 MB.
