#-----------------------------------------------------------
# Vivado v2018.3 (64-bit)
# SW Build 2405991 on Thu Dec  6 23:36:41 MST 2018
# IP Build 2404404 on Fri Dec  7 01:43:56 MST 2018
# Start of session at: Sat May 15 00:03:58 2021
# Process ID: 30272
# Current directory: /home/carlositcr/InterfacesZynq/GapJuntion/hls/hls_GapJuntion/hls_gapjuntion_prj/solution1/.autopilot/db/ip_tmp
# Command line: vivado  -notrace -mode batch -source run_vivado_gen_ip.tcl
# Log file: /home/carlositcr/InterfacesZynq/GapJuntion/hls/hls_GapJuntion/hls_gapjuntion_prj/solution1/.autopilot/db/ip_tmp/vivado.log
# Journal file: /home/carlositcr/InterfacesZynq/GapJuntion/hls/hls_GapJuntion/hls_gapjuntion_prj/solution1/.autopilot/db/ip_tmp/vivado.jou
#-----------------------------------------------------------
source run_vivado_gen_ip.tcl -notrace
INFO: [IP_Flow 19-234] Refreshing IP repositories
INFO: [IP_Flow 19-1704] No user IP repositories specified
INFO: [IP_Flow 19-2313] Loaded Vivado IP repository '/tools/Xilinx/Vivado/2018.3/data/ip'.
WARNING: [IP_Flow 19-4832] The IP name 'GapJunctionIP_ap_dadd_7_full_dsp_64' you have specified is long. The Windows operating system has path length limitations. It is recommended you use shorter names to reduce the likelihood of issues.
INFO: [IP_Flow 19-1686] Generating 'Synthesis' target for IP 'GapJunctionIP_ap_dadd_7_full_dsp_64'...
INFO: [IP_Flow 19-1686] Generating 'Simulation' target for IP 'GapJunctionIP_ap_dadd_7_full_dsp_64'...
WARNING: [IP_Flow 19-4832] The IP name 'GapJunctionIP_ap_fadd_6_full_dsp_32' you have specified is long. The Windows operating system has path length limitations. It is recommended you use shorter names to reduce the likelihood of issues.
INFO: [IP_Flow 19-1686] Generating 'Synthesis' target for IP 'GapJunctionIP_ap_fadd_6_full_dsp_32'...
INFO: [IP_Flow 19-1686] Generating 'Simulation' target for IP 'GapJunctionIP_ap_fadd_6_full_dsp_32'...
WARNING: [IP_Flow 19-4832] The IP name 'GapJunctionIP_ap_fsub_6_full_dsp_32' you have specified is long. The Windows operating system has path length limitations. It is recommended you use shorter names to reduce the likelihood of issues.
INFO: [IP_Flow 19-1686] Generating 'Synthesis' target for IP 'GapJunctionIP_ap_fsub_6_full_dsp_32'...
INFO: [IP_Flow 19-1686] Generating 'Simulation' target for IP 'GapJunctionIP_ap_fsub_6_full_dsp_32'...
WARNING: [IP_Flow 19-4832] The IP name 'GapJunctionIP_ap_dmul_8_max_dsp_64' you have specified is long. The Windows operating system has path length limitations. It is recommended you use shorter names to reduce the likelihood of issues.
INFO: [IP_Flow 19-1686] Generating 'Synthesis' target for IP 'GapJunctionIP_ap_dmul_8_max_dsp_64'...
INFO: [IP_Flow 19-1686] Generating 'Simulation' target for IP 'GapJunctionIP_ap_dmul_8_max_dsp_64'...
WARNING: [IP_Flow 19-4832] The IP name 'GapJunctionIP_ap_fpext_0_no_dsp_32' you have specified is long. The Windows operating system has path length limitations. It is recommended you use shorter names to reduce the likelihood of issues.
INFO: [IP_Flow 19-1686] Generating 'Synthesis' target for IP 'GapJunctionIP_ap_fpext_0_no_dsp_32'...
INFO: [IP_Flow 19-1686] Generating 'Simulation' target for IP 'GapJunctionIP_ap_fpext_0_no_dsp_32'...
WARNING: [IP_Flow 19-4832] The IP name 'GapJunctionIP_ap_fmul_3_max_dsp_32' you have specified is long. The Windows operating system has path length limitations. It is recommended you use shorter names to reduce the likelihood of issues.
INFO: [IP_Flow 19-1686] Generating 'Synthesis' target for IP 'GapJunctionIP_ap_fmul_3_max_dsp_32'...
INFO: [IP_Flow 19-1686] Generating 'Simulation' target for IP 'GapJunctionIP_ap_fmul_3_max_dsp_32'...
WARNING: [IP_Flow 19-4832] The IP name 'GapJunctionIP_ap_fexp_16_full_dsp_32' you have specified is long. The Windows operating system has path length limitations. It is recommended you use shorter names to reduce the likelihood of issues.
INFO: [IP_Flow 19-1686] Generating 'Synthesis' target for IP 'GapJunctionIP_ap_fexp_16_full_dsp_32'...
INFO: [IP_Flow 19-1686] Generating 'Simulation' target for IP 'GapJunctionIP_ap_fexp_16_full_dsp_32'...
WARNING: [IP_Flow 19-4832] The IP name 'GapJunctionIP_ap_fptrunc_0_no_dsp_64' you have specified is long. The Windows operating system has path length limitations. It is recommended you use shorter names to reduce the likelihood of issues.
INFO: [IP_Flow 19-1686] Generating 'Synthesis' target for IP 'GapJunctionIP_ap_fptrunc_0_no_dsp_64'...
INFO: [IP_Flow 19-1686] Generating 'Simulation' target for IP 'GapJunctionIP_ap_fptrunc_0_no_dsp_64'...
INFO: [Common 17-206] Exiting Vivado at Sat May 15 00:04:19 2021...
